#
# There is insufficient memory for the Java Runtime Environment to continue.
# Native memory allocation (malloc) failed to allocate 788144 bytes for Chunk::new
# Possible reasons:
#   The system is out of physical RAM or swap space
#   The process is running with CompressedOops enabled, and the Java Heap may be blocking the growth of the native heap
# Possible solutions:
#   Reduce memory load on the system
#   Increase physical memory or swap space
#   Check if swap backing store is full
#   Decrease Java heap size (-Xmx/-Xms)
#   Decrease number of Java threads
#   Decrease Java thread stack sizes (-Xss)
#   Set larger code cache with -XX:ReservedCodeCacheSize=
#   JVM is running with Unscaled Compressed Oops mode in which the Java heap is
#     placed in the first 4GB address space. The Java Heap base address is the
#     maximum limit for the native heap growth. Please use -XX:HeapBaseMinAddress
#     to set the Java Heap base and to place the Java Heap above 4GB virtual address.
# This output file may be truncated or incomplete.
#
#  Out of Memory Error (arena.cpp:189), pid=37520, tid=21796
#
# JRE version: Java(TM) SE Runtime Environment (17.0.8+9) (build 17.0.8+9-LTS-211)
# Java VM: Java HotSpot(TM) 64-Bit Server VM (17.0.8+9-LTS-211, mixed mode, sharing, tiered, compressed oops, compressed class ptrs, g1 gc, windows-amd64)
# No core dump will be written. Minidumps are not enabled by default on client versions of Windows
#

---------------  S U M M A R Y ------------

Command Line: -Dfile.encoding=UTF-8 --module-path=C:\Users\parid\OneDrive\Documents\NetBeansProjects\Travel Management System\build\classes travel.management.system.Contact

Host: 11th Gen Intel(R) Core(TM) i5-1135G7 @ 2.40GHz, 8 cores, 7G,  Windows 11 , 64 bit Build 22621 (10.0.22621.2428)
Time: Tue Nov 14 12:21:34 2023 India Standard Time elapsed time: 0.591758 seconds (0d 0h 0m 0s)

---------------  T H R E A D  ---------------

Current thread (0x00000207343eebd0):  JavaThread "C2 CompilerThread0" daemon [_thread_in_native, id=21796, stack(0x000000717b200000,0x000000717b300000)]


Current CompileTask:
C2:    591  674 % !   4       sun.awt.image.PNGImageDecoder::produceImage @ 960 (1917 bytes)

Stack: [0x000000717b200000,0x000000717b300000]
Native frames: (J=compiled Java code, j=interpreted, Vv=VM code, C=native code)
V  [jvm.dll+0x677d0a]
V  [jvm.dll+0x7d8c54]
V  [jvm.dll+0x7da3fe]
V  [jvm.dll+0x7daa63]
V  [jvm.dll+0x245c5f]
V  [jvm.dll+0xaaa6b]
V  [jvm.dll+0xab00c]
V  [jvm.dll+0x361e8e]
V  [jvm.dll+0x32c551]
V  [jvm.dll+0x32b9ea]
V  [jvm.dll+0x217fff]
V  [jvm.dll+0x217431]
V  [jvm.dll+0x1a3af0]
V  [jvm.dll+0x2270be]
V  [jvm.dll+0x22535b]
V  [jvm.dll+0x78e7bc]
V  [jvm.dll+0x788bba]
V  [jvm.dll+0x676b35]
C  [ucrtbase.dll+0x29363]
C  [KERNEL32.DLL+0x1257d]
C  [ntdll.dll+0x5aa78]


---------------  P R O C E S S  ---------------

Threads class SMR info:
_java_thread_list=0x0000020734920730, length=17, elements={
0x00000207343cba30, 0x00000207343ce3f0, 0x00000207343dd800, 0x00000207343e01c0,
0x00000207343e0b70, 0x00000207343e1520, 0x00000207343eebd0, 0x00000207343ef670,
0x00000207343f0f80, 0x00000207345b9e30, 0x00000207346bec70, 0x000002073482cb80,
0x000002073482d050, 0x00000207348376e0, 0x00000207348f7020, 0x0000020734923620,
0x00000207164c7ec0
}

Java Threads: ( => current thread )
  0x00000207343cba30 JavaThread "Reference Handler" daemon [_thread_blocked, id=4692, stack(0x000000717ac00000,0x000000717ad00000)]
  0x00000207343ce3f0 JavaThread "Finalizer" daemon [_thread_blocked, id=14896, stack(0x000000717ad00000,0x000000717ae00000)]
  0x00000207343dd800 JavaThread "Signal Dispatcher" daemon [_thread_blocked, id=36396, stack(0x000000717ae00000,0x000000717af00000)]
  0x00000207343e01c0 JavaThread "Attach Listener" daemon [_thread_blocked, id=29164, stack(0x000000717af00000,0x000000717b000000)]
  0x00000207343e0b70 JavaThread "Service Thread" daemon [_thread_blocked, id=29280, stack(0x000000717b000000,0x000000717b100000)]
  0x00000207343e1520 JavaThread "Monitor Deflation Thread" daemon [_thread_blocked, id=36360, stack(0x000000717b100000,0x000000717b200000)]
=>0x00000207343eebd0 JavaThread "C2 CompilerThread0" daemon [_thread_in_native, id=21796, stack(0x000000717b200000,0x000000717b300000)]
  0x00000207343ef670 JavaThread "C1 CompilerThread0" daemon [_thread_blocked, id=36656, stack(0x000000717b300000,0x000000717b400000)]
  0x00000207343f0f80 JavaThread "Sweeper thread" daemon [_thread_blocked, id=35328, stack(0x000000717b400000,0x000000717b500000)]
  0x00000207345b9e30 JavaThread "Common-Cleaner" daemon [_thread_blocked, id=36704, stack(0x000000717b500000,0x000000717b600000)]
  0x00000207346bec70 JavaThread "Notification Thread" daemon [_thread_blocked, id=36060, stack(0x000000717b600000,0x000000717b700000)]
  0x000002073482cb80 JavaThread "Java2D Disposer" daemon [_thread_blocked, id=34724, stack(0x000000717b800000,0x000000717b900000)]
  0x000002073482d050 JavaThread "AWT-Shutdown" [_thread_blocked, id=30108, stack(0x000000717b900000,0x000000717ba00000)]
  0x00000207348376e0 JavaThread "AWT-Windows" daemon [_thread_in_native, id=36500, stack(0x000000717ba00000,0x000000717bb00000)]
  0x00000207348f7020 JavaThread "Image Fetcher 0" daemon [_thread_blocked, id=35648, stack(0x000000717bb00000,0x000000717bc00000)]
  0x0000020734923620 JavaThread "AWT-EventQueue-0" [_thread_blocked, id=35372, stack(0x000000717bc00000,0x000000717bd00000)]
  0x00000207164c7ec0 JavaThread "DestroyJavaVM" [_thread_blocked, id=37264, stack(0x000000717a500000,0x000000717a600000)]

Other Threads:
  0x00000207343c7fa0 VMThread "VM Thread" [stack: 0x000000717ab00000,0x000000717ac00000] [id=37664]
  0x000002071653acc0 WatcherThread [stack: 0x000000717b700000,0x000000717b800000] [id=37124]
  0x0000020716520920 GCTaskThread "GC Thread#0" [stack: 0x000000717a600000,0x000000717a700000] [id=37384]
  0x0000020716530ee0 ConcurrentGCThread "G1 Main Marker" [stack: 0x000000717a700000,0x000000717a800000] [id=10764]
  0x00000207165318f0 ConcurrentGCThread "G1 Conc#0" [stack: 0x000000717a800000,0x000000717a900000] [id=37016]
  0x0000020734270090 ConcurrentGCThread "G1 Refine#0" [stack: 0x000000717a900000,0x000000717aa00000] [id=37672]
  0x0000020734271ac0 ConcurrentGCThread "G1 Service" [stack: 0x000000717aa00000,0x000000717ab00000] [id=32712]

Threads with active compile tasks:
C2 CompilerThread0      617  674 % !   4       sun.awt.image.PNGImageDecoder::produceImage @ 960 (1917 bytes)

VM state: not at safepoint (normal execution)

VM Mutex/Monitor currently owned by a thread: None

Heap address: 0x0000000084c00000, size: 1972 MB, Compressed Oops mode: 32-bit

CDS archive(s) mapped at: [0x0000020735000000-0x0000020735bd0000-0x0000020735bd0000), size 12386304, SharedBaseAddress: 0x0000020735000000, ArchiveRelocationMode: 1.
Compressed class space mapped at: 0x0000020736000000-0x0000020776000000, reserved size: 1073741824
Narrow klass base: 0x0000020735000000, Narrow klass shift: 0, Narrow klass range: 0x100000000

GC Precious Log:
 CPUs: 8 total, 8 available
 Memory: 7886M
 Large Page Support: Disabled
 NUMA Support: Disabled
 Compressed Oops: Enabled (32-bit)
 Heap Region Size: 1M
 Heap Min Capacity: 8M
 Heap Initial Capacity: 124M
 Heap Max Capacity: 1972M
 Pre-touch: Disabled
 Parallel Workers: 8
 Concurrent Workers: 2
 Concurrent Refinement Workers: 8
 Periodic GC: Disabled

Heap:
 garbage-first heap   total 126976K, used 15360K [0x0000000084c00000, 0x0000000100000000)
  region size 1024K, 11 young (11264K), 0 survivors (0K)
 Metaspace       used 6668K, committed 6848K, reserved 1114112K
  class space    used 712K, committed 832K, reserved 1048576K

Heap Regions: E=young(eden), S=young(survivor), O=old, HS=humongous(starts), HC=humongous(continues), CS=collection set, F=free, OA=open archive, CA=closed archive, TAMS=top-at-mark-start (previous, next)
|   0|0x0000000084c00000, 0x0000000084d00000, 0x0000000084d00000|100%|HS|  |TAMS 0x0000000084c00000, 0x0000000084c00000| Complete 
|   1|0x0000000084d00000, 0x0000000084e00000, 0x0000000084e00000|100%|HC|  |TAMS 0x0000000084d00000, 0x0000000084d00000| Complete 
|   2|0x0000000084e00000, 0x0000000084f00000, 0x0000000084f00000|100%|HS|  |TAMS 0x0000000084e00000, 0x0000000084e00000| Complete 
|   3|0x0000000084f00000, 0x0000000085000000, 0x0000000085000000|100%|HS|  |TAMS 0x0000000084f00000, 0x0000000084f00000| Complete 
|   4|0x0000000085000000, 0x0000000085100000, 0x0000000085100000|100%|HC|  |TAMS 0x0000000085000000, 0x0000000085000000| Complete 
|   5|0x0000000085100000, 0x0000000085200000, 0x0000000085200000|100%|HC|  |TAMS 0x0000000085100000, 0x0000000085100000| Complete 
|   6|0x0000000085200000, 0x0000000085200000, 0x0000000085300000|  0%| F|  |TAMS 0x0000000085200000, 0x0000000085200000| Untracked 
|   7|0x0000000085300000, 0x0000000085300000, 0x0000000085400000|  0%| F|  |TAMS 0x0000000085300000, 0x0000000085300000| Untracked 
|   8|0x0000000085400000, 0x0000000085400000, 0x0000000085500000|  0%| F|  |TAMS 0x0000000085400000, 0x0000000085400000| Untracked 
|   9|0x0000000085500000, 0x0000000085500000, 0x0000000085600000|  0%| F|  |TAMS 0x0000000085500000, 0x0000000085500000| Untracked 
|  10|0x0000000085600000, 0x0000000085600000, 0x0000000085700000|  0%| F|  |TAMS 0x0000000085600000, 0x0000000085600000| Untracked 
|  11|0x0000000085700000, 0x0000000085700000, 0x0000000085800000|  0%| F|  |TAMS 0x0000000085700000, 0x0000000085700000| Untracked 
|  12|0x0000000085800000, 0x0000000085800000, 0x0000000085900000|  0%| F|  |TAMS 0x0000000085800000, 0x0000000085800000| Untracked 
|  13|0x0000000085900000, 0x0000000085900000, 0x0000000085a00000|  0%| F|  |TAMS 0x0000000085900000, 0x0000000085900000| Untracked 
|  14|0x0000000085a00000, 0x0000000085a00000, 0x0000000085b00000|  0%| F|  |TAMS 0x0000000085a00000, 0x0000000085a00000| Untracked 
|  15|0x0000000085b00000, 0x0000000085b00000, 0x0000000085c00000|  0%| F|  |TAMS 0x0000000085b00000, 0x0000000085b00000| Untracked 
|  16|0x0000000085c00000, 0x0000000085c00000, 0x0000000085d00000|  0%| F|  |TAMS 0x0000000085c00000, 0x0000000085c00000| Untracked 
|  17|0x0000000085d00000, 0x0000000085d00000, 0x0000000085e00000|  0%| F|  |TAMS 0x0000000085d00000, 0x0000000085d00000| Untracked 
|  18|0x0000000085e00000, 0x0000000085e00000, 0x0000000085f00000|  0%| F|  |TAMS 0x0000000085e00000, 0x0000000085e00000| Untracked 
|  19|0x0000000085f00000, 0x0000000085f00000, 0x0000000086000000|  0%| F|  |TAMS 0x0000000085f00000, 0x0000000085f00000| Untracked 
|  20|0x0000000086000000, 0x0000000086000000, 0x0000000086100000|  0%| F|  |TAMS 0x0000000086000000, 0x0000000086000000| Untracked 
|  21|0x0000000086100000, 0x0000000086100000, 0x0000000086200000|  0%| F|  |TAMS 0x0000000086100000, 0x0000000086100000| Untracked 
|  22|0x0000000086200000, 0x0000000086200000, 0x0000000086300000|  0%| F|  |TAMS 0x0000000086200000, 0x0000000086200000| Untracked 
|  23|0x0000000086300000, 0x0000000086300000, 0x0000000086400000|  0%| F|  |TAMS 0x0000000086300000, 0x0000000086300000| Untracked 
|  24|0x0000000086400000, 0x0000000086400000, 0x0000000086500000|  0%| F|  |TAMS 0x0000000086400000, 0x0000000086400000| Untracked 
|  25|0x0000000086500000, 0x0000000086500000, 0x0000000086600000|  0%| F|  |TAMS 0x0000000086500000, 0x0000000086500000| Untracked 
|  26|0x0000000086600000, 0x0000000086600000, 0x0000000086700000|  0%| F|  |TAMS 0x0000000086600000, 0x0000000086600000| Untracked 
|  27|0x0000000086700000, 0x0000000086700000, 0x0000000086800000|  0%| F|  |TAMS 0x0000000086700000, 0x0000000086700000| Untracked 
|  28|0x0000000086800000, 0x0000000086800000, 0x0000000086900000|  0%| F|  |TAMS 0x0000000086800000, 0x0000000086800000| Untracked 
|  29|0x0000000086900000, 0x0000000086900000, 0x0000000086a00000|  0%| F|  |TAMS 0x0000000086900000, 0x0000000086900000| Untracked 
|  30|0x0000000086a00000, 0x0000000086a00000, 0x0000000086b00000|  0%| F|  |TAMS 0x0000000086a00000, 0x0000000086a00000| Untracked 
|  31|0x0000000086b00000, 0x0000000086b00000, 0x0000000086c00000|  0%| F|  |TAMS 0x0000000086b00000, 0x0000000086b00000| Untracked 
|  32|0x0000000086c00000, 0x0000000086c00000, 0x0000000086d00000|  0%| F|  |TAMS 0x0000000086c00000, 0x0000000086c00000| Untracked 
|  33|0x0000000086d00000, 0x0000000086d00000, 0x0000000086e00000|  0%| F|  |TAMS 0x0000000086d00000, 0x0000000086d00000| Untracked 
|  34|0x0000000086e00000, 0x0000000086e00000, 0x0000000086f00000|  0%| F|  |TAMS 0x0000000086e00000, 0x0000000086e00000| Untracked 
|  35|0x0000000086f00000, 0x0000000086f00000, 0x0000000087000000|  0%| F|  |TAMS 0x0000000086f00000, 0x0000000086f00000| Untracked 
|  36|0x0000000087000000, 0x0000000087000000, 0x0000000087100000|  0%| F|  |TAMS 0x0000000087000000, 0x0000000087000000| Untracked 
|  37|0x0000000087100000, 0x0000000087100000, 0x0000000087200000|  0%| F|  |TAMS 0x0000000087100000, 0x0000000087100000| Untracked 
|  38|0x0000000087200000, 0x0000000087200000, 0x0000000087300000|  0%| F|  |TAMS 0x0000000087200000, 0x0000000087200000| Untracked 
|  39|0x0000000087300000, 0x0000000087300000, 0x0000000087400000|  0%| F|  |TAMS 0x0000000087300000, 0x0000000087300000| Untracked 
|  40|0x0000000087400000, 0x0000000087400000, 0x0000000087500000|  0%| F|  |TAMS 0x0000000087400000, 0x0000000087400000| Untracked 
|  41|0x0000000087500000, 0x0000000087500000, 0x0000000087600000|  0%| F|  |TAMS 0x0000000087500000, 0x0000000087500000| Untracked 
|  42|0x0000000087600000, 0x0000000087600000, 0x0000000087700000|  0%| F|  |TAMS 0x0000000087600000, 0x0000000087600000| Untracked 
|  43|0x0000000087700000, 0x0000000087700000, 0x0000000087800000|  0%| F|  |TAMS 0x0000000087700000, 0x0000000087700000| Untracked 
|  44|0x0000000087800000, 0x0000000087800000, 0x0000000087900000|  0%| F|  |TAMS 0x0000000087800000, 0x0000000087800000| Untracked 
|  45|0x0000000087900000, 0x0000000087900000, 0x0000000087a00000|  0%| F|  |TAMS 0x0000000087900000, 0x0000000087900000| Untracked 
|  46|0x0000000087a00000, 0x0000000087a00000, 0x0000000087b00000|  0%| F|  |TAMS 0x0000000087a00000, 0x0000000087a00000| Untracked 
|  47|0x0000000087b00000, 0x0000000087b00000, 0x0000000087c00000|  0%| F|  |TAMS 0x0000000087b00000, 0x0000000087b00000| Untracked 
|  48|0x0000000087c00000, 0x0000000087c00000, 0x0000000087d00000|  0%| F|  |TAMS 0x0000000087c00000, 0x0000000087c00000| Untracked 
|  49|0x0000000087d00000, 0x0000000087d00000, 0x0000000087e00000|  0%| F|  |TAMS 0x0000000087d00000, 0x0000000087d00000| Untracked 
|  50|0x0000000087e00000, 0x0000000087e00000, 0x0000000087f00000|  0%| F|  |TAMS 0x0000000087e00000, 0x0000000087e00000| Untracked 
|  51|0x0000000087f00000, 0x0000000087f00000, 0x0000000088000000|  0%| F|  |TAMS 0x0000000087f00000, 0x0000000087f00000| Untracked 
|  52|0x0000000088000000, 0x0000000088000000, 0x0000000088100000|  0%| F|  |TAMS 0x0000000088000000, 0x0000000088000000| Untracked 
|  53|0x0000000088100000, 0x0000000088100000, 0x0000000088200000|  0%| F|  |TAMS 0x0000000088100000, 0x0000000088100000| Untracked 
|  54|0x0000000088200000, 0x0000000088200000, 0x0000000088300000|  0%| F|  |TAMS 0x0000000088200000, 0x0000000088200000| Untracked 
|  55|0x0000000088300000, 0x0000000088300000, 0x0000000088400000|  0%| F|  |TAMS 0x0000000088300000, 0x0000000088300000| Untracked 
|  56|0x0000000088400000, 0x0000000088400000, 0x0000000088500000|  0%| F|  |TAMS 0x0000000088400000, 0x0000000088400000| Untracked 
|  57|0x0000000088500000, 0x0000000088500000, 0x0000000088600000|  0%| F|  |TAMS 0x0000000088500000, 0x0000000088500000| Untracked 
|  58|0x0000000088600000, 0x0000000088600000, 0x0000000088700000|  0%| F|  |TAMS 0x0000000088600000, 0x0000000088600000| Untracked 
|  59|0x0000000088700000, 0x0000000088700000, 0x0000000088800000|  0%| F|  |TAMS 0x0000000088700000, 0x0000000088700000| Untracked 
|  60|0x0000000088800000, 0x0000000088800000, 0x0000000088900000|  0%| F|  |TAMS 0x0000000088800000, 0x0000000088800000| Untracked 
|  61|0x0000000088900000, 0x0000000088900000, 0x0000000088a00000|  0%| F|  |TAMS 0x0000000088900000, 0x0000000088900000| Untracked 
|  62|0x0000000088a00000, 0x0000000088a00000, 0x0000000088b00000|  0%| F|  |TAMS 0x0000000088a00000, 0x0000000088a00000| Untracked 
|  63|0x0000000088b00000, 0x0000000088b00000, 0x0000000088c00000|  0%| F|  |TAMS 0x0000000088b00000, 0x0000000088b00000| Untracked 
|  64|0x0000000088c00000, 0x0000000088c00000, 0x0000000088d00000|  0%| F|  |TAMS 0x0000000088c00000, 0x0000000088c00000| Untracked 
|  65|0x0000000088d00000, 0x0000000088d00000, 0x0000000088e00000|  0%| F|  |TAMS 0x0000000088d00000, 0x0000000088d00000| Untracked 
|  66|0x0000000088e00000, 0x0000000088e00000, 0x0000000088f00000|  0%| F|  |TAMS 0x0000000088e00000, 0x0000000088e00000| Untracked 
|  67|0x0000000088f00000, 0x0000000088f00000, 0x0000000089000000|  0%| F|  |TAMS 0x0000000088f00000, 0x0000000088f00000| Untracked 
|  68|0x0000000089000000, 0x0000000089000000, 0x0000000089100000|  0%| F|  |TAMS 0x0000000089000000, 0x0000000089000000| Untracked 
|  69|0x0000000089100000, 0x0000000089100000, 0x0000000089200000|  0%| F|  |TAMS 0x0000000089100000, 0x0000000089100000| Untracked 
|  70|0x0000000089200000, 0x0000000089200000, 0x0000000089300000|  0%| F|  |TAMS 0x0000000089200000, 0x0000000089200000| Untracked 
|  71|0x0000000089300000, 0x0000000089300000, 0x0000000089400000|  0%| F|  |TAMS 0x0000000089300000, 0x0000000089300000| Untracked 
|  72|0x0000000089400000, 0x0000000089400000, 0x0000000089500000|  0%| F|  |TAMS 0x0000000089400000, 0x0000000089400000| Untracked 
|  73|0x0000000089500000, 0x0000000089500000, 0x0000000089600000|  0%| F|  |TAMS 0x0000000089500000, 0x0000000089500000| Untracked 
|  74|0x0000000089600000, 0x0000000089600000, 0x0000000089700000|  0%| F|  |TAMS 0x0000000089600000, 0x0000000089600000| Untracked 
|  75|0x0000000089700000, 0x0000000089700000, 0x0000000089800000|  0%| F|  |TAMS 0x0000000089700000, 0x0000000089700000| Untracked 
|  76|0x0000000089800000, 0x0000000089800000, 0x0000000089900000|  0%| F|  |TAMS 0x0000000089800000, 0x0000000089800000| Untracked 
|  77|0x0000000089900000, 0x0000000089900000, 0x0000000089a00000|  0%| F|  |TAMS 0x0000000089900000, 0x0000000089900000| Untracked 
|  78|0x0000000089a00000, 0x0000000089a00000, 0x0000000089b00000|  0%| F|  |TAMS 0x0000000089a00000, 0x0000000089a00000| Untracked 
|  79|0x0000000089b00000, 0x0000000089b00000, 0x0000000089c00000|  0%| F|  |TAMS 0x0000000089b00000, 0x0000000089b00000| Untracked 
|  80|0x0000000089c00000, 0x0000000089c00000, 0x0000000089d00000|  0%| F|  |TAMS 0x0000000089c00000, 0x0000000089c00000| Untracked 
|  81|0x0000000089d00000, 0x0000000089d00000, 0x0000000089e00000|  0%| F|  |TAMS 0x0000000089d00000, 0x0000000089d00000| Untracked 
|  82|0x0000000089e00000, 0x0000000089e00000, 0x0000000089f00000|  0%| F|  |TAMS 0x0000000089e00000, 0x0000000089e00000| Untracked 
|  83|0x0000000089f00000, 0x0000000089f00000, 0x000000008a000000|  0%| F|  |TAMS 0x0000000089f00000, 0x0000000089f00000| Untracked 
|  84|0x000000008a000000, 0x000000008a000000, 0x000000008a100000|  0%| F|  |TAMS 0x000000008a000000, 0x000000008a000000| Untracked 
|  85|0x000000008a100000, 0x000000008a100000, 0x000000008a200000|  0%| F|  |TAMS 0x000000008a100000, 0x000000008a100000| Untracked 
|  86|0x000000008a200000, 0x000000008a200000, 0x000000008a300000|  0%| F|  |TAMS 0x000000008a200000, 0x000000008a200000| Untracked 
|  87|0x000000008a300000, 0x000000008a300000, 0x000000008a400000|  0%| F|  |TAMS 0x000000008a300000, 0x000000008a300000| Untracked 
|  88|0x000000008a400000, 0x000000008a400000, 0x000000008a500000|  0%| F|  |TAMS 0x000000008a400000, 0x000000008a400000| Untracked 
|  89|0x000000008a500000, 0x000000008a500000, 0x000000008a600000|  0%| F|  |TAMS 0x000000008a500000, 0x000000008a500000| Untracked 
|  90|0x000000008a600000, 0x000000008a600000, 0x000000008a700000|  0%| F|  |TAMS 0x000000008a600000, 0x000000008a600000| Untracked 
|  91|0x000000008a700000, 0x000000008a700000, 0x000000008a800000|  0%| F|  |TAMS 0x000000008a700000, 0x000000008a700000| Untracked 
|  92|0x000000008a800000, 0x000000008a800000, 0x000000008a900000|  0%| F|  |TAMS 0x000000008a800000, 0x000000008a800000| Untracked 
|  93|0x000000008a900000, 0x000000008a900000, 0x000000008aa00000|  0%| F|  |TAMS 0x000000008a900000, 0x000000008a900000| Untracked 
|  94|0x000000008aa00000, 0x000000008aa00000, 0x000000008ab00000|  0%| F|  |TAMS 0x000000008aa00000, 0x000000008aa00000| Untracked 
|  95|0x000000008ab00000, 0x000000008ab00000, 0x000000008ac00000|  0%| F|  |TAMS 0x000000008ab00000, 0x000000008ab00000| Untracked 
|  96|0x000000008ac00000, 0x000000008ac00000, 0x000000008ad00000|  0%| F|  |TAMS 0x000000008ac00000, 0x000000008ac00000| Untracked 
|  97|0x000000008ad00000, 0x000000008ad00000, 0x000000008ae00000|  0%| F|  |TAMS 0x000000008ad00000, 0x000000008ad00000| Untracked 
|  98|0x000000008ae00000, 0x000000008ae00000, 0x000000008af00000|  0%| F|  |TAMS 0x000000008ae00000, 0x000000008ae00000| Untracked 
|  99|0x000000008af00000, 0x000000008af00000, 0x000000008b000000|  0%| F|  |TAMS 0x000000008af00000, 0x000000008af00000| Untracked 
| 100|0x000000008b000000, 0x000000008b000000, 0x000000008b100000|  0%| F|  |TAMS 0x000000008b000000, 0x000000008b000000| Untracked 
| 101|0x000000008b100000, 0x000000008b100000, 0x000000008b200000|  0%| F|  |TAMS 0x000000008b100000, 0x000000008b100000| Untracked 
| 102|0x000000008b200000, 0x000000008b200000, 0x000000008b300000|  0%| F|  |TAMS 0x000000008b200000, 0x000000008b200000| Untracked 
| 103|0x000000008b300000, 0x000000008b300000, 0x000000008b400000|  0%| F|  |TAMS 0x000000008b300000, 0x000000008b300000| Untracked 
| 104|0x000000008b400000, 0x000000008b400000, 0x000000008b500000|  0%| F|  |TAMS 0x000000008b400000, 0x000000008b400000| Untracked 
| 105|0x000000008b500000, 0x000000008b500000, 0x000000008b600000|  0%| F|  |TAMS 0x000000008b500000, 0x000000008b500000| Untracked 
| 106|0x000000008b600000, 0x000000008b600000, 0x000000008b700000|  0%| F|  |TAMS 0x000000008b600000, 0x000000008b600000| Untracked 
| 107|0x000000008b700000, 0x000000008b700000, 0x000000008b800000|  0%| F|  |TAMS 0x000000008b700000, 0x000000008b700000| Untracked 
| 108|0x000000008b800000, 0x000000008b800000, 0x000000008b900000|  0%| F|  |TAMS 0x000000008b800000, 0x000000008b800000| Untracked 
| 109|0x000000008b900000, 0x000000008b900000, 0x000000008ba00000|  0%| F|  |TAMS 0x000000008b900000, 0x000000008b900000| Untracked 
| 110|0x000000008ba00000, 0x000000008ba00000, 0x000000008bb00000|  0%| F|  |TAMS 0x000000008ba00000, 0x000000008ba00000| Untracked 
| 111|0x000000008bb00000, 0x000000008bb00000, 0x000000008bc00000|  0%| F|  |TAMS 0x000000008bb00000, 0x000000008bb00000| Untracked 
| 112|0x000000008bc00000, 0x000000008bc00000, 0x000000008bd00000|  0%| F|  |TAMS 0x000000008bc00000, 0x000000008bc00000| Untracked 
| 113|0x000000008bd00000, 0x000000008bd77580, 0x000000008be00000| 46%| E|  |TAMS 0x000000008bd00000, 0x000000008bd00000| Complete 
| 114|0x000000008be00000, 0x000000008bf00000, 0x000000008bf00000|100%| E|CS|TAMS 0x000000008be00000, 0x000000008be00000| Complete 
| 115|0x000000008bf00000, 0x000000008c000000, 0x000000008c000000|100%| E|CS|TAMS 0x000000008bf00000, 0x000000008bf00000| Complete 
| 116|0x000000008c000000, 0x000000008c100000, 0x000000008c100000|100%| E|CS|TAMS 0x000000008c000000, 0x000000008c000000| Complete 
| 117|0x000000008c100000, 0x000000008c200000, 0x000000008c200000|100%| E|CS|TAMS 0x000000008c100000, 0x000000008c100000| Complete 
| 118|0x000000008c200000, 0x000000008c300000, 0x000000008c300000|100%| E|CS|TAMS 0x000000008c200000, 0x000000008c200000| Complete 
| 119|0x000000008c300000, 0x000000008c400000, 0x000000008c400000|100%| E|CS|TAMS 0x000000008c300000, 0x000000008c300000| Complete 
| 120|0x000000008c400000, 0x000000008c500000, 0x000000008c500000|100%| E|CS|TAMS 0x000000008c400000, 0x000000008c400000| Complete 
| 121|0x000000008c500000, 0x000000008c600000, 0x000000008c600000|100%| E|CS|TAMS 0x000000008c500000, 0x000000008c500000| Complete 
| 122|0x000000008c600000, 0x000000008c700000, 0x000000008c700000|100%| E|  |TAMS 0x000000008c600000, 0x000000008c600000| Complete 
| 123|0x000000008c700000, 0x000000008c800000, 0x000000008c800000|100%| E|CS|TAMS 0x000000008c700000, 0x000000008c700000| Complete 

Card table byte_map: [0x000002072d480000,0x000002072d860000] _byte_map_base: 0x000002072d05a000

Marking Bits (Prev, Next): (CMBitMap*) 0x0000020716520f30, (CMBitMap*) 0x0000020716520f70
 Prev Bits: [0x000002072dc40000, 0x000002072fb10000)
 Next Bits: [0x000002072fb10000, 0x00000207319e0000)

Polling page: 0x0000020715ca0000

Metaspace:

Usage:
  Non-class:      5.82 MB used.
      Class:    712.03 KB used.
       Both:      6.51 MB used.

Virtual space:
  Non-class space:       64.00 MB reserved,       5.88 MB (  9%) committed,  1 nodes.
      Class space:        1.00 GB reserved,     832.00 KB ( <1%) committed,  1 nodes.
             Both:        1.06 GB reserved,       6.69 MB ( <1%) committed. 

Chunk freelists:
   Non-Class:  10.13 MB
       Class:  15.24 MB
        Both:  25.37 MB

MaxMetaspaceSize: unlimited
CompressedClassSpaceSize: 1.00 GB
Initial GC threshold: 21.00 MB
Current GC threshold: 21.00 MB
CDS: on
MetaspaceReclaimPolicy: balanced
 - commit_granule_bytes: 65536.
 - commit_granule_words: 8192.
 - virtual_space_node_default_size: 8388608.
 - enlarge_chunks_in_place: 1.
 - new_chunks_are_fully_committed: 0.
 - uncommit_free_chunks: 1.
 - use_allocation_guard: 0.
 - handle_deallocations: 1.


Internal statistics:

num_allocs_failed_limit: 0.
num_arena_births: 118.
num_arena_deaths: 0.
num_vsnodes_births: 2.
num_vsnodes_deaths: 0.
num_space_committed: 107.
num_space_uncommitted: 0.
num_chunks_returned_to_freelist: 0.
num_chunks_taken_from_freelist: 163.
num_chunk_merges: 0.
num_chunk_splits: 88.
num_chunks_enlarged: 21.
num_purges: 0.
num_inconsistent_stats: 0.

CodeHeap 'non-profiled nmethods': size=120000Kb used=246Kb max_used=246Kb free=119754Kb
 bounds [0x0000020725840000, 0x0000020725ab0000, 0x000002072cd70000]
CodeHeap 'profiled nmethods': size=120000Kb used=1429Kb max_used=1429Kb free=118570Kb
 bounds [0x000002071dd70000, 0x000002071dfe0000, 0x00000207252a0000]
CodeHeap 'non-nmethods': size=5760Kb used=1269Kb max_used=1286Kb free=4491Kb
 bounds [0x00000207252a0000, 0x0000020725510000, 0x0000020725840000]
 total_blobs=1427 nmethods=849 adapters=491
 compilation: enabled
              stopped_count=0, restarted_count=0
 full_count=0

Compilation events (20 events):
Event: 0.546 Thread 0x00000207343ef670  846       3       jdk.internal.logger.SimpleConsoleLogger::isLoggable (29 bytes)
Event: 0.546 Thread 0x00000207343ef670 nmethod 846 0x000002071decdc10 code [0x000002071decddc0, 0x000002071dece108]
Event: 0.546 Thread 0x00000207343ef670  847       3       jdk.internal.logger.SimpleConsoleLogger::effectiveLevel (17 bytes)
Event: 0.547 Thread 0x00000207343ef670 nmethod 847 0x000002071dece210 code [0x000002071dece3c0, 0x000002071dece5e8]
Event: 0.547 Thread 0x00000207343ef670  848       3       jdk.internal.logger.SurrogateLogger::defaultPlatformLevel (4 bytes)
Event: 0.547 Thread 0x00000207343ef670 nmethod 848 0x000002071dece690 code [0x000002071dece820, 0x000002071dece938]
Event: 0.548 Thread 0x00000207343eebd0 nmethod 707 0x000002072587bc10 code [0x000002072587bda0, 0x000002072587d1d8]
Event: 0.548 Thread 0x00000207343eebd0  674 % !   4       sun.awt.image.PNGImageDecoder::produceImage @ 960 (1917 bytes)
Event: 0.548 Thread 0x00000207343ef670  849       1       java.util.concurrent.locks.AbstractOwnableSynchronizer::setExclusiveOwnerThread (6 bytes)
Event: 0.548 Thread 0x00000207343ef670 nmethod 849 0x000002072587d510 code [0x000002072587d6a0, 0x000002072587d7b8]
Event: 0.553 Thread 0x00000207343ef670  850       3       sun.util.locale.InternalLocaleBuilder::setExtensions (206 bytes)
Event: 0.556 Thread 0x00000207343ef670 nmethod 850 0x000002071decea10 code [0x000002071decef00, 0x000002071ded1878]
Event: 0.556 Thread 0x00000207343ef670  851       3       sun.util.locale.LocaleUtils::isEmpty (19 bytes)
Event: 0.556 Thread 0x00000207343ef670 nmethod 851 0x000002071ded2610 code [0x000002071ded27c0, 0x000002071ded2a08]
Event: 0.556 Thread 0x00000207343ef670  852       3       sun.util.locale.InternalLocaleBuilder::getBaseLocale (187 bytes)
Event: 0.557 Thread 0x00000207343ef670 nmethod 852 0x000002071ded2b10 code [0x000002071ded2e20, 0x000002071ded3d38]
Event: 0.557 Thread 0x00000207343ef670  853       3       sun.util.locale.InternalLocaleBuilder::getLocaleExtensions (65 bytes)
Event: 0.557 Thread 0x00000207343ef670 nmethod 853 0x000002071ded4310 code [0x000002071ded4540, 0x000002071ded4da8]
Event: 0.557 Thread 0x00000207343ef670  854       3       sun.util.locale.LocaleUtils::isEmpty (19 bytes)
Event: 0.557 Thread 0x00000207343ef670 nmethod 854 0x000002071ded4f90 code [0x000002071ded5140, 0x000002071ded5388]

GC Heap History (0 events):
No events

Deoptimization events (20 events):
Event: 0.388 Thread 0x00000207348f7020 DEOPT PACKING pc=0x000002071de6fb6d sp=0x000000717bbfee40
Event: 0.388 Thread 0x00000207348f7020 DEOPT UNPACKING pc=0x00000207252f66e3 sp=0x000000717bbfe2e0 mode 0
Event: 0.388 Thread 0x00000207348f7020 DEOPT PACKING pc=0x000002071de6fb6d sp=0x000000717bbfee40
Event: 0.388 Thread 0x00000207348f7020 DEOPT UNPACKING pc=0x00000207252f66e3 sp=0x000000717bbfe2e0 mode 0
Event: 0.389 Thread 0x00000207348f7020 DEOPT PACKING pc=0x000002071de6fb6d sp=0x000000717bbfee40
Event: 0.389 Thread 0x00000207348f7020 DEOPT UNPACKING pc=0x00000207252f66e3 sp=0x000000717bbfe2e0 mode 0
Event: 0.389 Thread 0x00000207348f7020 DEOPT PACKING pc=0x000002071de6fb6d sp=0x000000717bbfee40
Event: 0.389 Thread 0x00000207348f7020 DEOPT UNPACKING pc=0x00000207252f66e3 sp=0x000000717bbfe2e0 mode 0
Event: 0.389 Thread 0x00000207348f7020 DEOPT PACKING pc=0x000002071de6fb6d sp=0x000000717bbfee40
Event: 0.389 Thread 0x00000207348f7020 DEOPT UNPACKING pc=0x00000207252f66e3 sp=0x000000717bbfe2e0 mode 0
Event: 0.389 Thread 0x00000207348f7020 DEOPT PACKING pc=0x000002071de6fb6d sp=0x000000717bbfee40
Event: 0.389 Thread 0x00000207348f7020 DEOPT UNPACKING pc=0x00000207252f66e3 sp=0x000000717bbfe2e0 mode 0
Event: 0.390 Thread 0x00000207348f7020 DEOPT PACKING pc=0x000002071de6fb6d sp=0x000000717bbfee40
Event: 0.390 Thread 0x00000207348f7020 DEOPT UNPACKING pc=0x00000207252f66e3 sp=0x000000717bbfe2e0 mode 0
Event: 0.391 Thread 0x00000207348f7020 DEOPT PACKING pc=0x000002071de6fb6d sp=0x000000717bbfee40
Event: 0.391 Thread 0x00000207348f7020 DEOPT UNPACKING pc=0x00000207252f66e3 sp=0x000000717bbfe2e0 mode 0
Event: 0.434 Thread 0x00000207164c7ec0 Uncommon trap: trap_request=0xffffff45 fr.pc=0x000002072586a540 relative=0x0000000000000340
Event: 0.434 Thread 0x00000207164c7ec0 Uncommon trap: reason=unstable_if action=reinterpret pc=0x000002072586a540 method=java.lang.StringUTF16.compress([CI[BII)I @ 20 c2
Event: 0.434 Thread 0x00000207164c7ec0 DEOPT PACKING pc=0x000002072586a540 sp=0x000000717a5fd3f0
Event: 0.434 Thread 0x00000207164c7ec0 DEOPT UNPACKING pc=0x00000207252f5ba3 sp=0x000000717a5fd370 mode 2

Classes unloaded (0 events):
No events

Classes redefined (0 events):
No events

Internal exceptions (19 events):
Event: 0.078 Thread 0x00000207164c7ec0 Exception <a 'sun/nio/fs/WindowsException'{0x000000008c63fd30}> (0x000000008c63fd30) 
thrown [s\open\src\hotspot\share\prims\jni.cpp, line 516]
Event: 0.078 Thread 0x00000207164c7ec0 Exception <a 'sun/nio/fs/WindowsException'{0x000000008c6402e8}> (0x000000008c6402e8) 
thrown [s\open\src\hotspot\share\prims\jni.cpp, line 516]
Event: 0.080 Thread 0x00000207164c7ec0 Exception <a 'sun/nio/fs/WindowsException'{0x000000008c642890}> (0x000000008c642890) 
thrown [s\open\src\hotspot\share\prims\jni.cpp, line 516]
Event: 0.080 Thread 0x00000207164c7ec0 Exception <a 'sun/nio/fs/WindowsException'{0x000000008c643418}> (0x000000008c643418) 
thrown [s\open\src\hotspot\share\prims\jni.cpp, line 516]
Event: 0.080 Thread 0x00000207164c7ec0 Exception <a 'sun/nio/fs/WindowsException'{0x000000008c643fc0}> (0x000000008c643fc0) 
thrown [s\open\src\hotspot\share\prims\jni.cpp, line 516]
Event: 0.081 Thread 0x00000207164c7ec0 Exception <a 'sun/nio/fs/WindowsException'{0x000000008c645068}> (0x000000008c645068) 
thrown [s\open\src\hotspot\share\prims\jni.cpp, line 516]
Event: 0.127 Thread 0x00000207164c7ec0 Exception <a 'java/lang/ClassNotFoundException'{0x000000008c6f93c8}: sun/awt/resources/spi/awtProvider> (0x000000008c6f93c8) 
thrown [s\open\src\hotspot\share\classfile\systemDictionary.cpp, line 256]
Event: 0.146 Thread 0x00000207164c7ec0 Exception <a 'java/io/FileNotFoundException'{0x000000008c566258}> (0x000000008c566258) 
thrown [s\open\src\hotspot\share\prims\jni.cpp, line 516]
Event: 0.152 Thread 0x00000207164c7ec0 Exception <a 'java/io/FileNotFoundException'{0x000000008c5933a0}> (0x000000008c5933a0) 
thrown [s\open\src\hotspot\share\prims\jni.cpp, line 516]
Event: 0.193 Thread 0x00000207164c7ec0 Exception <a 'java/lang/NoSuchMethodError'{0x000000008c5d7438}: 'java.lang.Object java.lang.invoke.DirectMethodHandle$Holder.invokeStaticInit(java.lang.Object)'> (0x000000008c5d7438) 
thrown [s\open\src\hotspot\share\interpreter\linkResolver.cpp, line 759]
Event: 0.226 Thread 0x00000207164c7ec0 Exception <a 'java/lang/NoSuchMethodError'{0x000000008c497938}: 'void java.lang.invoke.DirectMethodHandle$Holder.invokeSpecial(java.lang.Object, java.lang.Object, java.lang.Object)'> (0x000000008c497938) 
thrown [s\open\src\hotspot\share\interpreter\linkResolver.cpp, line 759]
Event: 0.233 Thread 0x00000207164c7ec0 Exception <a 'java/lang/NoSuchMethodError'{0x000000008c4c1b70}: 'java.lang.Object java.lang.invoke.DirectMethodHandle$Holder.newInvokeSpecial(java.lang.Object, java.lang.Object, java.lang.Object, java.lang.Object, java.lang.Object)'> (0x000000008c4c1b70) 
thrown [s\open\src\hotspot\share\interpreter\linkResolver.cpp, line 759]
Event: 0.235 Thread 0x00000207164c7ec0 Exception <a 'java/lang/NoSuchMethodError'{0x000000008c4cd538}: 'java.lang.Object java.lang.invoke.DirectMethodHandle$Holder.invokeStatic(java.lang.Object, int, java.lang.Object, java.lang.Object, java.lang.Object, java.lang.Object)'> (0x000000008c4cd538) 
thrown [s\open\src\hotspot\share\interpreter\linkResolver.cpp, line 759]
Event: 0.241 Thread 0x00000207164c7ec0 Exception <a 'java/lang/NoSuchMethodError'{0x000000008c4f2f68}: 'java.lang.Object java.lang.invoke.DirectMethodHandle$Holder.invokeStatic(java.lang.Object, int, java.lang.Object)'> (0x000000008c4f2f68) 
thrown [s\open\src\hotspot\share\interpreter\linkResolver.cpp, line 759]
Event: 0.266 Thread 0x00000207164c7ec0 Exception <a 'java/lang/ClassNotFoundException'{0x000000008c3ab678}: com/sun/swing/internal/plaf/metal/resources/spi/metalProvider> (0x000000008c3ab678) 
thrown [s\open\src\hotspot\share\classfile\systemDictionary.cpp, line 256]
Event: 0.267 Thread 0x00000207164c7ec0 Exception <a 'java/lang/ClassNotFoundException'{0x000000008c3af4d0}: com/sun/swing/internal/plaf/basic/resources/spi/basicProvider> (0x000000008c3af4d0) 
thrown [s\open\src\hotspot\share\classfile\systemDictionary.cpp, line 256]
Event: 0.321 Thread 0x00000207348f7020 Exception <a 'java/lang/NoSuchMethodError'{0x000000008c179728}: 'java.lang.Object java.lang.invoke.DirectMethodHandle$Holder.newInvokeSpecial(java.lang.Object, java.lang.Object, java.lang.Object, int, int, int, int, int)'> (0x000000008c179728) 
thrown [s\open\src\hotspot\share\interpreter\linkResolver.cpp, line 759]
Event: 0.403 Thread 0x00000207348376e0 Exception <a 'java/lang/NoSuchMethodError'{0x000000008c4100f0}: 'void java.lang.invoke.DirectMethodHandle$Holder.invokeVirtual(java.lang.Object, java.lang.Object)'> (0x000000008c4100f0) 
thrown [s\open\src\hotspot\share\interpreter\linkResolver.cpp, line 759]
Event: 0.421 Thread 0x00000207164c7ec0 Exception <a 'java/lang/NoSuchMethodError'{0x000000008be06ce8}: 'void java.lang.invoke.DirectMethodHandle$Holder.invokeStaticInit(java.lang.Object)'> (0x000000008be06ce8) 
thrown [s\open\src\hotspot\share\interpreter\linkResolver.cpp, line 759]

VM Operations (8 events):
Event: 0.082 Executing VM operation: HandshakeAllThreads
Event: 0.082 Executing VM operation: HandshakeAllThreads done
Event: 0.354 Executing VM operation: HandshakeAllThreads
Event: 0.354 Executing VM operation: HandshakeAllThreads done
Event: 0.410 Executing VM operation: HandshakeAllThreads
Event: 0.410 Executing VM operation: HandshakeAllThreads done
Event: 0.441 Executing VM operation: HandshakeAllThreads
Event: 0.441 Executing VM operation: HandshakeAllThreads done

Events (20 events):
Event: 0.557 loading class java/awt/KeyboardFocusManager$3
Event: 0.557 loading class java/awt/KeyboardFocusManager$3 done
Event: 0.567 loading class sun/awt/im/CompositionAreaHandler
Event: 0.567 loading class java/awt/event/InputMethodListener
Event: 0.567 loading class java/awt/event/InputMethodListener done
Event: 0.568 loading class sun/awt/im/CompositionAreaHandler done
Event: 0.568 loading class java/text/AttributedString
Event: 0.568 loading class java/text/AttributedString done
Event: 0.568 loading class java/text/AttributedString$AttributedStringIterator
Event: 0.568 loading class java/text/AttributedCharacterIterator
Event: 0.568 loading class java/text/CharacterIterator
Event: 0.568 loading class java/text/CharacterIterator done
Event: 0.568 loading class java/text/AttributedCharacterIterator done
Event: 0.568 loading class java/text/AttributedString$AttributedStringIterator done
Event: 0.568 loading class java/util/concurrent/locks/AbstractQueuedSynchronizer$ConditionNode
Event: 0.568 loading class java/util/concurrent/ForkJoinPool$ManagedBlocker
Event: 0.569 loading class java/util/concurrent/ForkJoinPool$ManagedBlocker done
Event: 0.569 loading class java/util/concurrent/locks/AbstractQueuedSynchronizer$Node
Event: 0.569 loading class java/util/concurrent/locks/AbstractQueuedSynchronizer$Node done
Event: 0.569 loading class java/util/concurrent/locks/AbstractQueuedSynchronizer$ConditionNode done


Dynamic libraries:
0x00007ff665b90000 - 0x00007ff665ba0000 	C:\Program Files\Java\jdk-17\bin\java.exe
0x00007ffa05130000 - 0x00007ffa05347000 	C:\Windows\SYSTEM32\ntdll.dll
0x00007ffa044b0000 - 0x00007ffa04574000 	C:\Windows\System32\KERNEL32.DLL
0x00007ffa02730000 - 0x00007ffa02ad6000 	C:\Windows\System32\KERNELBASE.dll
0x00007ffa02550000 - 0x00007ffa02661000 	C:\Windows\System32\ucrtbase.dll
0x00007ff9e8100000 - 0x00007ff9e8119000 	C:\Program Files\Java\jdk-17\bin\jli.dll
0x00007ff9f2d70000 - 0x00007ff9f2d8b000 	C:\Program Files\Java\jdk-17\bin\VCRUNTIME140.dll
0x00007ffa04580000 - 0x00007ffa04630000 	C:\Windows\System32\ADVAPI32.dll
0x00007ffa05000000 - 0x00007ffa050a7000 	C:\Windows\System32\msvcrt.dll
0x00007ffa04f50000 - 0x00007ffa04ff6000 	C:\Windows\System32\sechost.dll
0x00007ffa03ff0000 - 0x00007ffa04107000 	C:\Windows\System32\RPCRT4.dll
0x00007ffa03c30000 - 0x00007ffa03ddd000 	C:\Windows\System32\USER32.dll
0x00007ffa02e60000 - 0x00007ffa02e86000 	C:\Windows\System32\win32u.dll
0x00007ffa03fc0000 - 0x00007ffa03fe9000 	C:\Windows\System32\GDI32.dll
0x00007ffa02cc0000 - 0x00007ffa02dd8000 	C:\Windows\System32\gdi32full.dll
0x00007ffa024b0000 - 0x00007ffa0254a000 	C:\Windows\System32\msvcp_win.dll
0x00007ff9eacb0000 - 0x00007ff9eaf43000 	C:\Windows\WinSxS\amd64_microsoft.windows.common-controls_6595b64144ccf1df_6.0.22621.2361_none_2712ced57382f843\COMCTL32.dll
0x00007ff9fabe0000 - 0x00007ff9fabea000 	C:\Windows\SYSTEM32\VERSION.dll
0x00007ffa050b0000 - 0x00007ffa050e1000 	C:\Windows\System32\IMM32.DLL
0x00007ff9edd10000 - 0x00007ff9edd1c000 	C:\Program Files\Java\jdk-17\bin\vcruntime140_1.dll
0x00007ff98fd60000 - 0x00007ff98fdee000 	C:\Program Files\Java\jdk-17\bin\msvcp140.dll
0x00007ff96d8f0000 - 0x00007ff96e4ce000 	C:\Program Files\Java\jdk-17\bin\server\jvm.dll
0x00007ffa03fb0000 - 0x00007ffa03fb8000 	C:\Windows\System32\PSAPI.DLL
0x00007ff9f86b0000 - 0x00007ff9f86e4000 	C:\Windows\SYSTEM32\WINMM.dll
0x00007ff9edda0000 - 0x00007ff9edda9000 	C:\Windows\SYSTEM32\WSOCK32.dll
0x00007ffa03bb0000 - 0x00007ffa03c21000 	C:\Windows\System32\WS2_32.dll
0x00007ffa014f0000 - 0x00007ffa01508000 	C:\Windows\SYSTEM32\kernel.appcore.dll
0x00007ff9ed7c0000 - 0x00007ff9ed7ca000 	C:\Program Files\Java\jdk-17\bin\jimage.dll
0x00007ff9ffcb0000 - 0x00007ff9ffede000 	C:\Windows\SYSTEM32\DBGHELP.DLL
0x00007ffa04630000 - 0x00007ffa049ba000 	C:\Windows\System32\combase.dll
0x00007ffa03050000 - 0x00007ffa03127000 	C:\Windows\System32\OLEAUT32.dll
0x00007ff9e3970000 - 0x00007ff9e39a2000 	C:\Windows\SYSTEM32\dbgcore.DLL
0x00007ffa02de0000 - 0x00007ffa02e5a000 	C:\Windows\System32\bcryptPrimitives.dll
0x00007ff9e0560000 - 0x00007ff9e0585000 	C:\Program Files\Java\jdk-17\bin\java.dll
0x00007ff98eed0000 - 0x00007ff98efa7000 	C:\Program Files\Java\jdk-17\bin\jsvml.dll
0x00007ffa031b0000 - 0x00007ffa03a08000 	C:\Windows\System32\SHELL32.dll
0x00007ffa00410000 - 0x00007ffa00d02000 	C:\Windows\SYSTEM32\windows.storage.dll
0x00007ffa002d0000 - 0x00007ffa0040e000 	C:\Windows\SYSTEM32\wintypes.dll
0x00007ffa03eb0000 - 0x00007ffa03fa3000 	C:\Windows\System32\SHCORE.dll
0x00007ffa04ef0000 - 0x00007ffa04f4e000 	C:\Windows\System32\shlwapi.dll
0x00007ffa023e0000 - 0x00007ffa02406000 	C:\Windows\SYSTEM32\profapi.dll
0x00007ff9e7210000 - 0x00007ff9e7229000 	C:\Program Files\Java\jdk-17\bin\net.dll
0x00007ff9fa9d0000 - 0x00007ff9fab07000 	C:\Windows\SYSTEM32\WINHTTP.dll
0x00007ffa01970000 - 0x00007ffa019d9000 	C:\Windows\system32\mswsock.dll
0x00007ff9cc8f0000 - 0x00007ff9cc906000 	C:\Program Files\Java\jdk-17\bin\nio.dll
0x00007ff9cc8d0000 - 0x00007ff9cc8e8000 	C:\Program Files\Java\jdk-17\bin\zip.dll
0x00007ff988480000 - 0x00007ff988611000 	C:\Program Files\Java\jdk-17\bin\awt.dll
0x00007ff9ff340000 - 0x00007ff9ff3d7000 	C:\Windows\SYSTEM32\apphelp.dll
0x00007ff9ff770000 - 0x00007ff9ff79b000 	C:\Windows\system32\DWMAPI.DLL
0x00007ff9ff530000 - 0x00007ff9ff5db000 	C:\Windows\system32\uxtheme.dll
0x00007ff9cfa00000 - 0x00007ff9cfb00000 	C:\Windows\system32\opengl32.dll
0x00007ff9e7be0000 - 0x00007ff9e7c0d000 	C:\Windows\SYSTEM32\GLU32.dll
0x00007ff9ff610000 - 0x00007ff9ff646000 	C:\Windows\SYSTEM32\dxcore.dll
0x00007ffa041e0000 - 0x00007ffa0432c000 	C:\Windows\System32\MSCTF.dll
0x00007ffa03a10000 - 0x00007ffa03baf000 	C:\Windows\System32\ole32.dll
0x00007ff9a5c10000 - 0x00007ff9a5c96000 	C:\Program Files\Java\jdk-17\bin\freetype.dll
0x00007ff98cb00000 - 0x00007ff98cbd3000 	C:\Program Files\Java\jdk-17\bin\fontmanager.dll
0x00007ff9ea6a0000 - 0x00007ff9ea7ea000 	C:\Windows\SYSTEM32\textinputframework.dll
0x00007ff9ff060000 - 0x00007ff9ff193000 	C:\Windows\SYSTEM32\CoreMessaging.dll
0x00007ff9fbb20000 - 0x00007ff9fbe8c000 	C:\Windows\SYSTEM32\CoreUIComponents.dll
0x00007ffa01be0000 - 0x00007ffa01bec000 	C:\Windows\SYSTEM32\CRYPTBASE.DLL

dbghelp: loaded successfully - version: 4.0.5 - missing functions: none
symbol engine: initialized successfully - sym options: 0x614 - pdb path: .;C:\Program Files\Java\jdk-17\bin;C:\Windows\SYSTEM32;C:\Windows\WinSxS\amd64_microsoft.windows.common-controls_6595b64144ccf1df_6.0.22621.2361_none_2712ced57382f843;C:\Program Files\Java\jdk-17\bin\server

VM Arguments:
jvm_args: -Dfile.encoding=UTF-8 --module-path=C:\Users\parid\OneDrive\Documents\NetBeansProjects\Travel Management System\build\classes 
java_command: travel.management.system.Contact
java_class_path (initial): C:\Users\parid\Downloads\rs2xml.jar;C:\Users\parid\Downloads\mysql-connector-java-8.0.28.jar;C:\Users\parid\OneDrive\Documents\NetBeansProjects\Travel Management System\build\classes
Launcher Type: SUN_STANDARD

[Global flags]
     intx CICompilerCount                          = 4                                         {product} {ergonomic}
     uint ConcGCThreads                            = 2                                         {product} {ergonomic}
     uint G1ConcRefinementThreads                  = 8                                         {product} {ergonomic}
   size_t G1HeapRegionSize                         = 1048576                                   {product} {ergonomic}
    uintx GCDrainStackTargetSize                   = 64                                        {product} {ergonomic}
   size_t InitialHeapSize                          = 130023424                                 {product} {ergonomic}
   size_t MarkStackSize                            = 4194304                                   {product} {ergonomic}
   size_t MaxHeapSize                              = 2067791872                                {product} {ergonomic}
   size_t MaxNewSize                               = 1240465408                                {product} {ergonomic}
   size_t MinHeapDeltaBytes                        = 1048576                                   {product} {ergonomic}
   size_t MinHeapSize                              = 8388608                                   {product} {ergonomic}
    uintx NonNMethodCodeHeapSize                   = 5839372                                {pd product} {ergonomic}
    uintx NonProfiledCodeHeapSize                  = 122909434                              {pd product} {ergonomic}
    uintx ProfiledCodeHeapSize                     = 122909434                              {pd product} {ergonomic}
    uintx ReservedCodeCacheSize                    = 251658240                              {pd product} {ergonomic}
     bool SegmentedCodeCache                       = true                                      {product} {ergonomic}
   size_t SoftMaxHeapSize                          = 2067791872                             {manageable} {ergonomic}
     bool UseCompressedClassPointers               = true                           {product lp64_product} {ergonomic}
     bool UseCompressedOops                        = true                           {product lp64_product} {ergonomic}
     bool UseG1GC                                  = true                                      {product} {ergonomic}
     bool UseLargePagesIndividualAllocation        = false                                  {pd product} {ergonomic}

Logging:
Log output configuration:
 #0: stdout all=warning uptime,level,tags
 #1: stderr all=off uptime,level,tags

Environment Variables:
JAVA_HOME=C:\Program Files\Java\jdk-17
PATH=C:\Program Files\Common Files\Oracle\Java\javapath;C:\Windows\system32;C:\Windows;C:\Windows\System32\Wbem;C:\Windows\System32\WindowsPowerShell\v1.0\;C:\Windows\System32\OpenSSH\;C:\Program Files\Java\jdk-17\bin;C:\Program Files\Common Files\Oracle\Java\javapath;C:\Program Files\MySQL\MySQL Shell 8.0\bin\;C:\Users\parid\AppData\Local\Microsoft\WindowsApps;
USERNAME=parid
OS=Windows_NT
PROCESSOR_IDENTIFIER=Intel64 Family 6 Model 140 Stepping 1, GenuineIntel



---------------  S Y S T E M  ---------------

OS:
 Windows 11 , 64 bit Build 22621 (10.0.22621.2428)
OS uptime: 23 days 18:52 hours

CPU: total 8 (initial active 8) (4 cores per cpu, 2 threads per core) family 6 model 140 stepping 1 microcode 0xa6, cx8, cmov, fxsr, ht, mmx, 3dnowpref, sse, sse2, sse3, ssse3, sse4.1, sse4.2, popcnt, lzcnt, tsc, tscinvbit, avx, avx2, aes, erms, clmul, bmi1, bmi2, adx, avx512f, avx512dq, avx512cd, avx512bw, avx512vl, sha, fma, vzeroupper, avx512_vpopcntdq, avx512_vpclmulqdq, avx512_vaes, avx512_vnni, clflush, clflushopt, clwb, avx512_vbmi2, avx512_vbmi

Memory: 4k page, system-wide physical 7886M (187M free)
TotalPageFile size 32462M (AvailPageFile size 5M)
current process WorkingSet (physical memory assigned to process): 69M, peak: 69M
current process commit charge ("private bytes"): 221M, peak: 221M

vm_info: Java HotSpot(TM) 64-Bit Server VM (17.0.8+9-LTS-211) for windows-amd64 JRE (17.0.8+9-LTS-211), built on Jun 14 2023 10:34:31 by "mach5one" with MS VC++ 17.1 (VS2022)

END.
