#
# A fatal error has been detected by the Java Runtime Environment:
#
#  EXCEPTION_ACCESS_VIOLATION (0xc0000005) at pc=0x0000000000000000, pid=30492, tid=2076
#
# JRE version:  (17.0.8+9) (build )
# Java VM: Java HotSpot(TM) 64-Bit Server VM (17.0.8+9-LTS-211, mixed mode, tiered, compressed oops, compressed class ptrs, g1 gc, windows-amd64)
# Problematic frame:
# C  [java.dll+0xb6df]
#
# No core dump will be written. Minidumps are not enabled by default on client versions of Windows
#
# The crash happened outside the Java Virtual Machine in native code.
# See problematic frame for where to report the bug.
#

---------------  S U M M A R Y ------------

Command Line: -Dfile.encoding=UTF-8 --module-path=C:\Users\parid\OneDrive\Documents\NetBeansProjects\Travel Management System\build\classes travel.management.system.Contact

Host: 11th Gen Intel(R) Core(TM) i5-1135G7 @ 2.40GHz, 8 cores, 7G,  Windows 11 , 64 bit Build 22621 (10.0.22621.2428)
Time: Tue Nov 14 13:43:54 2023 India Standard Time elapsed time: 0.060878 seconds (0d 0h 0m 0s)

---------------  T H R E A D  ---------------

Current thread (0x0000026638eb7da0):  JavaThread "main" [_thread_in_native, id=2076, stack(0x000000b7a6000000,0x000000b7a6100000)]

Stack: [0x000000b7a6000000,0x000000b7a6100000],  sp=0x000000b7a60fe5e0,  free space=1017k
Native frames: (J=compiled Java code, j=interpreted, Vv=VM code, C=native code)

Java frames: (J=compiled Java code, j=interpreted, Vv=VM code)
j  jdk.internal.util.SystemProps$Raw.platformProperties()[Ljava/lang/String;+0 java.base
j  jdk.internal.util.SystemProps$Raw.<init>()V+5 java.base
j  jdk.internal.util.SystemProps.initProperties()Ljava/util/Map;+4 java.base
j  java.lang.System.initPhase1()V+3 java.base
v  ~StubRoutines::call_stub

siginfo: EXCEPTION_ACCESS_VIOLATION (0xc0000005), data execution prevention violation at address 0x0000000000000000


Register to memory mapping:

RIP=0x0 is NULL
RAX=0x0 is NULL
RBX=0x0 is NULL
RCX=0x0 is NULL
RDX=0x0000000000004028 is an unknown value
RSP=0x000000b7a60fe5d8 is pointing into the stack for thread: 0x0000026638eb7da0
RBP=0x000000b7a60fe950 is pointing into the stack for thread: 0x0000026638eb7da0
RSI=0x000000000000000a is an unknown value
RDI=0x0000026656e09801 points into unknown readable memory: 00 00 00 00 00 00 00
R8 =0x0 is NULL
R9 =0x0 is NULL
R10=0x0 is NULL
R11=0x000000b7a60fe540 is pointing into the stack for thread: 0x0000026638eb7da0
R12=0x0000000000000744 is an unknown value
R13=0x00000266571b6201 is pointing into metadata
R14=0x0000000000000001 is an unknown value
R15=0x000000000000585d is an unknown value


Registers:
RAX=0x0000000000000000, RBX=0x0000000000000000, RCX=0x0000000000000000, RDX=0x0000000000004028
RSP=0x000000b7a60fe5d8, RBP=0x000000b7a60fe950, RSI=0x000000000000000a, RDI=0x0000026656e09801
R8 =0x0000000000000000, R9 =0x0000000000000000, R10=0x0000000000000000, R11=0x000000b7a60fe540
R12=0x0000000000000744, R13=0x00000266571b6201, R14=0x0000000000000001, R15=0x000000000000585d
RIP=0x0000000000000000, EFLAGS=0x0000000000010206

Top of Stack: (sp=0x000000b7a60fe5d8)
0x000000b7a60fe5d8:   00007ff9e056b6df 0000000000000000
0x000000b7a60fe5e8:   0000000000004028 0000000000000000
0x000000b7a60fe5f8:   0000000000000000 000000b7a60fe620
0x000000b7a60fe608:   0000000000000fc3 00007ffa80004005
0x000000b7a60fe618:   00007ffa0516d19a 0000000005940239
0x000000b7a60fe628:   0000000000000020 0000026638eb5220
0x000000b7a60fe638:   0000000000000000 0000000000000000
0x000000b7a60fe648:   00007ffa05266e60 0000000000000000
0x000000b7a60fe658:   0000026636be12c0 0000000000000000
0x000000b7a60fe668:   0000026656e09880 0000026636be02a8
0x000000b7a60fe678:   0000000000000020 0000026636be0cc0
0x000000b7a60fe688:   0000000000000000 00000000000000c3
0x000000b7a60fe698:   000000000000000c 0000000000000000
0x000000b7a60fe6a8:   0000000000000020 0000000000000000
0x000000b7a60fe6b8:   0000000000000002 0000000000000000
0x000000b7a60fe6c8:   000000b7a60fe779 0000026636dd0000 

Instructions: (pc=0x00007ff9e056b6df)
0x00007ff9e056b5df:   74 61 48 8d 0d f8 c5 00 00 e8 11 a2 00 00 48 8d
0x00007ff9e056b5ef:   4c 24 40 48 8b d8 e8 04 a2 00 00 48 03 d8 48 3b
0x00007ff9e056b5ff:   de 73 40 48 8d 15 d7 c5 00 00 48 8d 4c 24 40 e8
0x00007ff9e056b60f:   f1 a1 00 00 48 8d 15 f6 c2 00 00 48 8d 4c 24 40
0x00007ff9e056b61f:   ff 15 f3 ae 00 00 48 85 c0 74 18 48 8b c8 ff 15
0x00007ff9e056b62f:   fd ae 00 00 48 8d 15 86 c5 00 00 48 8b cf e8 b6
0x00007ff9e056b63f:   a1 00 00 48 8b c7 48 8b 8c 24 50 01 00 00 48 33
0x00007ff9e056b64f:   cc e8 8b 92 00 00 4c 8d 9c 24 60 01 00 00 49 8b
0x00007ff9e056b65f:   5b 18 49 8b 73 20 49 8b e3 5f c3 cc cc 40 53 48
0x00007ff9e056b66f:   81 ec 60 02 00 00 48 8b 05 a4 5c 01 00 48 33 c4
0x00007ff9e056b67f:   48 89 84 24 50 02 00 00 33 db 48 39 1d 60 5d 01
0x00007ff9e056b68f:   00 75 74 4c 8d 0d 57 5d 01 00 45 33 c0 ba 00 40
0x00007ff9e056b69f:   00 00 48 8d 0d 18 cd 00 00 e8 ff 8a 00 00 89 44
0x00007ff9e056b6af:   24 30 eb 0b b8 05 40 00 80 89 44 24 30 33 db 85
0x00007ff9e056b6bf:   c0 79 44 48 8d 44 24 40 48 89 44 24 20 45 33 c9
0x00007ff9e056b6cf:   45 33 c0 ba 28 40 00 00 33 c9 ff 15 89 5c 01 00
0x00007ff9e056b6df:   85 c0 79 09 48 89 1d 06 5d 01 00 eb 1a 66 89 9c
0x00007ff9e056b6ef:   24 48 02 00 00 48 8d 4c 24 40 ff 15 c1 ae 00 00
0x00007ff9e056b6ff:   48 89 05 ea 5c 01 00 48 8b 05 e3 5c 01 00 48 8b
0x00007ff9e056b70f:   8c 24 50 02 00 00 48 33 cc e8 c3 91 00 00 48 81
0x00007ff9e056b71f:   c4 60 02 00 00 5b c3 cc cc 48 89 5c 24 10 48 89
0x00007ff9e056b72f:   6c 24 18 48 89 74 24 20 57 48 83 ec 60 48 8b 05
0x00007ff9e056b73f:   dd 5b 01 00 48 33 c4 48 89 44 24 58 0f b7 f9 b9
0x00007ff9e056b74f:   56 00 00 00 ff 15 47 ad 00 00 48 8b d8 48 85 c0
0x00007ff9e056b75f:   0f 84 b5 00 00 00 33 c0 4c 8d 4c 24 40 48 89 44
0x00007ff9e056b76f:   24 50 4c 8d 44 24 38 0f 57 c0 48 8d 44 24 50 48
0x00007ff9e056b77f:   89 44 24 28 48 8d 54 24 30 48 8d 44 24 48 8b cf
0x00007ff9e056b78f:   48 89 44 24 20 0f 11 44 24 30 0f 11 44 24 40 e8
0x00007ff9e056b79f:   89 f9 ff ff 48 8b cb 84 c0 74 43 48 8b 54 24 30
0x00007ff9e056b7af:   e8 44 a0 00 00 48 8d 7c 24 38 be 03 00 00 00 48
0x00007ff9e056b7bf:   8b 2f 80 7d 00 00 74 1a 48 8d 15 2a c4 00 00 48
0x00007ff9e056b7cf:   8b cb e8 2e a0 00 00 48 8b d5 48 8b cb e8 23 a0 


Stack slot to memory mapping:
stack at sp + 0 slots: 0x0 is NULL
stack at sp + 1 slots: 0x0000000000004028 is an unknown value
stack at sp + 2 slots: 0x0 is NULL
stack at sp + 3 slots: 0x0 is NULL
stack at sp + 4 slots: 0x000000b7a60fe620 is pointing into the stack for thread: 0x0000026638eb7da0
stack at sp + 5 slots: 0x0000000000000fc3 is an unknown value
stack at sp + 6 slots: 0x00007ffa80004005 is an unknown value
stack at sp + 7 slots: 0x00007ffa0516d19a ntdll.dll


---------------  P R O C E S S  ---------------

Threads class SMR info:
_java_thread_list=0x0000026656dfc9d0, length=3, elements={
0x0000026638eb7da0, 0x0000026656e4c260, 0x0000026656dff130
}

Java Threads: ( => current thread )
=>0x0000026638eb7da0 JavaThread "main" [_thread_in_native, id=2076, stack(0x000000b7a6000000,0x000000b7a6100000)]
  0x0000026656e4c260 JavaThread "Reference Handler" daemon [_thread_blocked, id=23236, stack(0x000000b7a6700000,0x000000b7a6800000)]
  0x0000026656dff130 JavaThread "Finalizer" daemon [_thread_blocked, id=32300, stack(0x000000b7a6800000,0x000000b7a6900000)]

Other Threads:
  0x0000026656dc1cd0 VMThread "VM Thread" [stack: 0x000000b7a6600000,0x000000b7a6700000] [id=31312]
  0x0000026638f10970 GCTaskThread "GC Thread#0" [stack: 0x000000b7a6100000,0x000000b7a6200000] [id=19048]
  0x0000026638f20f30 ConcurrentGCThread "G1 Main Marker" [stack: 0x000000b7a6200000,0x000000b7a6300000] [id=32820]
  0x0000026638f21940 ConcurrentGCThread "G1 Conc#0" [stack: 0x000000b7a6300000,0x000000b7a6400000] [id=3864]
  0x0000026638f8dd80 ConcurrentGCThread "G1 Refine#0" [stack: 0x000000b7a6400000,0x000000b7a6500000] [id=28548]
  0x0000026638f8e7a0 ConcurrentGCThread "G1 Service" [stack: 0x000000b7a6500000,0x000000b7a6600000] [id=22728]

Threads with active compile tasks:

VM state: not at safepoint (normal execution)

VM Mutex/Monitor currently owned by a thread: None

Heap address: 0x0000000084c00000, size: 1972 MB, Compressed Oops mode: 32-bit

CDS archive(s) not mapped
Compressed class space mapped at: 0x0000000100000000-0x0000000140000000, reserved size: 1073741824
Narrow klass base: 0x0000000000000000, Narrow klass shift: 3, Narrow klass range: 0x140000000

GC Precious Log:
 CPUs: 8 total, 8 available
 Memory: 7886M
 Large Page Support: Disabled
 NUMA Support: Disabled
 Compressed Oops: Enabled (32-bit)
 Heap Region Size: 1M
 Heap Min Capacity: 8M
 Heap Initial Capacity: 124M
 Heap Max Capacity: 1972M
 Pre-touch: Disabled
 Parallel Workers: 8
 Concurrent Workers: 2
 Concurrent Refinement Workers: 8
 Periodic GC: Disabled

Heap:
 garbage-first heap   total 126976K, used 0K [0x0000000084c00000, 0x0000000100000000)
  region size 1024K, 1 young (1024K), 0 survivors (0K)
 Metaspace       used 1910K, committed 1984K, reserved 1114112K
  class space    used 149K, committed 192K, reserved 1048576K

Heap Regions: E=young(eden), S=young(survivor), O=old, HS=humongous(starts), HC=humongous(continues), CS=collection set, F=free, OA=open archive, CA=closed archive, TAMS=top-at-mark-start (previous, next)
|   0|0x0000000084c00000, 0x0000000084c00000, 0x0000000084d00000|  0%| F|  |TAMS 0x0000000084c00000, 0x0000000084c00000| Untracked 
|   1|0x0000000084d00000, 0x0000000084d00000, 0x0000000084e00000|  0%| F|  |TAMS 0x0000000084d00000, 0x0000000084d00000| Untracked 
|   2|0x0000000084e00000, 0x0000000084e00000, 0x0000000084f00000|  0%| F|  |TAMS 0x0000000084e00000, 0x0000000084e00000| Untracked 
|   3|0x0000000084f00000, 0x0000000084f00000, 0x0000000085000000|  0%| F|  |TAMS 0x0000000084f00000, 0x0000000084f00000| Untracked 
|   4|0x0000000085000000, 0x0000000085000000, 0x0000000085100000|  0%| F|  |TAMS 0x0000000085000000, 0x0000000085000000| Untracked 
|   5|0x0000000085100000, 0x0000000085100000, 0x0000000085200000|  0%| F|  |TAMS 0x0000000085100000, 0x0000000085100000| Untracked 
|   6|0x0000000085200000, 0x0000000085200000, 0x0000000085300000|  0%| F|  |TAMS 0x0000000085200000, 0x0000000085200000| Untracked 
|   7|0x0000000085300000, 0x0000000085300000, 0x0000000085400000|  0%| F|  |TAMS 0x0000000085300000, 0x0000000085300000| Untracked 
|   8|0x0000000085400000, 0x0000000085400000, 0x0000000085500000|  0%| F|  |TAMS 0x0000000085400000, 0x0000000085400000| Untracked 
|   9|0x0000000085500000, 0x0000000085500000, 0x0000000085600000|  0%| F|  |TAMS 0x0000000085500000, 0x0000000085500000| Untracked 
|  10|0x0000000085600000, 0x0000000085600000, 0x0000000085700000|  0%| F|  |TAMS 0x0000000085600000, 0x0000000085600000| Untracked 
|  11|0x0000000085700000, 0x0000000085700000, 0x0000000085800000|  0%| F|  |TAMS 0x0000000085700000, 0x0000000085700000| Untracked 
|  12|0x0000000085800000, 0x0000000085800000, 0x0000000085900000|  0%| F|  |TAMS 0x0000000085800000, 0x0000000085800000| Untracked 
|  13|0x0000000085900000, 0x0000000085900000, 0x0000000085a00000|  0%| F|  |TAMS 0x0000000085900000, 0x0000000085900000| Untracked 
|  14|0x0000000085a00000, 0x0000000085a00000, 0x0000000085b00000|  0%| F|  |TAMS 0x0000000085a00000, 0x0000000085a00000| Untracked 
|  15|0x0000000085b00000, 0x0000000085b00000, 0x0000000085c00000|  0%| F|  |TAMS 0x0000000085b00000, 0x0000000085b00000| Untracked 
|  16|0x0000000085c00000, 0x0000000085c00000, 0x0000000085d00000|  0%| F|  |TAMS 0x0000000085c00000, 0x0000000085c00000| Untracked 
|  17|0x0000000085d00000, 0x0000000085d00000, 0x0000000085e00000|  0%| F|  |TAMS 0x0000000085d00000, 0x0000000085d00000| Untracked 
|  18|0x0000000085e00000, 0x0000000085e00000, 0x0000000085f00000|  0%| F|  |TAMS 0x0000000085e00000, 0x0000000085e00000| Untracked 
|  19|0x0000000085f00000, 0x0000000085f00000, 0x0000000086000000|  0%| F|  |TAMS 0x0000000085f00000, 0x0000000085f00000| Untracked 
|  20|0x0000000086000000, 0x0000000086000000, 0x0000000086100000|  0%| F|  |TAMS 0x0000000086000000, 0x0000000086000000| Untracked 
|  21|0x0000000086100000, 0x0000000086100000, 0x0000000086200000|  0%| F|  |TAMS 0x0000000086100000, 0x0000000086100000| Untracked 
|  22|0x0000000086200000, 0x0000000086200000, 0x0000000086300000|  0%| F|  |TAMS 0x0000000086200000, 0x0000000086200000| Untracked 
|  23|0x0000000086300000, 0x0000000086300000, 0x0000000086400000|  0%| F|  |TAMS 0x0000000086300000, 0x0000000086300000| Untracked 
|  24|0x0000000086400000, 0x0000000086400000, 0x0000000086500000|  0%| F|  |TAMS 0x0000000086400000, 0x0000000086400000| Untracked 
|  25|0x0000000086500000, 0x0000000086500000, 0x0000000086600000|  0%| F|  |TAMS 0x0000000086500000, 0x0000000086500000| Untracked 
|  26|0x0000000086600000, 0x0000000086600000, 0x0000000086700000|  0%| F|  |TAMS 0x0000000086600000, 0x0000000086600000| Untracked 
|  27|0x0000000086700000, 0x0000000086700000, 0x0000000086800000|  0%| F|  |TAMS 0x0000000086700000, 0x0000000086700000| Untracked 
|  28|0x0000000086800000, 0x0000000086800000, 0x0000000086900000|  0%| F|  |TAMS 0x0000000086800000, 0x0000000086800000| Untracked 
|  29|0x0000000086900000, 0x0000000086900000, 0x0000000086a00000|  0%| F|  |TAMS 0x0000000086900000, 0x0000000086900000| Untracked 
|  30|0x0000000086a00000, 0x0000000086a00000, 0x0000000086b00000|  0%| F|  |TAMS 0x0000000086a00000, 0x0000000086a00000| Untracked 
|  31|0x0000000086b00000, 0x0000000086b00000, 0x0000000086c00000|  0%| F|  |TAMS 0x0000000086b00000, 0x0000000086b00000| Untracked 
|  32|0x0000000086c00000, 0x0000000086c00000, 0x0000000086d00000|  0%| F|  |TAMS 0x0000000086c00000, 0x0000000086c00000| Untracked 
|  33|0x0000000086d00000, 0x0000000086d00000, 0x0000000086e00000|  0%| F|  |TAMS 0x0000000086d00000, 0x0000000086d00000| Untracked 
|  34|0x0000000086e00000, 0x0000000086e00000, 0x0000000086f00000|  0%| F|  |TAMS 0x0000000086e00000, 0x0000000086e00000| Untracked 
|  35|0x0000000086f00000, 0x0000000086f00000, 0x0000000087000000|  0%| F|  |TAMS 0x0000000086f00000, 0x0000000086f00000| Untracked 
|  36|0x0000000087000000, 0x0000000087000000, 0x0000000087100000|  0%| F|  |TAMS 0x0000000087000000, 0x0000000087000000| Untracked 
|  37|0x0000000087100000, 0x0000000087100000, 0x0000000087200000|  0%| F|  |TAMS 0x0000000087100000, 0x0000000087100000| Untracked 
|  38|0x0000000087200000, 0x0000000087200000, 0x0000000087300000|  0%| F|  |TAMS 0x0000000087200000, 0x0000000087200000| Untracked 
|  39|0x0000000087300000, 0x0000000087300000, 0x0000000087400000|  0%| F|  |TAMS 0x0000000087300000, 0x0000000087300000| Untracked 
|  40|0x0000000087400000, 0x0000000087400000, 0x0000000087500000|  0%| F|  |TAMS 0x0000000087400000, 0x0000000087400000| Untracked 
|  41|0x0000000087500000, 0x0000000087500000, 0x0000000087600000|  0%| F|  |TAMS 0x0000000087500000, 0x0000000087500000| Untracked 
|  42|0x0000000087600000, 0x0000000087600000, 0x0000000087700000|  0%| F|  |TAMS 0x0000000087600000, 0x0000000087600000| Untracked 
|  43|0x0000000087700000, 0x0000000087700000, 0x0000000087800000|  0%| F|  |TAMS 0x0000000087700000, 0x0000000087700000| Untracked 
|  44|0x0000000087800000, 0x0000000087800000, 0x0000000087900000|  0%| F|  |TAMS 0x0000000087800000, 0x0000000087800000| Untracked 
|  45|0x0000000087900000, 0x0000000087900000, 0x0000000087a00000|  0%| F|  |TAMS 0x0000000087900000, 0x0000000087900000| Untracked 
|  46|0x0000000087a00000, 0x0000000087a00000, 0x0000000087b00000|  0%| F|  |TAMS 0x0000000087a00000, 0x0000000087a00000| Untracked 
|  47|0x0000000087b00000, 0x0000000087b00000, 0x0000000087c00000|  0%| F|  |TAMS 0x0000000087b00000, 0x0000000087b00000| Untracked 
|  48|0x0000000087c00000, 0x0000000087c00000, 0x0000000087d00000|  0%| F|  |TAMS 0x0000000087c00000, 0x0000000087c00000| Untracked 
|  49|0x0000000087d00000, 0x0000000087d00000, 0x0000000087e00000|  0%| F|  |TAMS 0x0000000087d00000, 0x0000000087d00000| Untracked 
|  50|0x0000000087e00000, 0x0000000087e00000, 0x0000000087f00000|  0%| F|  |TAMS 0x0000000087e00000, 0x0000000087e00000| Untracked 
|  51|0x0000000087f00000, 0x0000000087f00000, 0x0000000088000000|  0%| F|  |TAMS 0x0000000087f00000, 0x0000000087f00000| Untracked 
|  52|0x0000000088000000, 0x0000000088000000, 0x0000000088100000|  0%| F|  |TAMS 0x0000000088000000, 0x0000000088000000| Untracked 
|  53|0x0000000088100000, 0x0000000088100000, 0x0000000088200000|  0%| F|  |TAMS 0x0000000088100000, 0x0000000088100000| Untracked 
|  54|0x0000000088200000, 0x0000000088200000, 0x0000000088300000|  0%| F|  |TAMS 0x0000000088200000, 0x0000000088200000| Untracked 
|  55|0x0000000088300000, 0x0000000088300000, 0x0000000088400000|  0%| F|  |TAMS 0x0000000088300000, 0x0000000088300000| Untracked 
|  56|0x0000000088400000, 0x0000000088400000, 0x0000000088500000|  0%| F|  |TAMS 0x0000000088400000, 0x0000000088400000| Untracked 
|  57|0x0000000088500000, 0x0000000088500000, 0x0000000088600000|  0%| F|  |TAMS 0x0000000088500000, 0x0000000088500000| Untracked 
|  58|0x0000000088600000, 0x0000000088600000, 0x0000000088700000|  0%| F|  |TAMS 0x0000000088600000, 0x0000000088600000| Untracked 
|  59|0x0000000088700000, 0x0000000088700000, 0x0000000088800000|  0%| F|  |TAMS 0x0000000088700000, 0x0000000088700000| Untracked 
|  60|0x0000000088800000, 0x0000000088800000, 0x0000000088900000|  0%| F|  |TAMS 0x0000000088800000, 0x0000000088800000| Untracked 
|  61|0x0000000088900000, 0x0000000088900000, 0x0000000088a00000|  0%| F|  |TAMS 0x0000000088900000, 0x0000000088900000| Untracked 
|  62|0x0000000088a00000, 0x0000000088a00000, 0x0000000088b00000|  0%| F|  |TAMS 0x0000000088a00000, 0x0000000088a00000| Untracked 
|  63|0x0000000088b00000, 0x0000000088b00000, 0x0000000088c00000|  0%| F|  |TAMS 0x0000000088b00000, 0x0000000088b00000| Untracked 
|  64|0x0000000088c00000, 0x0000000088c00000, 0x0000000088d00000|  0%| F|  |TAMS 0x0000000088c00000, 0x0000000088c00000| Untracked 
|  65|0x0000000088d00000, 0x0000000088d00000, 0x0000000088e00000|  0%| F|  |TAMS 0x0000000088d00000, 0x0000000088d00000| Untracked 
|  66|0x0000000088e00000, 0x0000000088e00000, 0x0000000088f00000|  0%| F|  |TAMS 0x0000000088e00000, 0x0000000088e00000| Untracked 
|  67|0x0000000088f00000, 0x0000000088f00000, 0x0000000089000000|  0%| F|  |TAMS 0x0000000088f00000, 0x0000000088f00000| Untracked 
|  68|0x0000000089000000, 0x0000000089000000, 0x0000000089100000|  0%| F|  |TAMS 0x0000000089000000, 0x0000000089000000| Untracked 
|  69|0x0000000089100000, 0x0000000089100000, 0x0000000089200000|  0%| F|  |TAMS 0x0000000089100000, 0x0000000089100000| Untracked 
|  70|0x0000000089200000, 0x0000000089200000, 0x0000000089300000|  0%| F|  |TAMS 0x0000000089200000, 0x0000000089200000| Untracked 
|  71|0x0000000089300000, 0x0000000089300000, 0x0000000089400000|  0%| F|  |TAMS 0x0000000089300000, 0x0000000089300000| Untracked 
|  72|0x0000000089400000, 0x0000000089400000, 0x0000000089500000|  0%| F|  |TAMS 0x0000000089400000, 0x0000000089400000| Untracked 
|  73|0x0000000089500000, 0x0000000089500000, 0x0000000089600000|  0%| F|  |TAMS 0x0000000089500000, 0x0000000089500000| Untracked 
|  74|0x0000000089600000, 0x0000000089600000, 0x0000000089700000|  0%| F|  |TAMS 0x0000000089600000, 0x0000000089600000| Untracked 
|  75|0x0000000089700000, 0x0000000089700000, 0x0000000089800000|  0%| F|  |TAMS 0x0000000089700000, 0x0000000089700000| Untracked 
|  76|0x0000000089800000, 0x0000000089800000, 0x0000000089900000|  0%| F|  |TAMS 0x0000000089800000, 0x0000000089800000| Untracked 
|  77|0x0000000089900000, 0x0000000089900000, 0x0000000089a00000|  0%| F|  |TAMS 0x0000000089900000, 0x0000000089900000| Untracked 
|  78|0x0000000089a00000, 0x0000000089a00000, 0x0000000089b00000|  0%| F|  |TAMS 0x0000000089a00000, 0x0000000089a00000| Untracked 
|  79|0x0000000089b00000, 0x0000000089b00000, 0x0000000089c00000|  0%| F|  |TAMS 0x0000000089b00000, 0x0000000089b00000| Untracked 
|  80|0x0000000089c00000, 0x0000000089c00000, 0x0000000089d00000|  0%| F|  |TAMS 0x0000000089c00000, 0x0000000089c00000| Untracked 
|  81|0x0000000089d00000, 0x0000000089d00000, 0x0000000089e00000|  0%| F|  |TAMS 0x0000000089d00000, 0x0000000089d00000| Untracked 
|  82|0x0000000089e00000, 0x0000000089e00000, 0x0000000089f00000|  0%| F|  |TAMS 0x0000000089e00000, 0x0000000089e00000| Untracked 
|  83|0x0000000089f00000, 0x0000000089f00000, 0x000000008a000000|  0%| F|  |TAMS 0x0000000089f00000, 0x0000000089f00000| Untracked 
|  84|0x000000008a000000, 0x000000008a000000, 0x000000008a100000|  0%| F|  |TAMS 0x000000008a000000, 0x000000008a000000| Untracked 
|  85|0x000000008a100000, 0x000000008a100000, 0x000000008a200000|  0%| F|  |TAMS 0x000000008a100000, 0x000000008a100000| Untracked 
|  86|0x000000008a200000, 0x000000008a200000, 0x000000008a300000|  0%| F|  |TAMS 0x000000008a200000, 0x000000008a200000| Untracked 
|  87|0x000000008a300000, 0x000000008a300000, 0x000000008a400000|  0%| F|  |TAMS 0x000000008a300000, 0x000000008a300000| Untracked 
|  88|0x000000008a400000, 0x000000008a400000, 0x000000008a500000|  0%| F|  |TAMS 0x000000008a400000, 0x000000008a400000| Untracked 
|  89|0x000000008a500000, 0x000000008a500000, 0x000000008a600000|  0%| F|  |TAMS 0x000000008a500000, 0x000000008a500000| Untracked 
|  90|0x000000008a600000, 0x000000008a600000, 0x000000008a700000|  0%| F|  |TAMS 0x000000008a600000, 0x000000008a600000| Untracked 
|  91|0x000000008a700000, 0x000000008a700000, 0x000000008a800000|  0%| F|  |TAMS 0x000000008a700000, 0x000000008a700000| Untracked 
|  92|0x000000008a800000, 0x000000008a800000, 0x000000008a900000|  0%| F|  |TAMS 0x000000008a800000, 0x000000008a800000| Untracked 
|  93|0x000000008a900000, 0x000000008a900000, 0x000000008aa00000|  0%| F|  |TAMS 0x000000008a900000, 0x000000008a900000| Untracked 
|  94|0x000000008aa00000, 0x000000008aa00000, 0x000000008ab00000|  0%| F|  |TAMS 0x000000008aa00000, 0x000000008aa00000| Untracked 
|  95|0x000000008ab00000, 0x000000008ab00000, 0x000000008ac00000|  0%| F|  |TAMS 0x000000008ab00000, 0x000000008ab00000| Untracked 
|  96|0x000000008ac00000, 0x000000008ac00000, 0x000000008ad00000|  0%| F|  |TAMS 0x000000008ac00000, 0x000000008ac00000| Untracked 
|  97|0x000000008ad00000, 0x000000008ad00000, 0x000000008ae00000|  0%| F|  |TAMS 0x000000008ad00000, 0x000000008ad00000| Untracked 
|  98|0x000000008ae00000, 0x000000008ae00000, 0x000000008af00000|  0%| F|  |TAMS 0x000000008ae00000, 0x000000008ae00000| Untracked 
|  99|0x000000008af00000, 0x000000008af00000, 0x000000008b000000|  0%| F|  |TAMS 0x000000008af00000, 0x000000008af00000| Untracked 
| 100|0x000000008b000000, 0x000000008b000000, 0x000000008b100000|  0%| F|  |TAMS 0x000000008b000000, 0x000000008b000000| Untracked 
| 101|0x000000008b100000, 0x000000008b100000, 0x000000008b200000|  0%| F|  |TAMS 0x000000008b100000, 0x000000008b100000| Untracked 
| 102|0x000000008b200000, 0x000000008b200000, 0x000000008b300000|  0%| F|  |TAMS 0x000000008b200000, 0x000000008b200000| Untracked 
| 103|0x000000008b300000, 0x000000008b300000, 0x000000008b400000|  0%| F|  |TAMS 0x000000008b300000, 0x000000008b300000| Untracked 
| 104|0x000000008b400000, 0x000000008b400000, 0x000000008b500000|  0%| F|  |TAMS 0x000000008b400000, 0x000000008b400000| Untracked 
| 105|0x000000008b500000, 0x000000008b500000, 0x000000008b600000|  0%| F|  |TAMS 0x000000008b500000, 0x000000008b500000| Untracked 
| 106|0x000000008b600000, 0x000000008b600000, 0x000000008b700000|  0%| F|  |TAMS 0x000000008b600000, 0x000000008b600000| Untracked 
| 107|0x000000008b700000, 0x000000008b700000, 0x000000008b800000|  0%| F|  |TAMS 0x000000008b700000, 0x000000008b700000| Untracked 
| 108|0x000000008b800000, 0x000000008b800000, 0x000000008b900000|  0%| F|  |TAMS 0x000000008b800000, 0x000000008b800000| Untracked 
| 109|0x000000008b900000, 0x000000008b900000, 0x000000008ba00000|  0%| F|  |TAMS 0x000000008b900000, 0x000000008b900000| Untracked 
| 110|0x000000008ba00000, 0x000000008ba00000, 0x000000008bb00000|  0%| F|  |TAMS 0x000000008ba00000, 0x000000008ba00000| Untracked 
| 111|0x000000008bb00000, 0x000000008bb00000, 0x000000008bc00000|  0%| F|  |TAMS 0x000000008bb00000, 0x000000008bb00000| Untracked 
| 112|0x000000008bc00000, 0x000000008bc00000, 0x000000008bd00000|  0%| F|  |TAMS 0x000000008bc00000, 0x000000008bc00000| Untracked 
| 113|0x000000008bd00000, 0x000000008bd00000, 0x000000008be00000|  0%| F|  |TAMS 0x000000008bd00000, 0x000000008bd00000| Untracked 
| 114|0x000000008be00000, 0x000000008be00000, 0x000000008bf00000|  0%| F|  |TAMS 0x000000008be00000, 0x000000008be00000| Untracked 
| 115|0x000000008bf00000, 0x000000008bf00000, 0x000000008c000000|  0%| F|  |TAMS 0x000000008bf00000, 0x000000008bf00000| Untracked 
| 116|0x000000008c000000, 0x000000008c000000, 0x000000008c100000|  0%| F|  |TAMS 0x000000008c000000, 0x000000008c000000| Untracked 
| 117|0x000000008c100000, 0x000000008c100000, 0x000000008c200000|  0%| F|  |TAMS 0x000000008c100000, 0x000000008c100000| Untracked 
| 118|0x000000008c200000, 0x000000008c200000, 0x000000008c300000|  0%| F|  |TAMS 0x000000008c200000, 0x000000008c200000| Untracked 
| 119|0x000000008c300000, 0x000000008c300000, 0x000000008c400000|  0%| F|  |TAMS 0x000000008c300000, 0x000000008c300000| Untracked 
| 120|0x000000008c400000, 0x000000008c400000, 0x000000008c500000|  0%| F|  |TAMS 0x000000008c400000, 0x000000008c400000| Untracked 
| 121|0x000000008c500000, 0x000000008c500000, 0x000000008c600000|  0%| F|  |TAMS 0x000000008c500000, 0x000000008c500000| Untracked 
| 122|0x000000008c600000, 0x000000008c600000, 0x000000008c700000|  0%| F|  |TAMS 0x000000008c600000, 0x000000008c600000| Untracked 
| 123|0x000000008c700000, 0x000000008c7eb988, 0x000000008c800000| 92%| E|  |TAMS 0x000000008c700000, 0x000000008c700000| Complete 

Card table byte_map: [0x000002664fe70000,0x0000026650250000] _byte_map_base: 0x000002664fa4a000

Marking Bits (Prev, Next): (CMBitMap*) 0x0000026638f10f80, (CMBitMap*) 0x0000026638f10fc0
 Prev Bits: [0x0000026650630000, 0x0000026652500000)
 Next Bits: [0x0000026652500000, 0x00000266543d0000)

Polling page: 0x0000026637060000

Metaspace:

Usage:
  Non-class:      1.72 MB used.
      Class:    149.17 KB used.
       Both:      1.87 MB used.

Virtual space:
  Non-class space:       64.00 MB reserved,       1.75 MB (  3%) committed,  1 nodes.
      Class space:        1.00 GB reserved,     192.00 KB ( <1%) committed,  1 nodes.
             Both:        1.06 GB reserved,       1.94 MB ( <1%) committed. 

Chunk freelists:
   Non-Class:  12.00 MB
       Class:  15.75 MB
        Both:  27.75 MB

MaxMetaspaceSize: unlimited
CompressedClassSpaceSize: 1.00 GB
Initial GC threshold: 21.00 MB
Current GC threshold: 17179869184.00 GB
CDS: off
MetaspaceReclaimPolicy: balanced
 - commit_granule_bytes: 65536.
 - commit_granule_words: 8192.
 - virtual_space_node_default_size: 8388608.
 - enlarge_chunks_in_place: 1.
 - new_chunks_are_fully_committed: 0.
 - uncommit_free_chunks: 1.
 - use_allocation_guard: 0.
 - handle_deallocations: 1.


Internal statistics:

num_allocs_failed_limit: 0.
num_arena_births: 2.
num_arena_deaths: 0.
num_vsnodes_births: 2.
num_vsnodes_deaths: 0.
num_space_committed: 31.
num_space_uncommitted: 0.
num_chunks_returned_to_freelist: 0.
num_chunks_taken_from_freelist: 3.
num_chunk_merges: 0.
num_chunk_splits: 2.
num_chunks_enlarged: 0.
num_purges: 0.
num_inconsistent_stats: 0.

CodeHeap 'non-profiled nmethods': size=120000Kb used=0Kb max_used=0Kb free=120000Kb
 bounds [0x0000026648230000, 0x00000266484a0000, 0x000002664f760000]
CodeHeap 'profiled nmethods': size=120000Kb used=0Kb max_used=0Kb free=120000Kb
 bounds [0x0000026640760000, 0x00000266409d0000, 0x0000026647c90000]
CodeHeap 'non-nmethods': size=5760Kb used=370Kb max_used=370Kb free=5389Kb
 bounds [0x0000026647c90000, 0x0000026647f00000, 0x0000026648230000]
 total_blobs=151 nmethods=0 adapters=124
 compilation: enabled
              stopped_count=0, restarted_count=0
 full_count=0

Compilation events (0 events):
No events

GC Heap History (0 events):
No events

Deoptimization events (0 events):
No events

Classes unloaded (0 events):
No events

Classes redefined (0 events):
No events

Internal exceptions (0 events):
No events

VM Operations (0 events):
No events

Events (20 events):
Event: 0.055 loading class java/lang/ref/ReferenceQueue$Lock
Event: 0.056 loading class java/lang/ref/ReferenceQueue$Lock done
Event: 0.056 Thread 0x0000026656e4c260 Thread added: 0x0000026656e4c260
Event: 0.056 loading class java/lang/ref/Reference$1
Event: 0.056 loading class jdk/internal/access/JavaLangRefAccess
Event: 0.056 loading class jdk/internal/access/JavaLangRefAccess done
Event: 0.056 loading class java/lang/ref/Reference$1 done
Event: 0.056 loading class java/lang/ref/Finalizer$FinalizerThread
Event: 0.056 loading class java/lang/ref/Finalizer$FinalizerThread done
Event: 0.056 Thread 0x0000026656dff130 Thread added: 0x0000026656dff130
Event: 0.056 loading class java/lang/System$2
Event: 0.056 loading class jdk/internal/access/JavaLangAccess
Event: 0.056 loading class jdk/internal/access/JavaLangAccess done
Event: 0.056 loading class jdk/internal/misc/VM
Event: 0.056 loading class java/lang/System$2 done
Event: 0.056 loading class jdk/internal/util/SystemProps
Event: 0.057 loading class jdk/internal/util/SystemProps done
Event: 0.057 loading class jdk/internal/util/SystemProps$Raw
Event: 0.057 loading class jdk/internal/util/SystemProps$Raw done
Event: 0.057 loading class jdk/internal/misc/VM done


Dynamic libraries:
0x00007ff665b90000 - 0x00007ff665ba0000 	C:\Program Files\Java\jdk-17\bin\java.exe
0x00007ffa05130000 - 0x00007ffa05347000 	C:\Windows\SYSTEM32\ntdll.dll
0x00007ffa044b0000 - 0x00007ffa04574000 	C:\Windows\System32\KERNEL32.DLL
0x00007ffa02730000 - 0x00007ffa02ad6000 	C:\Windows\System32\KERNELBASE.dll
0x00007ffa02550000 - 0x00007ffa02661000 	C:\Windows\System32\ucrtbase.dll
0x00007ff9f2d70000 - 0x00007ff9f2d8b000 	C:\Program Files\Java\jdk-17\bin\VCRUNTIME140.dll
0x00007ff9eded0000 - 0x00007ff9edee9000 	C:\Program Files\Java\jdk-17\bin\jli.dll
0x00007ffa04580000 - 0x00007ffa04630000 	C:\Windows\System32\ADVAPI32.dll
0x00007ffa05000000 - 0x00007ffa050a7000 	C:\Windows\System32\msvcrt.dll
0x00007ffa04f50000 - 0x00007ffa04ff6000 	C:\Windows\System32\sechost.dll
0x00007ffa03ff0000 - 0x00007ffa04107000 	C:\Windows\System32\RPCRT4.dll
0x00007ffa03c30000 - 0x00007ffa03ddd000 	C:\Windows\System32\USER32.dll
0x00007ffa02e60000 - 0x00007ffa02e86000 	C:\Windows\System32\win32u.dll
0x00007ffa03fc0000 - 0x00007ffa03fe9000 	C:\Windows\System32\GDI32.dll
0x00007ffa02cc0000 - 0x00007ffa02dd8000 	C:\Windows\System32\gdi32full.dll
0x00007ffa024b0000 - 0x00007ffa0254a000 	C:\Windows\System32\msvcp_win.dll
0x00007ff9eacb0000 - 0x00007ff9eaf43000 	C:\Windows\WinSxS\amd64_microsoft.windows.common-controls_6595b64144ccf1df_6.0.22621.2361_none_2712ced57382f843\COMCTL32.dll
0x00007ff9fabe0000 - 0x00007ff9fabea000 	C:\Windows\SYSTEM32\VERSION.dll
0x00007ffa050b0000 - 0x00007ffa050e1000 	C:\Windows\System32\IMM32.DLL
0x00007ff9edd10000 - 0x00007ff9edd1c000 	C:\Program Files\Java\jdk-17\bin\vcruntime140_1.dll
0x00007ff98fd60000 - 0x00007ff98fdee000 	C:\Program Files\Java\jdk-17\bin\msvcp140.dll
0x00007ff96d8f0000 - 0x00007ff96e4ce000 	C:\Program Files\Java\jdk-17\bin\server\jvm.dll
0x00007ffa03fb0000 - 0x00007ffa03fb8000 	C:\Windows\System32\PSAPI.DLL
0x00007ff9edda0000 - 0x00007ff9edda9000 	C:\Windows\SYSTEM32\WSOCK32.dll
0x00007ffa03bb0000 - 0x00007ffa03c21000 	C:\Windows\System32\WS2_32.dll
0x00007ff9f86b0000 - 0x00007ff9f86e4000 	C:\Windows\SYSTEM32\WINMM.dll
0x00007ffa014f0000 - 0x00007ffa01508000 	C:\Windows\SYSTEM32\kernel.appcore.dll
0x00007ff9ed7c0000 - 0x00007ff9ed7ca000 	C:\Program Files\Java\jdk-17\bin\jimage.dll
0x00007ff9ffcb0000 - 0x00007ff9ffede000 	C:\Windows\SYSTEM32\DBGHELP.DLL
0x00007ffa04630000 - 0x00007ffa049ba000 	C:\Windows\System32\combase.dll
0x00007ffa03050000 - 0x00007ffa03127000 	C:\Windows\System32\OLEAUT32.dll
0x00007ff9e3970000 - 0x00007ff9e39a2000 	C:\Windows\SYSTEM32\dbgcore.DLL
0x00007ffa02de0000 - 0x00007ffa02e5a000 	C:\Windows\System32\bcryptPrimitives.dll
0x00007ff9e0560000 - 0x00007ff9e0585000 	C:\Program Files\Java\jdk-17\bin\java.dll
0x00007ff98eed0000 - 0x00007ff98efa7000 	C:\Program Files\Java\jdk-17\bin\jsvml.dll

dbghelp: loaded successfully - version: 4.0.5 - missing functions: none
symbol engine: initialized successfully - sym options: 0x614 - pdb path: .;C:\Program Files\Java\jdk-17\bin;C:\Windows\SYSTEM32;C:\Windows\WinSxS\amd64_microsoft.windows.common-controls_6595b64144ccf1df_6.0.22621.2361_none_2712ced57382f843;C:\Program Files\Java\jdk-17\bin\server

VM Arguments:
jvm_args: -Dfile.encoding=UTF-8 --module-path=C:\Users\parid\OneDrive\Documents\NetBeansProjects\Travel Management System\build\classes 
java_command: travel.management.system.Contact
java_class_path (initial): C:\Users\parid\Downloads\rs2xml.jar;C:\Users\parid\Downloads\mysql-connector-java-8.0.28.jar;C:\Users\parid\OneDrive\Documents\NetBeansProjects\Travel Management System\build\classes
Launcher Type: SUN_STANDARD

[Global flags]
     intx CICompilerCount                          = 4                                         {product} {ergonomic}
     uint ConcGCThreads                            = 2                                         {product} {ergonomic}
     uint G1ConcRefinementThreads                  = 8                                         {product} {ergonomic}
   size_t G1HeapRegionSize                         = 1048576                                   {product} {ergonomic}
    uintx GCDrainStackTargetSize                   = 64                                        {product} {ergonomic}
   size_t InitialHeapSize                          = 130023424                                 {product} {ergonomic}
   size_t MarkStackSize                            = 4194304                                   {product} {ergonomic}
   size_t MaxHeapSize                              = 2067791872                                {product} {ergonomic}
   size_t MaxNewSize                               = 1240465408                                {product} {ergonomic}
   size_t MinHeapDeltaBytes                        = 1048576                                   {product} {ergonomic}
   size_t MinHeapSize                              = 8388608                                   {product} {ergonomic}
    uintx NonNMethodCodeHeapSize                   = 5839372                                {pd product} {ergonomic}
    uintx NonProfiledCodeHeapSize                  = 122909434                              {pd product} {ergonomic}
    uintx ProfiledCodeHeapSize                     = 122909434                              {pd product} {ergonomic}
    uintx ReservedCodeCacheSize                    = 251658240                              {pd product} {ergonomic}
     bool SegmentedCodeCache                       = true                                      {product} {ergonomic}
   size_t SoftMaxHeapSize                          = 2067791872                             {manageable} {ergonomic}
     bool UseCompressedClassPointers               = true                           {product lp64_product} {ergonomic}
     bool UseCompressedOops                        = true                           {product lp64_product} {ergonomic}
     bool UseG1GC                                  = true                                      {product} {ergonomic}
     bool UseLargePagesIndividualAllocation        = false                                  {pd product} {ergonomic}

Logging:
Log output configuration:
 #0: stdout all=warning uptime,level,tags
 #1: stderr all=off uptime,level,tags

Environment Variables:
JAVA_HOME=C:\Program Files\Java\jdk-17
PATH=C:\Program Files\Common Files\Oracle\Java\javapath;C:\Windows\system32;C:\Windows;C:\Windows\System32\Wbem;C:\Windows\System32\WindowsPowerShell\v1.0\;C:\Windows\System32\OpenSSH\;C:\Program Files\Java\jdk-17\bin;C:\Program Files\Common Files\Oracle\Java\javapath;C:\Program Files\MySQL\MySQL Shell 8.0\bin\;C:\Users\parid\AppData\Local\Microsoft\WindowsApps;
USERNAME=parid
OS=Windows_NT
PROCESSOR_IDENTIFIER=Intel64 Family 6 Model 140 Stepping 1, GenuineIntel



---------------  S Y S T E M  ---------------

OS:
 Windows 11 , 64 bit Build 22621 (10.0.22621.2428)
OS uptime: 23 days 20:14 hours

CPU: total 8 (initial active 8) (4 cores per cpu, 2 threads per core) family 6 model 140 stepping 1 microcode 0xa6, cx8, cmov, fxsr, ht, mmx, 3dnowpref, sse, sse2, sse3, ssse3, sse4.1, sse4.2, popcnt, lzcnt, tsc, tscinvbit, avx, avx2, aes, erms, clmul, bmi1, bmi2, adx, avx512f, avx512dq, avx512cd, avx512bw, avx512vl, sha, fma, vzeroupper, avx512_vpopcntdq, avx512_vpclmulqdq, avx512_vaes, avx512_vnni, clflush, clflushopt, clwb, avx512_vbmi2, avx512_vbmi

Memory: 4k page, system-wide physical 7886M (394M free)
TotalPageFile size 32462M (AvailPageFile size 4M)
current process WorkingSet (physical memory assigned to process): 18M, peak: 18M
current process commit charge ("private bytes"): 193M, peak: 193M

vm_info: Java HotSpot(TM) 64-Bit Server VM (17.0.8+9-LTS-211) for windows-amd64 JRE (17.0.8+9-LTS-211), built on Jun 14 2023 10:34:31 by "mach5one" with MS VC++ 17.1 (VS2022)

END.
