#
# There is insufficient memory for the Java Runtime Environment to continue.
# Native memory allocation (mmap) failed to map 65536 bytes for Failed to commit metaspace.
# Possible reasons:
#   The system is out of physical RAM or swap space
#   The process is running with CompressedOops enabled, and the Java Heap may be blocking the growth of the native heap
# Possible solutions:
#   Reduce memory load on the system
#   Increase physical memory or swap space
#   Check if swap backing store is full
#   Decrease Java heap size (-Xmx/-Xms)
#   Decrease number of Java threads
#   Decrease Java thread stack sizes (-Xss)
#   Set larger code cache with -XX:ReservedCodeCacheSize=
#   JVM is running with Unscaled Compressed Oops mode in which the Java heap is
#     placed in the first 4GB address space. The Java Heap base address is the
#     maximum limit for the native heap growth. Please use -XX:HeapBaseMinAddress
#     to set the Java Heap base and to place the Java Heap above 4GB virtual address.
# This output file may be truncated or incomplete.
#
#  Out of Memory Error (virtualSpaceNode.cpp:110), pid=3164, tid=33916
#
# JRE version: Java(TM) SE Runtime Environment (17.0.8+9) (build 17.0.8+9-LTS-211)
# Java VM: Java HotSpot(TM) 64-Bit Server VM (17.0.8+9-LTS-211, mixed mode, tiered, compressed oops, compressed class ptrs, g1 gc, windows-amd64)
# No core dump will be written. Minidumps are not enabled by default on client versions of Windows
#

---------------  S U M M A R Y ------------

Command Line: -Dfile.encoding=UTF-8 --module-path=C:\Users\parid\OneDrive\Documents\NetBeansProjects\Travel Management System\build\classes travel.management.system.Payment

Host: 11th Gen Intel(R) Core(TM) i5-1135G7 @ 2.40GHz, 8 cores, 7G,  Windows 11 , 64 bit Build 22621 (10.0.22621.2428)
Time: Tue Nov  7 00:07:15 2023 India Standard Time elapsed time: 0.099934 seconds (0d 0h 0m 0s)

---------------  T H R E A D  ---------------

Current thread (0x0000014996a28080):  JavaThread "main" [_thread_in_vm, id=33916, stack(0x0000003725200000,0x0000003725300000)]

Stack: [0x0000003725200000,0x0000003725300000]
Native frames: (J=compiled Java code, j=interpreted, Vv=VM code, C=native code)
V  [jvm.dll+0x677d0a]
V  [jvm.dll+0x7d8c54]
V  [jvm.dll+0x7da3fe]
V  [jvm.dll+0x7daa63]
V  [jvm.dll+0x245c5f]
V  [jvm.dll+0x7d4d5b]
V  [jvm.dll+0x61dcf6]
V  [jvm.dll+0x61dd5a]
V  [jvm.dll+0x62057d]
V  [jvm.dll+0x61e6b6]
V  [jvm.dll+0x62f459]
V  [jvm.dll+0x628774]
V  [jvm.dll+0x37e0b1]
C  0x00000149a580c6e8

Java frames: (J=compiled Java code, j=interpreted, Vv=VM code)
j  java.lang.invoke.DelegatingMethodHandle.<init>(Ljava/lang/invoke/MethodType;Ljava/lang/invoke/MethodHandle;)V+0 java.base@17.0.8
j  java.lang.invoke.MethodHandleImpl$IntrinsicMethodHandle.<init>(Ljava/lang/invoke/MethodHandle;Ljava/lang/invoke/MethodHandleImpl$Intrinsic;Ljava/lang/Object;)V+6 java.base@17.0.8
j  java.lang.invoke.MethodHandleImpl.makeIntrinsic(Ljava/lang/invoke/MethodHandle;Ljava/lang/invoke/MethodHandleImpl$Intrinsic;Ljava/lang/Object;)Ljava/lang/invoke/MethodHandle;+17 java.base@17.0.8
j  java.lang.invoke.MethodHandleImpl.makeIntrinsic(Ljava/lang/invoke/MethodHandle;Ljava/lang/invoke/MethodHandleImpl$Intrinsic;)Ljava/lang/invoke/MethodHandle;+3 java.base@17.0.8
j  java.lang.invoke.LambdaForm.createFormsFor(Ljava/lang/invoke/LambdaForm$BasicType;)V+341 java.base@17.0.8
j  java.lang.invoke.LambdaForm.identityForm(Ljava/lang/invoke/LambdaForm$BasicType;)Ljava/lang/invoke/LambdaForm;+18 java.base@17.0.8
j  java.lang.invoke.MethodHandles.makeIdentity(Ljava/lang/Class;)Ljava/lang/invoke/MethodHandle;+10 java.base@17.0.8
j  java.lang.invoke.MethodHandles.identity(Ljava/lang/Class;)Ljava/lang/invoke/MethodHandle;+41 java.base@17.0.8
j  java.lang.invoke.MethodHandles.constant(Ljava/lang/Class;Ljava/lang/Object;)Ljava/lang/invoke/MethodHandle;+80 java.base@17.0.8
j  java.lang.invoke.InnerClassLambdaMetafactory.buildCallSite()Ljava/lang/invoke/CallSite;+140 java.base@17.0.8
j  java.lang.invoke.LambdaMetafactory.metafactory(Ljava/lang/invoke/MethodHandles$Lookup;Ljava/lang/String;Ljava/lang/invoke/MethodType;Ljava/lang/invoke/MethodType;Ljava/lang/invoke/MethodHandle;Ljava/lang/invoke/MethodType;)Ljava/lang/invoke/CallSite;+67 java.base@17.0.8
j  java.lang.invoke.DirectMethodHandle$Holder.invokeStatic(Ljava/lang/Object;Ljava/lang/Object;Ljava/lang/Object;Ljava/lang/Object;Ljava/lang/Object;Ljava/lang/Object;Ljava/lang/Object;)Ljava/lang/Object;+20 java.base@17.0.8
j  java.lang.invoke.Invokers$Holder.invokeExact_MT(Ljava/lang/Object;Ljava/lang/Object;Ljava/lang/Object;Ljava/lang/Object;Ljava/lang/Object;Ljava/lang/Object;Ljava/lang/Object;Ljava/lang/Object;)Ljava/lang/Object;+28 java.base@17.0.8
j  java.lang.invoke.BootstrapMethodInvoker.invoke(Ljava/lang/Class;Ljava/lang/invoke/MethodHandle;Ljava/lang/String;Ljava/lang/Object;Ljava/lang/Object;Ljava/lang/Class;)Ljava/lang/Object;+319 java.base@17.0.8
j  java.lang.invoke.CallSite.makeSite(Ljava/lang/invoke/MethodHandle;Ljava/lang/String;Ljava/lang/invoke/MethodType;Ljava/lang/Object;Ljava/lang/Class;)Ljava/lang/invoke/CallSite;+8 java.base@17.0.8
j  java.lang.invoke.MethodHandleNatives.linkCallSiteImpl(Ljava/lang/Class;Ljava/lang/invoke/MethodHandle;Ljava/lang/String;Ljava/lang/invoke/MethodType;Ljava/lang/Object;[Ljava/lang/Object;)Ljava/lang/invoke/MemberName;+6 java.base@17.0.8
j  java.lang.invoke.MethodHandleNatives.linkCallSite(Ljava/lang/Object;ILjava/lang/Object;Ljava/lang/Object;Ljava/lang/Object;Ljava/lang/Object;[Ljava/lang/Object;)Ljava/lang/invoke/MemberName;+46 java.base@17.0.8
v  ~StubRoutines::call_stub
j  jdk.internal.module.DefaultRoots.compute(Ljava/lang/module/ModuleFinder;Ljava/lang/module/ModuleFinder;)Ljava/util/Set;+11 java.base@17.0.8
j  jdk.internal.module.ModuleBootstrap.boot2()Ljava/lang/ModuleLayer;+727 java.base@17.0.8
j  jdk.internal.module.ModuleBootstrap.boot()Ljava/lang/ModuleLayer;+64 java.base@17.0.8
j  java.lang.System.initPhase2(ZZ)I+0 java.base@17.0.8
v  ~StubRoutines::call_stub

---------------  P R O C E S S  ---------------

Threads class SMR info:
_java_thread_list=0x00000149b4ac6d60, length=10, elements={
0x0000014996a28080, 0x00000149b49b4250, 0x00000149b49b4c00, 0x00000149b4acc0c0,
0x00000149b4ae90e0, 0x00000149b4ae99a0, 0x00000149b4accd70, 0x00000149b4acdb00,
0x00000149b4af2020, 0x00000149b4af2a10
}

Java Threads: ( => current thread )
=>0x0000014996a28080 JavaThread "main" [_thread_in_vm, id=33916, stack(0x0000003725200000,0x0000003725300000)]
  0x00000149b49b4250 JavaThread "Reference Handler" daemon [_thread_blocked, id=34396, stack(0x0000003725900000,0x0000003725a00000)]
  0x00000149b49b4c00 JavaThread "Finalizer" daemon [_thread_blocked, id=34600, stack(0x0000003725a00000,0x0000003725b00000)]
  0x00000149b4acc0c0 JavaThread "Signal Dispatcher" daemon [_thread_blocked, id=23892, stack(0x0000003725b00000,0x0000003725c00000)]
  0x00000149b4ae90e0 JavaThread "Attach Listener" daemon [_thread_blocked, id=34560, stack(0x0000003725c00000,0x0000003725d00000)]
  0x00000149b4ae99a0 JavaThread "Service Thread" daemon [_thread_blocked, id=34556, stack(0x0000003725d00000,0x0000003725e00000)]
  0x00000149b4accd70 JavaThread "Monitor Deflation Thread" daemon [_thread_blocked, id=34644, stack(0x0000003725e00000,0x0000003725f00000)]
  0x00000149b4acdb00 JavaThread "C2 CompilerThread0" daemon [_thread_blocked, id=34640, stack(0x0000003725f00000,0x0000003726000000)]
  0x00000149b4af2020 JavaThread "C1 CompilerThread0" daemon [_thread_blocked, id=34636, stack(0x0000003726000000,0x0000003726100000)]
  0x00000149b4af2a10 JavaThread "Sweeper thread" daemon [_thread_blocked, id=34616, stack(0x0000003726100000,0x0000003726200000)]

Other Threads:
  0x00000149b498cc50 VMThread "VM Thread" [stack: 0x0000003725800000,0x0000003725900000] [id=34312]
  0x0000014996a80db0 GCTaskThread "GC Thread#0" [stack: 0x0000003725300000,0x0000003725400000] [id=8832]
  0x0000014996a91980 ConcurrentGCThread "G1 Main Marker" [stack: 0x0000003725400000,0x0000003725500000] [id=33880]
  0x0000014996a933a0 ConcurrentGCThread "G1 Conc#0" [stack: 0x0000003725500000,0x0000003725600000] [id=34544]
  0x00000149b47d0090 ConcurrentGCThread "G1 Refine#0" [stack: 0x0000003725600000,0x0000003725700000] [id=34320]
  0x00000149b47d0ab0 ConcurrentGCThread "G1 Service" [stack: 0x0000003725700000,0x0000003725800000] [id=34316]

Threads with active compile tasks:

VM state: not at safepoint (normal execution)

VM Mutex/Monitor currently owned by a thread:  ([mutex/lock_event])
[0x0000014996a24bb0] Metaspace_lock - owner thread: 0x0000014996a28080

Heap address: 0x0000000084c00000, size: 1972 MB, Compressed Oops mode: 32-bit

CDS archive(s) not mapped
Compressed class space mapped at: 0x0000000100000000-0x0000000140000000, reserved size: 1073741824
Narrow klass base: 0x0000000000000000, Narrow klass shift: 3, Narrow klass range: 0x140000000

GC Precious Log:
 CPUs: 8 total, 8 available
 Memory: 7886M
 Large Page Support: Disabled
 NUMA Support: Disabled
 Compressed Oops: Enabled (32-bit)
 Heap Region Size: 1M
 Heap Min Capacity: 8M
 Heap Initial Capacity: 124M
 Heap Max Capacity: 1972M
 Pre-touch: Disabled
 Parallel Workers: 8
 Concurrent Workers: 2
 Concurrent Refinement Workers: 8
 Periodic GC: Disabled

Heap:
 garbage-first heap   total 126976K, used 1024K [0x0000000084c00000, 0x0000000100000000)
  region size 1024K, 2 young (2048K), 0 survivors (0K)
 Metaspace       used 4713K, committed 4736K, reserved 1114112K
  class space    used 361K, committed 384K, reserved 1048576K

Heap Regions: E=young(eden), S=young(survivor), O=old, HS=humongous(starts), HC=humongous(continues), CS=collection set, F=free, OA=open archive, CA=closed archive, TAMS=top-at-mark-start (previous, next)
|   0|0x0000000084c00000, 0x0000000084c00000, 0x0000000084d00000|  0%| F|  |TAMS 0x0000000084c00000, 0x0000000084c00000| Untracked 
|   1|0x0000000084d00000, 0x0000000084d00000, 0x0000000084e00000|  0%| F|  |TAMS 0x0000000084d00000, 0x0000000084d00000| Untracked 
|   2|0x0000000084e00000, 0x0000000084e00000, 0x0000000084f00000|  0%| F|  |TAMS 0x0000000084e00000, 0x0000000084e00000| Untracked 
|   3|0x0000000084f00000, 0x0000000084f00000, 0x0000000085000000|  0%| F|  |TAMS 0x0000000084f00000, 0x0000000084f00000| Untracked 
|   4|0x0000000085000000, 0x0000000085000000, 0x0000000085100000|  0%| F|  |TAMS 0x0000000085000000, 0x0000000085000000| Untracked 
|   5|0x0000000085100000, 0x0000000085100000, 0x0000000085200000|  0%| F|  |TAMS 0x0000000085100000, 0x0000000085100000| Untracked 
|   6|0x0000000085200000, 0x0000000085200000, 0x0000000085300000|  0%| F|  |TAMS 0x0000000085200000, 0x0000000085200000| Untracked 
|   7|0x0000000085300000, 0x0000000085300000, 0x0000000085400000|  0%| F|  |TAMS 0x0000000085300000, 0x0000000085300000| Untracked 
|   8|0x0000000085400000, 0x0000000085400000, 0x0000000085500000|  0%| F|  |TAMS 0x0000000085400000, 0x0000000085400000| Untracked 
|   9|0x0000000085500000, 0x0000000085500000, 0x0000000085600000|  0%| F|  |TAMS 0x0000000085500000, 0x0000000085500000| Untracked 
|  10|0x0000000085600000, 0x0000000085600000, 0x0000000085700000|  0%| F|  |TAMS 0x0000000085600000, 0x0000000085600000| Untracked 
|  11|0x0000000085700000, 0x0000000085700000, 0x0000000085800000|  0%| F|  |TAMS 0x0000000085700000, 0x0000000085700000| Untracked 
|  12|0x0000000085800000, 0x0000000085800000, 0x0000000085900000|  0%| F|  |TAMS 0x0000000085800000, 0x0000000085800000| Untracked 
|  13|0x0000000085900000, 0x0000000085900000, 0x0000000085a00000|  0%| F|  |TAMS 0x0000000085900000, 0x0000000085900000| Untracked 
|  14|0x0000000085a00000, 0x0000000085a00000, 0x0000000085b00000|  0%| F|  |TAMS 0x0000000085a00000, 0x0000000085a00000| Untracked 
|  15|0x0000000085b00000, 0x0000000085b00000, 0x0000000085c00000|  0%| F|  |TAMS 0x0000000085b00000, 0x0000000085b00000| Untracked 
|  16|0x0000000085c00000, 0x0000000085c00000, 0x0000000085d00000|  0%| F|  |TAMS 0x0000000085c00000, 0x0000000085c00000| Untracked 
|  17|0x0000000085d00000, 0x0000000085d00000, 0x0000000085e00000|  0%| F|  |TAMS 0x0000000085d00000, 0x0000000085d00000| Untracked 
|  18|0x0000000085e00000, 0x0000000085e00000, 0x0000000085f00000|  0%| F|  |TAMS 0x0000000085e00000, 0x0000000085e00000| Untracked 
|  19|0x0000000085f00000, 0x0000000085f00000, 0x0000000086000000|  0%| F|  |TAMS 0x0000000085f00000, 0x0000000085f00000| Untracked 
|  20|0x0000000086000000, 0x0000000086000000, 0x0000000086100000|  0%| F|  |TAMS 0x0000000086000000, 0x0000000086000000| Untracked 
|  21|0x0000000086100000, 0x0000000086100000, 0x0000000086200000|  0%| F|  |TAMS 0x0000000086100000, 0x0000000086100000| Untracked 
|  22|0x0000000086200000, 0x0000000086200000, 0x0000000086300000|  0%| F|  |TAMS 0x0000000086200000, 0x0000000086200000| Untracked 
|  23|0x0000000086300000, 0x0000000086300000, 0x0000000086400000|  0%| F|  |TAMS 0x0000000086300000, 0x0000000086300000| Untracked 
|  24|0x0000000086400000, 0x0000000086400000, 0x0000000086500000|  0%| F|  |TAMS 0x0000000086400000, 0x0000000086400000| Untracked 
|  25|0x0000000086500000, 0x0000000086500000, 0x0000000086600000|  0%| F|  |TAMS 0x0000000086500000, 0x0000000086500000| Untracked 
|  26|0x0000000086600000, 0x0000000086600000, 0x0000000086700000|  0%| F|  |TAMS 0x0000000086600000, 0x0000000086600000| Untracked 
|  27|0x0000000086700000, 0x0000000086700000, 0x0000000086800000|  0%| F|  |TAMS 0x0000000086700000, 0x0000000086700000| Untracked 
|  28|0x0000000086800000, 0x0000000086800000, 0x0000000086900000|  0%| F|  |TAMS 0x0000000086800000, 0x0000000086800000| Untracked 
|  29|0x0000000086900000, 0x0000000086900000, 0x0000000086a00000|  0%| F|  |TAMS 0x0000000086900000, 0x0000000086900000| Untracked 
|  30|0x0000000086a00000, 0x0000000086a00000, 0x0000000086b00000|  0%| F|  |TAMS 0x0000000086a00000, 0x0000000086a00000| Untracked 
|  31|0x0000000086b00000, 0x0000000086b00000, 0x0000000086c00000|  0%| F|  |TAMS 0x0000000086b00000, 0x0000000086b00000| Untracked 
|  32|0x0000000086c00000, 0x0000000086c00000, 0x0000000086d00000|  0%| F|  |TAMS 0x0000000086c00000, 0x0000000086c00000| Untracked 
|  33|0x0000000086d00000, 0x0000000086d00000, 0x0000000086e00000|  0%| F|  |TAMS 0x0000000086d00000, 0x0000000086d00000| Untracked 
|  34|0x0000000086e00000, 0x0000000086e00000, 0x0000000086f00000|  0%| F|  |TAMS 0x0000000086e00000, 0x0000000086e00000| Untracked 
|  35|0x0000000086f00000, 0x0000000086f00000, 0x0000000087000000|  0%| F|  |TAMS 0x0000000086f00000, 0x0000000086f00000| Untracked 
|  36|0x0000000087000000, 0x0000000087000000, 0x0000000087100000|  0%| F|  |TAMS 0x0000000087000000, 0x0000000087000000| Untracked 
|  37|0x0000000087100000, 0x0000000087100000, 0x0000000087200000|  0%| F|  |TAMS 0x0000000087100000, 0x0000000087100000| Untracked 
|  38|0x0000000087200000, 0x0000000087200000, 0x0000000087300000|  0%| F|  |TAMS 0x0000000087200000, 0x0000000087200000| Untracked 
|  39|0x0000000087300000, 0x0000000087300000, 0x0000000087400000|  0%| F|  |TAMS 0x0000000087300000, 0x0000000087300000| Untracked 
|  40|0x0000000087400000, 0x0000000087400000, 0x0000000087500000|  0%| F|  |TAMS 0x0000000087400000, 0x0000000087400000| Untracked 
|  41|0x0000000087500000, 0x0000000087500000, 0x0000000087600000|  0%| F|  |TAMS 0x0000000087500000, 0x0000000087500000| Untracked 
|  42|0x0000000087600000, 0x0000000087600000, 0x0000000087700000|  0%| F|  |TAMS 0x0000000087600000, 0x0000000087600000| Untracked 
|  43|0x0000000087700000, 0x0000000087700000, 0x0000000087800000|  0%| F|  |TAMS 0x0000000087700000, 0x0000000087700000| Untracked 
|  44|0x0000000087800000, 0x0000000087800000, 0x0000000087900000|  0%| F|  |TAMS 0x0000000087800000, 0x0000000087800000| Untracked 
|  45|0x0000000087900000, 0x0000000087900000, 0x0000000087a00000|  0%| F|  |TAMS 0x0000000087900000, 0x0000000087900000| Untracked 
|  46|0x0000000087a00000, 0x0000000087a00000, 0x0000000087b00000|  0%| F|  |TAMS 0x0000000087a00000, 0x0000000087a00000| Untracked 
|  47|0x0000000087b00000, 0x0000000087b00000, 0x0000000087c00000|  0%| F|  |TAMS 0x0000000087b00000, 0x0000000087b00000| Untracked 
|  48|0x0000000087c00000, 0x0000000087c00000, 0x0000000087d00000|  0%| F|  |TAMS 0x0000000087c00000, 0x0000000087c00000| Untracked 
|  49|0x0000000087d00000, 0x0000000087d00000, 0x0000000087e00000|  0%| F|  |TAMS 0x0000000087d00000, 0x0000000087d00000| Untracked 
|  50|0x0000000087e00000, 0x0000000087e00000, 0x0000000087f00000|  0%| F|  |TAMS 0x0000000087e00000, 0x0000000087e00000| Untracked 
|  51|0x0000000087f00000, 0x0000000087f00000, 0x0000000088000000|  0%| F|  |TAMS 0x0000000087f00000, 0x0000000087f00000| Untracked 
|  52|0x0000000088000000, 0x0000000088000000, 0x0000000088100000|  0%| F|  |TAMS 0x0000000088000000, 0x0000000088000000| Untracked 
|  53|0x0000000088100000, 0x0000000088100000, 0x0000000088200000|  0%| F|  |TAMS 0x0000000088100000, 0x0000000088100000| Untracked 
|  54|0x0000000088200000, 0x0000000088200000, 0x0000000088300000|  0%| F|  |TAMS 0x0000000088200000, 0x0000000088200000| Untracked 
|  55|0x0000000088300000, 0x0000000088300000, 0x0000000088400000|  0%| F|  |TAMS 0x0000000088300000, 0x0000000088300000| Untracked 
|  56|0x0000000088400000, 0x0000000088400000, 0x0000000088500000|  0%| F|  |TAMS 0x0000000088400000, 0x0000000088400000| Untracked 
|  57|0x0000000088500000, 0x0000000088500000, 0x0000000088600000|  0%| F|  |TAMS 0x0000000088500000, 0x0000000088500000| Untracked 
|  58|0x0000000088600000, 0x0000000088600000, 0x0000000088700000|  0%| F|  |TAMS 0x0000000088600000, 0x0000000088600000| Untracked 
|  59|0x0000000088700000, 0x0000000088700000, 0x0000000088800000|  0%| F|  |TAMS 0x0000000088700000, 0x0000000088700000| Untracked 
|  60|0x0000000088800000, 0x0000000088800000, 0x0000000088900000|  0%| F|  |TAMS 0x0000000088800000, 0x0000000088800000| Untracked 
|  61|0x0000000088900000, 0x0000000088900000, 0x0000000088a00000|  0%| F|  |TAMS 0x0000000088900000, 0x0000000088900000| Untracked 
|  62|0x0000000088a00000, 0x0000000088a00000, 0x0000000088b00000|  0%| F|  |TAMS 0x0000000088a00000, 0x0000000088a00000| Untracked 
|  63|0x0000000088b00000, 0x0000000088b00000, 0x0000000088c00000|  0%| F|  |TAMS 0x0000000088b00000, 0x0000000088b00000| Untracked 
|  64|0x0000000088c00000, 0x0000000088c00000, 0x0000000088d00000|  0%| F|  |TAMS 0x0000000088c00000, 0x0000000088c00000| Untracked 
|  65|0x0000000088d00000, 0x0000000088d00000, 0x0000000088e00000|  0%| F|  |TAMS 0x0000000088d00000, 0x0000000088d00000| Untracked 
|  66|0x0000000088e00000, 0x0000000088e00000, 0x0000000088f00000|  0%| F|  |TAMS 0x0000000088e00000, 0x0000000088e00000| Untracked 
|  67|0x0000000088f00000, 0x0000000088f00000, 0x0000000089000000|  0%| F|  |TAMS 0x0000000088f00000, 0x0000000088f00000| Untracked 
|  68|0x0000000089000000, 0x0000000089000000, 0x0000000089100000|  0%| F|  |TAMS 0x0000000089000000, 0x0000000089000000| Untracked 
|  69|0x0000000089100000, 0x0000000089100000, 0x0000000089200000|  0%| F|  |TAMS 0x0000000089100000, 0x0000000089100000| Untracked 
|  70|0x0000000089200000, 0x0000000089200000, 0x0000000089300000|  0%| F|  |TAMS 0x0000000089200000, 0x0000000089200000| Untracked 
|  71|0x0000000089300000, 0x0000000089300000, 0x0000000089400000|  0%| F|  |TAMS 0x0000000089300000, 0x0000000089300000| Untracked 
|  72|0x0000000089400000, 0x0000000089400000, 0x0000000089500000|  0%| F|  |TAMS 0x0000000089400000, 0x0000000089400000| Untracked 
|  73|0x0000000089500000, 0x0000000089500000, 0x0000000089600000|  0%| F|  |TAMS 0x0000000089500000, 0x0000000089500000| Untracked 
|  74|0x0000000089600000, 0x0000000089600000, 0x0000000089700000|  0%| F|  |TAMS 0x0000000089600000, 0x0000000089600000| Untracked 
|  75|0x0000000089700000, 0x0000000089700000, 0x0000000089800000|  0%| F|  |TAMS 0x0000000089700000, 0x0000000089700000| Untracked 
|  76|0x0000000089800000, 0x0000000089800000, 0x0000000089900000|  0%| F|  |TAMS 0x0000000089800000, 0x0000000089800000| Untracked 
|  77|0x0000000089900000, 0x0000000089900000, 0x0000000089a00000|  0%| F|  |TAMS 0x0000000089900000, 0x0000000089900000| Untracked 
|  78|0x0000000089a00000, 0x0000000089a00000, 0x0000000089b00000|  0%| F|  |TAMS 0x0000000089a00000, 0x0000000089a00000| Untracked 
|  79|0x0000000089b00000, 0x0000000089b00000, 0x0000000089c00000|  0%| F|  |TAMS 0x0000000089b00000, 0x0000000089b00000| Untracked 
|  80|0x0000000089c00000, 0x0000000089c00000, 0x0000000089d00000|  0%| F|  |TAMS 0x0000000089c00000, 0x0000000089c00000| Untracked 
|  81|0x0000000089d00000, 0x0000000089d00000, 0x0000000089e00000|  0%| F|  |TAMS 0x0000000089d00000, 0x0000000089d00000| Untracked 
|  82|0x0000000089e00000, 0x0000000089e00000, 0x0000000089f00000|  0%| F|  |TAMS 0x0000000089e00000, 0x0000000089e00000| Untracked 
|  83|0x0000000089f00000, 0x0000000089f00000, 0x000000008a000000|  0%| F|  |TAMS 0x0000000089f00000, 0x0000000089f00000| Untracked 
|  84|0x000000008a000000, 0x000000008a000000, 0x000000008a100000|  0%| F|  |TAMS 0x000000008a000000, 0x000000008a000000| Untracked 
|  85|0x000000008a100000, 0x000000008a100000, 0x000000008a200000|  0%| F|  |TAMS 0x000000008a100000, 0x000000008a100000| Untracked 
|  86|0x000000008a200000, 0x000000008a200000, 0x000000008a300000|  0%| F|  |TAMS 0x000000008a200000, 0x000000008a200000| Untracked 
|  87|0x000000008a300000, 0x000000008a300000, 0x000000008a400000|  0%| F|  |TAMS 0x000000008a300000, 0x000000008a300000| Untracked 
|  88|0x000000008a400000, 0x000000008a400000, 0x000000008a500000|  0%| F|  |TAMS 0x000000008a400000, 0x000000008a400000| Untracked 
|  89|0x000000008a500000, 0x000000008a500000, 0x000000008a600000|  0%| F|  |TAMS 0x000000008a500000, 0x000000008a500000| Untracked 
|  90|0x000000008a600000, 0x000000008a600000, 0x000000008a700000|  0%| F|  |TAMS 0x000000008a600000, 0x000000008a600000| Untracked 
|  91|0x000000008a700000, 0x000000008a700000, 0x000000008a800000|  0%| F|  |TAMS 0x000000008a700000, 0x000000008a700000| Untracked 
|  92|0x000000008a800000, 0x000000008a800000, 0x000000008a900000|  0%| F|  |TAMS 0x000000008a800000, 0x000000008a800000| Untracked 
|  93|0x000000008a900000, 0x000000008a900000, 0x000000008aa00000|  0%| F|  |TAMS 0x000000008a900000, 0x000000008a900000| Untracked 
|  94|0x000000008aa00000, 0x000000008aa00000, 0x000000008ab00000|  0%| F|  |TAMS 0x000000008aa00000, 0x000000008aa00000| Untracked 
|  95|0x000000008ab00000, 0x000000008ab00000, 0x000000008ac00000|  0%| F|  |TAMS 0x000000008ab00000, 0x000000008ab00000| Untracked 
|  96|0x000000008ac00000, 0x000000008ac00000, 0x000000008ad00000|  0%| F|  |TAMS 0x000000008ac00000, 0x000000008ac00000| Untracked 
|  97|0x000000008ad00000, 0x000000008ad00000, 0x000000008ae00000|  0%| F|  |TAMS 0x000000008ad00000, 0x000000008ad00000| Untracked 
|  98|0x000000008ae00000, 0x000000008ae00000, 0x000000008af00000|  0%| F|  |TAMS 0x000000008ae00000, 0x000000008ae00000| Untracked 
|  99|0x000000008af00000, 0x000000008af00000, 0x000000008b000000|  0%| F|  |TAMS 0x000000008af00000, 0x000000008af00000| Untracked 
| 100|0x000000008b000000, 0x000000008b000000, 0x000000008b100000|  0%| F|  |TAMS 0x000000008b000000, 0x000000008b000000| Untracked 
| 101|0x000000008b100000, 0x000000008b100000, 0x000000008b200000|  0%| F|  |TAMS 0x000000008b100000, 0x000000008b100000| Untracked 
| 102|0x000000008b200000, 0x000000008b200000, 0x000000008b300000|  0%| F|  |TAMS 0x000000008b200000, 0x000000008b200000| Untracked 
| 103|0x000000008b300000, 0x000000008b300000, 0x000000008b400000|  0%| F|  |TAMS 0x000000008b300000, 0x000000008b300000| Untracked 
| 104|0x000000008b400000, 0x000000008b400000, 0x000000008b500000|  0%| F|  |TAMS 0x000000008b400000, 0x000000008b400000| Untracked 
| 105|0x000000008b500000, 0x000000008b500000, 0x000000008b600000|  0%| F|  |TAMS 0x000000008b500000, 0x000000008b500000| Untracked 
| 106|0x000000008b600000, 0x000000008b600000, 0x000000008b700000|  0%| F|  |TAMS 0x000000008b600000, 0x000000008b600000| Untracked 
| 107|0x000000008b700000, 0x000000008b700000, 0x000000008b800000|  0%| F|  |TAMS 0x000000008b700000, 0x000000008b700000| Untracked 
| 108|0x000000008b800000, 0x000000008b800000, 0x000000008b900000|  0%| F|  |TAMS 0x000000008b800000, 0x000000008b800000| Untracked 
| 109|0x000000008b900000, 0x000000008b900000, 0x000000008ba00000|  0%| F|  |TAMS 0x000000008b900000, 0x000000008b900000| Untracked 
| 110|0x000000008ba00000, 0x000000008ba00000, 0x000000008bb00000|  0%| F|  |TAMS 0x000000008ba00000, 0x000000008ba00000| Untracked 
| 111|0x000000008bb00000, 0x000000008bb00000, 0x000000008bc00000|  0%| F|  |TAMS 0x000000008bb00000, 0x000000008bb00000| Untracked 
| 112|0x000000008bc00000, 0x000000008bc00000, 0x000000008bd00000|  0%| F|  |TAMS 0x000000008bc00000, 0x000000008bc00000| Untracked 
| 113|0x000000008bd00000, 0x000000008bd00000, 0x000000008be00000|  0%| F|  |TAMS 0x000000008bd00000, 0x000000008bd00000| Untracked 
| 114|0x000000008be00000, 0x000000008be00000, 0x000000008bf00000|  0%| F|  |TAMS 0x000000008be00000, 0x000000008be00000| Untracked 
| 115|0x000000008bf00000, 0x000000008bf00000, 0x000000008c000000|  0%| F|  |TAMS 0x000000008bf00000, 0x000000008bf00000| Untracked 
| 116|0x000000008c000000, 0x000000008c000000, 0x000000008c100000|  0%| F|  |TAMS 0x000000008c000000, 0x000000008c000000| Untracked 
| 117|0x000000008c100000, 0x000000008c100000, 0x000000008c200000|  0%| F|  |TAMS 0x000000008c100000, 0x000000008c100000| Untracked 
| 118|0x000000008c200000, 0x000000008c200000, 0x000000008c300000|  0%| F|  |TAMS 0x000000008c200000, 0x000000008c200000| Untracked 
| 119|0x000000008c300000, 0x000000008c300000, 0x000000008c400000|  0%| F|  |TAMS 0x000000008c300000, 0x000000008c300000| Untracked 
| 120|0x000000008c400000, 0x000000008c400000, 0x000000008c500000|  0%| F|  |TAMS 0x000000008c400000, 0x000000008c400000| Untracked 
| 121|0x000000008c500000, 0x000000008c500000, 0x000000008c600000|  0%| F|  |TAMS 0x000000008c500000, 0x000000008c500000| Untracked 
| 122|0x000000008c600000, 0x000000008c676498, 0x000000008c700000| 46%| E|  |TAMS 0x000000008c600000, 0x000000008c600000| Complete 
| 123|0x000000008c700000, 0x000000008c800000, 0x000000008c800000|100%| E|CS|TAMS 0x000000008c700000, 0x000000008c700000| Complete 

Card table byte_map: [0x00000149ad9e0000,0x00000149addc0000] _byte_map_base: 0x00000149ad5ba000

Marking Bits (Prev, Next): (CMBitMap*) 0x0000014996a813c0, (CMBitMap*) 0x0000014996a81400
 Prev Bits: [0x00000149ae1a0000, 0x00000149b0070000)
 Next Bits: [0x00000149b0070000, 0x00000149b1f40000)

Polling page: 0x0000014994990000

Metaspace:

Usage:
  Non-class:      4.25 MB used.
      Class:    361.82 KB used.
       Both:      4.60 MB used.

Virtual space:
  Non-class space:       64.00 MB reserved,       4.25 MB (  7%) committed,  1 nodes.
      Class space:        1.00 GB reserved,     384.00 KB ( <1%) committed,  1 nodes.
             Both:        1.06 GB reserved,       4.62 MB ( <1%) committed. 

Chunk freelists:
   Non-Class:  11.00 MB
       Class:  15.62 MB
        Both:  26.62 MB

MaxMetaspaceSize: unlimited
CompressedClassSpaceSize: 1.00 GB
Initial GC threshold: 21.00 MB
Current GC threshold: 21.00 MB
CDS: off
MetaspaceReclaimPolicy: balanced
 - commit_granule_bytes: 65536.
 - commit_granule_words: 8192.
 - virtual_space_node_default_size: 8388608.
 - enlarge_chunks_in_place: 1.
 - new_chunks_are_fully_committed: 0.
 - uncommit_free_chunks: 1.
 - use_allocation_guard: 0.
 - handle_deallocations: 1.


Internal statistics:

num_allocs_failed_limit: 0.
num_arena_births: 2.
num_arena_deaths: 0.
num_vsnodes_births: 2.
num_vsnodes_deaths: 0.
num_space_committed: 74.
num_space_uncommitted: 0.
num_chunks_returned_to_freelist: 0.
num_chunks_taken_from_freelist: 5.
num_chunk_merges: 0.
num_chunk_splits: 3.
num_chunks_enlarged: 0.
num_purges: 0.
num_inconsistent_stats: 0.

CodeHeap 'non-profiled nmethods': size=120000Kb used=13Kb max_used=13Kb free=119986Kb
 bounds [0x00000149a5da0000, 0x00000149a6010000, 0x00000149ad2d0000]
CodeHeap 'profiled nmethods': size=120000Kb used=46Kb max_used=46Kb free=119953Kb
 bounds [0x000001499e2d0000, 0x000001499e540000, 0x00000149a5800000]
CodeHeap 'non-nmethods': size=5760Kb used=1085Kb max_used=1085Kb free=4674Kb
 bounds [0x00000149a5800000, 0x00000149a5a70000, 0x00000149a5da0000]
 total_blobs=385 nmethods=45 adapters=253
 compilation: enabled
              stopped_count=0, restarted_count=0
 full_count=0

Compilation events (20 events):
Event: 0.079 Thread 0x00000149b4af2020   26       3       java.lang.StringLatin1::canEncode (13 bytes)
Event: 0.080 Thread 0x00000149b4af2020 nmethod 26 0x000001499e2d7810 code [0x000001499e2d79a0, 0x000001499e2d7af8]
Event: 0.081 Thread 0x00000149b4acdb00   27       4       java.lang.Object::<init> (1 bytes)
Event: 0.081 Thread 0x00000149b4af2020   28       3       java.util.concurrent.ConcurrentHashMap::tabAt (22 bytes)
Event: 0.081 Thread 0x00000149b4af2020 nmethod 28 0x000001499e2d7b90 code [0x000001499e2d7d40, 0x000001499e2d8018]
Event: 0.081 Thread 0x00000149b4af2020   30       3       java.util.ImmutableCollections$SetN$SetNIterator::next (90 bytes)
Event: 0.081 Thread 0x00000149b4acdb00 nmethod 27 0x00000149a5da0a10 code [0x00000149a5da0b80, 0x00000149a5da0bf8]
Event: 0.081 Thread 0x00000149b4af2020 nmethod 30 0x000001499e2d8110 code [0x000001499e2d82c0, 0x000001499e2d85c8]
Event: 0.081 Thread 0x00000149b4af2020   29       3       jdk.internal.misc.Unsafe::getReferenceAcquire (7 bytes)
Event: 0.081 Thread 0x00000149b4af2020 nmethod 29 0x000001499e2d8710 code [0x000001499e2d88a0, 0x000001499e2d89f8]
Event: 0.083 Thread 0x00000149b4af2020   31       3       java.util.HashMap::hash (20 bytes)
Event: 0.083 Thread 0x00000149b4af2020 nmethod 31 0x000001499e2d8a90 code [0x000001499e2d8c40, 0x000001499e2d8e48]
Event: 0.087 Thread 0x00000149b4af2020   33       1       java.lang.Enum::ordinal (5 bytes)
Event: 0.087 Thread 0x00000149b4af2020 nmethod 33 0x00000149a5da1010 code [0x00000149a5da11a0, 0x00000149a5da1278]
Event: 0.089 Thread 0x00000149b4af2020   39   !   3       java.util.concurrent.ConcurrentHashMap::putVal (432 bytes)
Event: 0.090 Thread 0x00000149b4af2020 nmethod 39 0x000001499e2d8f10 code [0x000001499e2d9280, 0x000001499e2dad68]
Event: 0.090 Thread 0x00000149b4af2020   40       3       java.util.concurrent.ConcurrentHashMap$Node::<init> (20 bytes)
Event: 0.090 Thread 0x00000149b4af2020 nmethod 40 0x000001499e2db710 code [0x000001499e2db8c0, 0x000001499e2dbaf8]
Event: 0.093 Thread 0x00000149b4af2020   42       1       java.lang.Class::getClassLoader0 (5 bytes)
Event: 0.093 Thread 0x00000149b4af2020 nmethod 42 0x00000149a5da2c90 code [0x00000149a5da2e20, 0x00000149a5da2ef8]

GC Heap History (0 events):
No events

Deoptimization events (0 events):
No events

Classes unloaded (0 events):
No events

Classes redefined (0 events):
No events

Internal exceptions (0 events):
No events

VM Operations (0 events):
No events

Events (20 events):
Event: 0.093 loading class java/lang/invoke/SimpleMethodHandle
Event: 0.093 loading class java/lang/invoke/SimpleMethodHandle done
Event: 0.093 loading class java/lang/NoSuchFieldException
Event: 0.093 loading class java/lang/NoSuchFieldException done
Event: 0.093 loading class java/lang/invoke/BoundMethodHandle$Species_L
Event: 0.094 loading class java/lang/invoke/BoundMethodHandle$Species_L done
Event: 0.094 loading class sun/invoke/util/VerifyType
Event: 0.094 loading class sun/invoke/util/VerifyType done
Event: 0.094 loading class sun/invoke/empty/Empty
Event: 0.094 loading class sun/invoke/empty/Empty done
Event: 0.094 loading class java/lang/invoke/DirectMethodHandle$2
Event: 0.094 loading class java/lang/invoke/DirectMethodHandle$2 done
Event: 0.094 loading class java/lang/invoke/DirectMethodHandle$Accessor
Event: 0.094 loading class java/lang/invoke/DirectMethodHandle$Accessor done
Event: 0.094 loading class java/lang/invoke/MethodHandleImpl$IntrinsicMethodHandle
Event: 0.094 loading class java/lang/invoke/DelegatingMethodHandle
Event: 0.094 loading class java/lang/invoke/DelegatingMethodHandle done
Event: 0.094 loading class java/lang/invoke/MethodHandleImpl$IntrinsicMethodHandle done
Event: 0.095 loading class java/lang/invoke/DelegatingMethodHandle$Holder
Event: 0.095 loading class java/lang/invoke/DelegatingMethodHandle$Holder done


Dynamic libraries:
0x00007ff617e60000 - 0x00007ff617e70000 	C:\Program Files\Java\jdk-17\bin\java.exe
0x00007ffa05130000 - 0x00007ffa05347000 	C:\Windows\SYSTEM32\ntdll.dll
0x00007ffa044b0000 - 0x00007ffa04574000 	C:\Windows\System32\KERNEL32.DLL
0x00007ffa02730000 - 0x00007ffa02ad6000 	C:\Windows\System32\KERNELBASE.dll
0x00007ffa02550000 - 0x00007ffa02661000 	C:\Windows\System32\ucrtbase.dll
0x00007ff9e7bf0000 - 0x00007ff9e7c09000 	C:\Program Files\Java\jdk-17\bin\jli.dll
0x00007ff9cff60000 - 0x00007ff9cff7b000 	C:\Program Files\Java\jdk-17\bin\VCRUNTIME140.dll
0x00007ffa04580000 - 0x00007ffa04630000 	C:\Windows\System32\ADVAPI32.dll
0x00007ffa05000000 - 0x00007ffa050a7000 	C:\Windows\System32\msvcrt.dll
0x00007ffa04f50000 - 0x00007ffa04ff6000 	C:\Windows\System32\sechost.dll
0x00007ffa03ff0000 - 0x00007ffa04107000 	C:\Windows\System32\RPCRT4.dll
0x00007ffa03c30000 - 0x00007ffa03ddd000 	C:\Windows\System32\USER32.dll
0x00007ffa02e60000 - 0x00007ffa02e86000 	C:\Windows\System32\win32u.dll
0x00007ffa03fc0000 - 0x00007ffa03fe9000 	C:\Windows\System32\GDI32.dll
0x00007ffa02cc0000 - 0x00007ffa02dd8000 	C:\Windows\System32\gdi32full.dll
0x00007ffa024b0000 - 0x00007ffa0254a000 	C:\Windows\System32\msvcp_win.dll
0x00007ff9eacb0000 - 0x00007ff9eaf43000 	C:\Windows\WinSxS\amd64_microsoft.windows.common-controls_6595b64144ccf1df_6.0.22621.2361_none_2712ced57382f843\COMCTL32.dll
0x00007ff9fabe0000 - 0x00007ff9fabea000 	C:\Windows\SYSTEM32\VERSION.dll
0x00007ffa050b0000 - 0x00007ffa050e1000 	C:\Windows\System32\IMM32.DLL
0x00007ff9ed8d0000 - 0x00007ff9ed8dc000 	C:\Program Files\Java\jdk-17\bin\vcruntime140_1.dll
0x00007ff988400000 - 0x00007ff98848e000 	C:\Program Files\Java\jdk-17\bin\msvcp140.dll
0x00007ff9773f0000 - 0x00007ff977fce000 	C:\Program Files\Java\jdk-17\bin\server\jvm.dll
0x00007ffa03fb0000 - 0x00007ffa03fb8000 	C:\Windows\System32\PSAPI.DLL
0x00007ff9fefd0000 - 0x00007ff9fefd9000 	C:\Windows\SYSTEM32\WSOCK32.dll
0x00007ffa03bb0000 - 0x00007ffa03c21000 	C:\Windows\System32\WS2_32.dll
0x00007ff9f86b0000 - 0x00007ff9f86e4000 	C:\Windows\SYSTEM32\WINMM.dll
0x00007ffa014f0000 - 0x00007ffa01508000 	C:\Windows\SYSTEM32\kernel.appcore.dll
0x00007ff9ed4c0000 - 0x00007ff9ed4ca000 	C:\Program Files\Java\jdk-17\bin\jimage.dll
0x00007ff9ffcb0000 - 0x00007ff9ffede000 	C:\Windows\SYSTEM32\DBGHELP.DLL
0x00007ffa04630000 - 0x00007ffa049ba000 	C:\Windows\System32\combase.dll
0x00007ffa03050000 - 0x00007ffa03127000 	C:\Windows\System32\OLEAUT32.dll
0x00007ff9e3970000 - 0x00007ff9e39a2000 	C:\Windows\SYSTEM32\dbgcore.DLL
0x00007ffa02de0000 - 0x00007ffa02e5a000 	C:\Windows\System32\bcryptPrimitives.dll
0x00007ff9cd860000 - 0x00007ff9cd885000 	C:\Program Files\Java\jdk-17\bin\java.dll
0x00007ff9738d0000 - 0x00007ff9739a7000 	C:\Program Files\Java\jdk-17\bin\jsvml.dll
0x00007ffa031b0000 - 0x00007ffa03a08000 	C:\Windows\System32\SHELL32.dll
0x00007ffa00410000 - 0x00007ffa00d02000 	C:\Windows\SYSTEM32\windows.storage.dll
0x00007ffa002d0000 - 0x00007ffa0040e000 	C:\Windows\SYSTEM32\wintypes.dll
0x00007ffa03eb0000 - 0x00007ffa03fa3000 	C:\Windows\System32\SHCORE.dll
0x00007ffa04ef0000 - 0x00007ffa04f4e000 	C:\Windows\System32\shlwapi.dll
0x00007ffa023e0000 - 0x00007ffa02406000 	C:\Windows\SYSTEM32\profapi.dll

dbghelp: loaded successfully - version: 4.0.5 - missing functions: none
symbol engine: initialized successfully - sym options: 0x614 - pdb path: .;C:\Program Files\Java\jdk-17\bin;C:\Windows\SYSTEM32;C:\Windows\WinSxS\amd64_microsoft.windows.common-controls_6595b64144ccf1df_6.0.22621.2361_none_2712ced57382f843;C:\Program Files\Java\jdk-17\bin\server

VM Arguments:
jvm_args: -Dfile.encoding=UTF-8 --module-path=C:\Users\parid\OneDrive\Documents\NetBeansProjects\Travel Management System\build\classes 
java_command: travel.management.system.Payment
java_class_path (initial): C:\Users\parid\Downloads\rs2xml.jar;C:\Users\parid\Downloads\mysql-connector-java-8.0.28.jar;C:\Users\parid\OneDrive\Documents\NetBeansProjects\Travel Management System\build\classes
Launcher Type: SUN_STANDARD

[Global flags]
     intx CICompilerCount                          = 4                                         {product} {ergonomic}
     uint ConcGCThreads                            = 2                                         {product} {ergonomic}
     uint G1ConcRefinementThreads                  = 8                                         {product} {ergonomic}
   size_t G1HeapRegionSize                         = 1048576                                   {product} {ergonomic}
    uintx GCDrainStackTargetSize                   = 64                                        {product} {ergonomic}
   size_t InitialHeapSize                          = 130023424                                 {product} {ergonomic}
   size_t MarkStackSize                            = 4194304                                   {product} {ergonomic}
   size_t MaxHeapSize                              = 2067791872                                {product} {ergonomic}
   size_t MaxNewSize                               = 1240465408                                {product} {ergonomic}
   size_t MinHeapDeltaBytes                        = 1048576                                   {product} {ergonomic}
   size_t MinHeapSize                              = 8388608                                   {product} {ergonomic}
    uintx NonNMethodCodeHeapSize                   = 5839372                                {pd product} {ergonomic}
    uintx NonProfiledCodeHeapSize                  = 122909434                              {pd product} {ergonomic}
    uintx ProfiledCodeHeapSize                     = 122909434                              {pd product} {ergonomic}
    uintx ReservedCodeCacheSize                    = 251658240                              {pd product} {ergonomic}
     bool SegmentedCodeCache                       = true                                      {product} {ergonomic}
   size_t SoftMaxHeapSize                          = 2067791872                             {manageable} {ergonomic}
     bool UseCompressedClassPointers               = true                           {product lp64_product} {ergonomic}
     bool UseCompressedOops                        = true                           {product lp64_product} {ergonomic}
     bool UseG1GC                                  = true                                      {product} {ergonomic}
     bool UseLargePagesIndividualAllocation        = false                                  {pd product} {ergonomic}

Logging:
Log output configuration:
 #0: stdout all=warning uptime,level,tags
 #1: stderr all=off uptime,level,tags

Environment Variables:
JAVA_HOME=C:\Program Files\Java\jdk-17
PATH=C:\Program Files\Common Files\Oracle\Java\javapath;C:\Windows\system32;C:\Windows;C:\Windows\System32\Wbem;C:\Windows\System32\WindowsPowerShell\v1.0\;C:\Windows\System32\OpenSSH\;C:\Program Files\Java\jdk-17\bin;C:\Program Files\Common Files\Oracle\Java\javapath;C:\Program Files\MySQL\MySQL Shell 8.0\bin\;C:\Users\parid\AppData\Local\Microsoft\WindowsApps;
USERNAME=parid
OS=Windows_NT
PROCESSOR_IDENTIFIER=Intel64 Family 6 Model 140 Stepping 1, GenuineIntel



---------------  S Y S T E M  ---------------

OS:
 Windows 11 , 64 bit Build 22621 (10.0.22621.2428)
OS uptime: 16 days 6:37 hours

CPU: total 8 (initial active 8) (4 cores per cpu, 2 threads per core) family 6 model 140 stepping 1 microcode 0xa6, cx8, cmov, fxsr, ht, mmx, 3dnowpref, sse, sse2, sse3, ssse3, sse4.1, sse4.2, popcnt, lzcnt, tsc, tscinvbit, avx, avx2, aes, erms, clmul, bmi1, bmi2, adx, avx512f, avx512dq, avx512cd, avx512bw, avx512vl, sha, fma, vzeroupper, avx512_vpopcntdq, avx512_vpclmulqdq, avx512_vaes, avx512_vnni, clflush, clflushopt, clwb, avx512_vbmi2, avx512_vbmi

Memory: 4k page, system-wide physical 7886M (529M free)
TotalPageFile size 32462M (AvailPageFile size 5M)
current process WorkingSet (physical memory assigned to process): 27M, peak: 27M
current process commit charge ("private bytes"): 198M, peak: 201M

vm_info: Java HotSpot(TM) 64-Bit Server VM (17.0.8+9-LTS-211) for windows-amd64 JRE (17.0.8+9-LTS-211), built on Jun 14 2023 10:34:31 by "mach5one" with MS VC++ 17.1 (VS2022)

END.
