#
# There is insufficient memory for the Java Runtime Environment to continue.
# Native memory allocation (mmap) failed to map 65536 bytes for Failed to commit metaspace.
# Possible reasons:
#   The system is out of physical RAM or swap space
#   The process is running with CompressedOops enabled, and the Java Heap may be blocking the growth of the native heap
# Possible solutions:
#   Reduce memory load on the system
#   Increase physical memory or swap space
#   Check if swap backing store is full
#   Decrease Java heap size (-Xmx/-Xms)
#   Decrease number of Java threads
#   Decrease Java thread stack sizes (-Xss)
#   Set larger code cache with -XX:ReservedCodeCacheSize=
#   JVM is running with Unscaled Compressed Oops mode in which the Java heap is
#     placed in the first 4GB address space. The Java Heap base address is the
#     maximum limit for the native heap growth. Please use -XX:HeapBaseMinAddress
#     to set the Java Heap base and to place the Java Heap above 4GB virtual address.
# This output file may be truncated or incomplete.
#
#  Out of Memory Error (virtualSpaceNode.cpp:110), pid=6816, tid=29108
#
# JRE version: Java(TM) SE Runtime Environment (17.0.8+9) (build 17.0.8+9-LTS-211)
# Java VM: Java HotSpot(TM) 64-Bit Server VM (17.0.8+9-LTS-211, mixed mode, sharing, tiered, compressed oops, compressed class ptrs, g1 gc, windows-amd64)
# No core dump will be written. Minidumps are not enabled by default on client versions of Windows
#

---------------  S U M M A R Y ------------

Command Line: -Dfile.encoding=UTF-8 --module-path=C:\Users\parid\OneDrive\Documents\NetBeansProjects\Travel Management System\build\classes travel.management.system.Payment

Host: 11th Gen Intel(R) Core(TM) i5-1135G7 @ 2.40GHz, 8 cores, 7G,  Windows 11 , 64 bit Build 22621 (10.0.22621.2428)
Time: Tue Nov  7 00:14:32 2023 India Standard Time elapsed time: 0.347777 seconds (0d 0h 0m 0s)

---------------  T H R E A D  ---------------

Current thread (0x00000209b0de7310):  JavaThread "main" [_thread_in_vm, id=29108, stack(0x000000b265a00000,0x000000b265b00000)]

Stack: [0x000000b265a00000,0x000000b265b00000]
Native frames: (J=compiled Java code, j=interpreted, Vv=VM code, C=native code)
V  [jvm.dll+0x677d0a]
V  [jvm.dll+0x7d8c54]
V  [jvm.dll+0x7da3fe]
V  [jvm.dll+0x7daa63]
V  [jvm.dll+0x245c5f]
V  [jvm.dll+0x7d4d5b]
V  [jvm.dll+0x61dcf6]
V  [jvm.dll+0x61dd5a]
V  [jvm.dll+0x62057d]
V  [jvm.dll+0x61e6b6]
V  [jvm.dll+0x628487]
V  [jvm.dll+0x1e9bdd]
V  [jvm.dll+0x1ea1a5]
V  [jvm.dll+0x1eaaeb]
V  [jvm.dll+0x1e02f1]
V  [jvm.dll+0x53ddbc]
V  [jvm.dll+0x1f0c0a]
V  [jvm.dll+0x752b7d]
V  [jvm.dll+0x753f76]
V  [jvm.dll+0x7542a8]
V  [jvm.dll+0x23e01b]
V  [jvm.dll+0x23e26f]
V  [jvm.dll+0x55bfc8]
V  [jvm.dll+0x55ee97]
V  [jvm.dll+0x381871]
V  [jvm.dll+0x380ecf]
C  0x00000209bfbda602

Java frames: (J=compiled Java code, j=interpreted, Vv=VM code)
j  sun.java2d.loops.Blit.<clinit>()V+36 java.desktop@17.0.8
v  ~StubRoutines::call_stub
j  sun.java2d.windows.GDIWindowSurfaceData.<clinit>()V+72 java.desktop@17.0.8
v  ~StubRoutines::call_stub
j  sun.awt.Win32GraphicsConfig.createSurfaceData(Lsun/awt/windows/WComponentPeer;I)Lsun/java2d/SurfaceData;+1 java.desktop@17.0.8
j  sun.java2d.ScreenUpdateManager.createScreenSurface(Lsun/awt/Win32GraphicsConfig;Lsun/awt/windows/WComponentPeer;IZ)Lsun/java2d/SurfaceData;+3 java.desktop@17.0.8
j  sun.java2d.d3d.D3DScreenUpdateManager.createScreenSurface(Lsun/awt/Win32GraphicsConfig;Lsun/awt/windows/WComponentPeer;IZ)Lsun/java2d/SurfaceData;+20 java.desktop@17.0.8
j  sun.awt.windows.WComponentPeer.createScreenSurface(Z)V+21 java.desktop@17.0.8
j  sun.awt.windows.WComponentPeer.<init>(Ljava/awt/Component;)V+79 java.desktop@17.0.8
j  sun.awt.windows.WCanvasPeer.<init>(Ljava/awt/Component;)V+2 java.desktop@17.0.8
j  sun.awt.windows.WPanelPeer.<init>(Ljava/awt/Component;)V+2 java.desktop@17.0.8
j  sun.awt.windows.WWindowPeer.<init>(Ljava/awt/Window;)V+2 java.desktop@17.0.8
j  sun.awt.windows.WFramePeer.<init>(Ljava/awt/Frame;)V+2 java.desktop@17.0.8
j  sun.awt.windows.WToolkit.createFrame(Ljava/awt/Frame;)Ljava/awt/peer/FramePeer;+5 java.desktop@17.0.8
j  java.awt.Frame.addNotify()V+20 java.desktop@17.0.8
j  java.awt.Window.show()V+8 java.desktop@17.0.8
j  java.awt.Component.show(Z)V+5 java.desktop@17.0.8
j  java.awt.Component.setVisible(Z)V+2 java.desktop@17.0.8
j  java.awt.Window.setVisible(Z)V+2 java.desktop@17.0.8
j  travel.management.system.Payment.<init>()V+727
j  travel.management.system.Payment.main([Ljava/lang/String;)V+4
v  ~StubRoutines::call_stub

---------------  P R O C E S S  ---------------

Threads class SMR info:
_java_thread_list=0x0000020a14d87d60, length=18, elements={
0x00000209b0de7310, 0x00000209ced21920, 0x00000209ced222d0, 0x00000209ced2f680,
0x00000209ced32440, 0x00000209ced32df0, 0x00000209ced337a0, 0x00000209ced35540,
0x00000209ced35fe0, 0x00000209ced41ee0, 0x0000020a140c73f0, 0x0000020a1413a160,
0x0000020a1432fad0, 0x0000020a14332a60, 0x0000020a142f2d60, 0x0000020a143823c0,
0x0000020a143e35a0, 0x0000020a14d87750
}

Java Threads: ( => current thread )
=>0x00000209b0de7310 JavaThread "main" [_thread_in_vm, id=29108, stack(0x000000b265a00000,0x000000b265b00000)]
  0x00000209ced21920 JavaThread "Reference Handler" daemon [_thread_blocked, id=30416, stack(0x000000b266100000,0x000000b266200000)]
  0x00000209ced222d0 JavaThread "Finalizer" daemon [_thread_blocked, id=20116, stack(0x000000b266200000,0x000000b266300000)]
  0x00000209ced2f680 JavaThread "Signal Dispatcher" daemon [_thread_blocked, id=1404, stack(0x000000b266300000,0x000000b266400000)]
  0x00000209ced32440 JavaThread "Attach Listener" daemon [_thread_blocked, id=24256, stack(0x000000b266400000,0x000000b266500000)]
  0x00000209ced32df0 JavaThread "Service Thread" daemon [_thread_blocked, id=29440, stack(0x000000b266500000,0x000000b266600000)]
  0x00000209ced337a0 JavaThread "Monitor Deflation Thread" daemon [_thread_blocked, id=14344, stack(0x000000b266600000,0x000000b266700000)]
  0x00000209ced35540 JavaThread "C2 CompilerThread0" daemon [_thread_blocked, id=18828, stack(0x000000b266700000,0x000000b266800000)]
  0x00000209ced35fe0 JavaThread "C1 CompilerThread0" daemon [_thread_blocked, id=33676, stack(0x000000b266800000,0x000000b266900000)]
  0x00000209ced41ee0 JavaThread "Sweeper thread" daemon [_thread_blocked, id=14552, stack(0x000000b266900000,0x000000b266a00000)]
  0x0000020a140c73f0 JavaThread "Common-Cleaner" daemon [_thread_blocked, id=33760, stack(0x000000b266a00000,0x000000b266b00000)]
  0x0000020a1413a160 JavaThread "Notification Thread" daemon [_thread_blocked, id=16988, stack(0x000000b266b00000,0x000000b266c00000)]
  0x0000020a1432fad0 JavaThread "Java2D Disposer" daemon [_thread_blocked, id=20316, stack(0x000000b266d00000,0x000000b266e00000)]
  0x0000020a14332a60 JavaThread "AWT-Shutdown" [_thread_blocked, id=18712, stack(0x000000b266e00000,0x000000b266f00000)]
  0x0000020a142f2d60 JavaThread "AWT-Windows" daemon [_thread_in_native, id=19896, stack(0x000000b266f00000,0x000000b267000000)]
  0x0000020a143823c0 JavaThread "Image Fetcher 0" daemon [_thread_blocked, id=34540, stack(0x000000b267000000,0x000000b267100000)]
  0x0000020a143e35a0 JavaThread "C2 CompilerThread1" daemon [_thread_blocked, id=34804, stack(0x000000b267100000,0x000000b267200000)]
  0x0000020a14d87750 JavaThread "Image Fetcher 1" daemon [_thread_blocked, id=18708, stack(0x000000b267200000,0x000000b267300000)]

Other Threads:
  0x00000209ced19f70 VMThread "VM Thread" [stack: 0x000000b266000000,0x000000b266100000] [id=28652]
  0x00000209b0e59680 WatcherThread [stack: 0x000000b266c00000,0x000000b266d00000] [id=33976]
  0x00000209b0e419a0 GCTaskThread "GC Thread#0" [stack: 0x000000b265b00000,0x000000b265c00000] [id=33072]
  0x00000209b0e51f60 ConcurrentGCThread "G1 Main Marker" [stack: 0x000000b265c00000,0x000000b265d00000] [id=33500]
  0x00000209b0e53110 ConcurrentGCThread "G1 Conc#0" [stack: 0x000000b265d00000,0x000000b265e00000] [id=23924]
  0x00000209b0ebec30 ConcurrentGCThread "G1 Refine#0" [stack: 0x000000b265e00000,0x000000b265f00000] [id=34136]
  0x00000209cebbec60 ConcurrentGCThread "G1 Service" [stack: 0x000000b265f00000,0x000000b266000000] [id=4848]

Threads with active compile tasks:

VM state: not at safepoint (normal execution)

VM Mutex/Monitor currently owned by a thread:  ([mutex/lock_event])
[0x00000209b0de2260] Metaspace_lock - owner thread: 0x00000209b0de7310

OutOfMemory and StackOverflow Exception counts:
OutOfMemoryError java_heap_errors=1
LinkageErrors=7

Heap address: 0x0000000084c00000, size: 1972 MB, Compressed Oops mode: 32-bit

CDS archive(s) mapped at: [0x00000209cf000000-0x00000209cfbd0000-0x00000209cfbd0000), size 12386304, SharedBaseAddress: 0x00000209cf000000, ArchiveRelocationMode: 1.
Compressed class space mapped at: 0x00000209d0000000-0x0000020a10000000, reserved size: 1073741824
Narrow klass base: 0x00000209cf000000, Narrow klass shift: 0, Narrow klass range: 0x100000000

GC Precious Log:
 CPUs: 8 total, 8 available
 Memory: 7886M
 Large Page Support: Disabled
 NUMA Support: Disabled
 Compressed Oops: Enabled (32-bit)
 Heap Region Size: 1M
 Heap Min Capacity: 8M
 Heap Initial Capacity: 124M
 Heap Max Capacity: 1972M
 Pre-touch: Disabled
 Parallel Workers: 8
 Concurrent Workers: 2
 Concurrent Refinement Workers: 8
 Periodic GC: Disabled

Heap:
 garbage-first heap   total 126976K, used 12288K [0x0000000084c00000, 0x0000000100000000)
  region size 1024K, 11 young (11264K), 0 survivors (0K)
 Metaspace       used 5115K, committed 5312K, reserved 1114112K
  class space    used 557K, committed 704K, reserved 1048576K

Heap Regions: E=young(eden), S=young(survivor), O=old, HS=humongous(starts), HC=humongous(continues), CS=collection set, F=free, OA=open archive, CA=closed archive, TAMS=top-at-mark-start (previous, next)
|   0|0x0000000084c00000, 0x0000000084d00000, 0x0000000084d00000|100%|HS|  |TAMS 0x0000000084c00000, 0x0000000084c00000| Complete 
|   1|0x0000000084d00000, 0x0000000084e00000, 0x0000000084e00000|100%|HS|  |TAMS 0x0000000084d00000, 0x0000000084d00000| Complete 
|   2|0x0000000084e00000, 0x0000000084f00000, 0x0000000084f00000|100%|HS|  |TAMS 0x0000000084e00000, 0x0000000084e00000| Complete 
|   3|0x0000000084f00000, 0x0000000084f00000, 0x0000000085000000|  0%| F|  |TAMS 0x0000000084f00000, 0x0000000084f00000| Untracked 
|   4|0x0000000085000000, 0x0000000085000000, 0x0000000085100000|  0%| F|  |TAMS 0x0000000085000000, 0x0000000085000000| Untracked 
|   5|0x0000000085100000, 0x0000000085100000, 0x0000000085200000|  0%| F|  |TAMS 0x0000000085100000, 0x0000000085100000| Untracked 
|   6|0x0000000085200000, 0x0000000085200000, 0x0000000085300000|  0%| F|  |TAMS 0x0000000085200000, 0x0000000085200000| Untracked 
|   7|0x0000000085300000, 0x0000000085300000, 0x0000000085400000|  0%| F|  |TAMS 0x0000000085300000, 0x0000000085300000| Untracked 
|   8|0x0000000085400000, 0x0000000085400000, 0x0000000085500000|  0%| F|  |TAMS 0x0000000085400000, 0x0000000085400000| Untracked 
|   9|0x0000000085500000, 0x0000000085500000, 0x0000000085600000|  0%| F|  |TAMS 0x0000000085500000, 0x0000000085500000| Untracked 
|  10|0x0000000085600000, 0x0000000085600000, 0x0000000085700000|  0%| F|  |TAMS 0x0000000085600000, 0x0000000085600000| Untracked 
|  11|0x0000000085700000, 0x0000000085700000, 0x0000000085800000|  0%| F|  |TAMS 0x0000000085700000, 0x0000000085700000| Untracked 
|  12|0x0000000085800000, 0x0000000085800000, 0x0000000085900000|  0%| F|  |TAMS 0x0000000085800000, 0x0000000085800000| Untracked 
|  13|0x0000000085900000, 0x0000000085900000, 0x0000000085a00000|  0%| F|  |TAMS 0x0000000085900000, 0x0000000085900000| Untracked 
|  14|0x0000000085a00000, 0x0000000085a00000, 0x0000000085b00000|  0%| F|  |TAMS 0x0000000085a00000, 0x0000000085a00000| Untracked 
|  15|0x0000000085b00000, 0x0000000085b00000, 0x0000000085c00000|  0%| F|  |TAMS 0x0000000085b00000, 0x0000000085b00000| Untracked 
|  16|0x0000000085c00000, 0x0000000085c00000, 0x0000000085d00000|  0%| F|  |TAMS 0x0000000085c00000, 0x0000000085c00000| Untracked 
|  17|0x0000000085d00000, 0x0000000085d00000, 0x0000000085e00000|  0%| F|  |TAMS 0x0000000085d00000, 0x0000000085d00000| Untracked 
|  18|0x0000000085e00000, 0x0000000085e00000, 0x0000000085f00000|  0%| F|  |TAMS 0x0000000085e00000, 0x0000000085e00000| Untracked 
|  19|0x0000000085f00000, 0x0000000085f00000, 0x0000000086000000|  0%| F|  |TAMS 0x0000000085f00000, 0x0000000085f00000| Untracked 
|  20|0x0000000086000000, 0x0000000086000000, 0x0000000086100000|  0%| F|  |TAMS 0x0000000086000000, 0x0000000086000000| Untracked 
|  21|0x0000000086100000, 0x0000000086100000, 0x0000000086200000|  0%| F|  |TAMS 0x0000000086100000, 0x0000000086100000| Untracked 
|  22|0x0000000086200000, 0x0000000086200000, 0x0000000086300000|  0%| F|  |TAMS 0x0000000086200000, 0x0000000086200000| Untracked 
|  23|0x0000000086300000, 0x0000000086300000, 0x0000000086400000|  0%| F|  |TAMS 0x0000000086300000, 0x0000000086300000| Untracked 
|  24|0x0000000086400000, 0x0000000086400000, 0x0000000086500000|  0%| F|  |TAMS 0x0000000086400000, 0x0000000086400000| Untracked 
|  25|0x0000000086500000, 0x0000000086500000, 0x0000000086600000|  0%| F|  |TAMS 0x0000000086500000, 0x0000000086500000| Untracked 
|  26|0x0000000086600000, 0x0000000086600000, 0x0000000086700000|  0%| F|  |TAMS 0x0000000086600000, 0x0000000086600000| Untracked 
|  27|0x0000000086700000, 0x0000000086700000, 0x0000000086800000|  0%| F|  |TAMS 0x0000000086700000, 0x0000000086700000| Untracked 
|  28|0x0000000086800000, 0x0000000086800000, 0x0000000086900000|  0%| F|  |TAMS 0x0000000086800000, 0x0000000086800000| Untracked 
|  29|0x0000000086900000, 0x0000000086900000, 0x0000000086a00000|  0%| F|  |TAMS 0x0000000086900000, 0x0000000086900000| Untracked 
|  30|0x0000000086a00000, 0x0000000086a00000, 0x0000000086b00000|  0%| F|  |TAMS 0x0000000086a00000, 0x0000000086a00000| Untracked 
|  31|0x0000000086b00000, 0x0000000086b00000, 0x0000000086c00000|  0%| F|  |TAMS 0x0000000086b00000, 0x0000000086b00000| Untracked 
|  32|0x0000000086c00000, 0x0000000086c00000, 0x0000000086d00000|  0%| F|  |TAMS 0x0000000086c00000, 0x0000000086c00000| Untracked 
|  33|0x0000000086d00000, 0x0000000086d00000, 0x0000000086e00000|  0%| F|  |TAMS 0x0000000086d00000, 0x0000000086d00000| Untracked 
|  34|0x0000000086e00000, 0x0000000086e00000, 0x0000000086f00000|  0%| F|  |TAMS 0x0000000086e00000, 0x0000000086e00000| Untracked 
|  35|0x0000000086f00000, 0x0000000086f00000, 0x0000000087000000|  0%| F|  |TAMS 0x0000000086f00000, 0x0000000086f00000| Untracked 
|  36|0x0000000087000000, 0x0000000087000000, 0x0000000087100000|  0%| F|  |TAMS 0x0000000087000000, 0x0000000087000000| Untracked 
|  37|0x0000000087100000, 0x0000000087100000, 0x0000000087200000|  0%| F|  |TAMS 0x0000000087100000, 0x0000000087100000| Untracked 
|  38|0x0000000087200000, 0x0000000087200000, 0x0000000087300000|  0%| F|  |TAMS 0x0000000087200000, 0x0000000087200000| Untracked 
|  39|0x0000000087300000, 0x0000000087300000, 0x0000000087400000|  0%| F|  |TAMS 0x0000000087300000, 0x0000000087300000| Untracked 
|  40|0x0000000087400000, 0x0000000087400000, 0x0000000087500000|  0%| F|  |TAMS 0x0000000087400000, 0x0000000087400000| Untracked 
|  41|0x0000000087500000, 0x0000000087500000, 0x0000000087600000|  0%| F|  |TAMS 0x0000000087500000, 0x0000000087500000| Untracked 
|  42|0x0000000087600000, 0x0000000087600000, 0x0000000087700000|  0%| F|  |TAMS 0x0000000087600000, 0x0000000087600000| Untracked 
|  43|0x0000000087700000, 0x0000000087700000, 0x0000000087800000|  0%| F|  |TAMS 0x0000000087700000, 0x0000000087700000| Untracked 
|  44|0x0000000087800000, 0x0000000087800000, 0x0000000087900000|  0%| F|  |TAMS 0x0000000087800000, 0x0000000087800000| Untracked 
|  45|0x0000000087900000, 0x0000000087900000, 0x0000000087a00000|  0%| F|  |TAMS 0x0000000087900000, 0x0000000087900000| Untracked 
|  46|0x0000000087a00000, 0x0000000087a00000, 0x0000000087b00000|  0%| F|  |TAMS 0x0000000087a00000, 0x0000000087a00000| Untracked 
|  47|0x0000000087b00000, 0x0000000087b00000, 0x0000000087c00000|  0%| F|  |TAMS 0x0000000087b00000, 0x0000000087b00000| Untracked 
|  48|0x0000000087c00000, 0x0000000087c00000, 0x0000000087d00000|  0%| F|  |TAMS 0x0000000087c00000, 0x0000000087c00000| Untracked 
|  49|0x0000000087d00000, 0x0000000087d00000, 0x0000000087e00000|  0%| F|  |TAMS 0x0000000087d00000, 0x0000000087d00000| Untracked 
|  50|0x0000000087e00000, 0x0000000087e00000, 0x0000000087f00000|  0%| F|  |TAMS 0x0000000087e00000, 0x0000000087e00000| Untracked 
|  51|0x0000000087f00000, 0x0000000087f00000, 0x0000000088000000|  0%| F|  |TAMS 0x0000000087f00000, 0x0000000087f00000| Untracked 
|  52|0x0000000088000000, 0x0000000088000000, 0x0000000088100000|  0%| F|  |TAMS 0x0000000088000000, 0x0000000088000000| Untracked 
|  53|0x0000000088100000, 0x0000000088100000, 0x0000000088200000|  0%| F|  |TAMS 0x0000000088100000, 0x0000000088100000| Untracked 
|  54|0x0000000088200000, 0x0000000088200000, 0x0000000088300000|  0%| F|  |TAMS 0x0000000088200000, 0x0000000088200000| Untracked 
|  55|0x0000000088300000, 0x0000000088300000, 0x0000000088400000|  0%| F|  |TAMS 0x0000000088300000, 0x0000000088300000| Untracked 
|  56|0x0000000088400000, 0x0000000088400000, 0x0000000088500000|  0%| F|  |TAMS 0x0000000088400000, 0x0000000088400000| Untracked 
|  57|0x0000000088500000, 0x0000000088500000, 0x0000000088600000|  0%| F|  |TAMS 0x0000000088500000, 0x0000000088500000| Untracked 
|  58|0x0000000088600000, 0x0000000088600000, 0x0000000088700000|  0%| F|  |TAMS 0x0000000088600000, 0x0000000088600000| Untracked 
|  59|0x0000000088700000, 0x0000000088700000, 0x0000000088800000|  0%| F|  |TAMS 0x0000000088700000, 0x0000000088700000| Untracked 
|  60|0x0000000088800000, 0x0000000088800000, 0x0000000088900000|  0%| F|  |TAMS 0x0000000088800000, 0x0000000088800000| Untracked 
|  61|0x0000000088900000, 0x0000000088900000, 0x0000000088a00000|  0%| F|  |TAMS 0x0000000088900000, 0x0000000088900000| Untracked 
|  62|0x0000000088a00000, 0x0000000088a00000, 0x0000000088b00000|  0%| F|  |TAMS 0x0000000088a00000, 0x0000000088a00000| Untracked 
|  63|0x0000000088b00000, 0x0000000088b00000, 0x0000000088c00000|  0%| F|  |TAMS 0x0000000088b00000, 0x0000000088b00000| Untracked 
|  64|0x0000000088c00000, 0x0000000088c00000, 0x0000000088d00000|  0%| F|  |TAMS 0x0000000088c00000, 0x0000000088c00000| Untracked 
|  65|0x0000000088d00000, 0x0000000088d00000, 0x0000000088e00000|  0%| F|  |TAMS 0x0000000088d00000, 0x0000000088d00000| Untracked 
|  66|0x0000000088e00000, 0x0000000088e00000, 0x0000000088f00000|  0%| F|  |TAMS 0x0000000088e00000, 0x0000000088e00000| Untracked 
|  67|0x0000000088f00000, 0x0000000088f00000, 0x0000000089000000|  0%| F|  |TAMS 0x0000000088f00000, 0x0000000088f00000| Untracked 
|  68|0x0000000089000000, 0x0000000089000000, 0x0000000089100000|  0%| F|  |TAMS 0x0000000089000000, 0x0000000089000000| Untracked 
|  69|0x0000000089100000, 0x0000000089100000, 0x0000000089200000|  0%| F|  |TAMS 0x0000000089100000, 0x0000000089100000| Untracked 
|  70|0x0000000089200000, 0x0000000089200000, 0x0000000089300000|  0%| F|  |TAMS 0x0000000089200000, 0x0000000089200000| Untracked 
|  71|0x0000000089300000, 0x0000000089300000, 0x0000000089400000|  0%| F|  |TAMS 0x0000000089300000, 0x0000000089300000| Untracked 
|  72|0x0000000089400000, 0x0000000089400000, 0x0000000089500000|  0%| F|  |TAMS 0x0000000089400000, 0x0000000089400000| Untracked 
|  73|0x0000000089500000, 0x0000000089500000, 0x0000000089600000|  0%| F|  |TAMS 0x0000000089500000, 0x0000000089500000| Untracked 
|  74|0x0000000089600000, 0x0000000089600000, 0x0000000089700000|  0%| F|  |TAMS 0x0000000089600000, 0x0000000089600000| Untracked 
|  75|0x0000000089700000, 0x0000000089700000, 0x0000000089800000|  0%| F|  |TAMS 0x0000000089700000, 0x0000000089700000| Untracked 
|  76|0x0000000089800000, 0x0000000089800000, 0x0000000089900000|  0%| F|  |TAMS 0x0000000089800000, 0x0000000089800000| Untracked 
|  77|0x0000000089900000, 0x0000000089900000, 0x0000000089a00000|  0%| F|  |TAMS 0x0000000089900000, 0x0000000089900000| Untracked 
|  78|0x0000000089a00000, 0x0000000089a00000, 0x0000000089b00000|  0%| F|  |TAMS 0x0000000089a00000, 0x0000000089a00000| Untracked 
|  79|0x0000000089b00000, 0x0000000089b00000, 0x0000000089c00000|  0%| F|  |TAMS 0x0000000089b00000, 0x0000000089b00000| Untracked 
|  80|0x0000000089c00000, 0x0000000089c00000, 0x0000000089d00000|  0%| F|  |TAMS 0x0000000089c00000, 0x0000000089c00000| Untracked 
|  81|0x0000000089d00000, 0x0000000089d00000, 0x0000000089e00000|  0%| F|  |TAMS 0x0000000089d00000, 0x0000000089d00000| Untracked 
|  82|0x0000000089e00000, 0x0000000089e00000, 0x0000000089f00000|  0%| F|  |TAMS 0x0000000089e00000, 0x0000000089e00000| Untracked 
|  83|0x0000000089f00000, 0x0000000089f00000, 0x000000008a000000|  0%| F|  |TAMS 0x0000000089f00000, 0x0000000089f00000| Untracked 
|  84|0x000000008a000000, 0x000000008a000000, 0x000000008a100000|  0%| F|  |TAMS 0x000000008a000000, 0x000000008a000000| Untracked 
|  85|0x000000008a100000, 0x000000008a100000, 0x000000008a200000|  0%| F|  |TAMS 0x000000008a100000, 0x000000008a100000| Untracked 
|  86|0x000000008a200000, 0x000000008a200000, 0x000000008a300000|  0%| F|  |TAMS 0x000000008a200000, 0x000000008a200000| Untracked 
|  87|0x000000008a300000, 0x000000008a300000, 0x000000008a400000|  0%| F|  |TAMS 0x000000008a300000, 0x000000008a300000| Untracked 
|  88|0x000000008a400000, 0x000000008a400000, 0x000000008a500000|  0%| F|  |TAMS 0x000000008a400000, 0x000000008a400000| Untracked 
|  89|0x000000008a500000, 0x000000008a500000, 0x000000008a600000|  0%| F|  |TAMS 0x000000008a500000, 0x000000008a500000| Untracked 
|  90|0x000000008a600000, 0x000000008a600000, 0x000000008a700000|  0%| F|  |TAMS 0x000000008a600000, 0x000000008a600000| Untracked 
|  91|0x000000008a700000, 0x000000008a700000, 0x000000008a800000|  0%| F|  |TAMS 0x000000008a700000, 0x000000008a700000| Untracked 
|  92|0x000000008a800000, 0x000000008a800000, 0x000000008a900000|  0%| F|  |TAMS 0x000000008a800000, 0x000000008a800000| Untracked 
|  93|0x000000008a900000, 0x000000008a900000, 0x000000008aa00000|  0%| F|  |TAMS 0x000000008a900000, 0x000000008a900000| Untracked 
|  94|0x000000008aa00000, 0x000000008aa00000, 0x000000008ab00000|  0%| F|  |TAMS 0x000000008aa00000, 0x000000008aa00000| Untracked 
|  95|0x000000008ab00000, 0x000000008ab00000, 0x000000008ac00000|  0%| F|  |TAMS 0x000000008ab00000, 0x000000008ab00000| Untracked 
|  96|0x000000008ac00000, 0x000000008ac00000, 0x000000008ad00000|  0%| F|  |TAMS 0x000000008ac00000, 0x000000008ac00000| Untracked 
|  97|0x000000008ad00000, 0x000000008ad00000, 0x000000008ae00000|  0%| F|  |TAMS 0x000000008ad00000, 0x000000008ad00000| Untracked 
|  98|0x000000008ae00000, 0x000000008ae00000, 0x000000008af00000|  0%| F|  |TAMS 0x000000008ae00000, 0x000000008ae00000| Untracked 
|  99|0x000000008af00000, 0x000000008af00000, 0x000000008b000000|  0%| F|  |TAMS 0x000000008af00000, 0x000000008af00000| Untracked 
| 100|0x000000008b000000, 0x000000008b000000, 0x000000008b100000|  0%| F|  |TAMS 0x000000008b000000, 0x000000008b000000| Untracked 
| 101|0x000000008b100000, 0x000000008b100000, 0x000000008b200000|  0%| F|  |TAMS 0x000000008b100000, 0x000000008b100000| Untracked 
| 102|0x000000008b200000, 0x000000008b200000, 0x000000008b300000|  0%| F|  |TAMS 0x000000008b200000, 0x000000008b200000| Untracked 
| 103|0x000000008b300000, 0x000000008b300000, 0x000000008b400000|  0%| F|  |TAMS 0x000000008b300000, 0x000000008b300000| Untracked 
| 104|0x000000008b400000, 0x000000008b400000, 0x000000008b500000|  0%| F|  |TAMS 0x000000008b400000, 0x000000008b400000| Untracked 
| 105|0x000000008b500000, 0x000000008b500000, 0x000000008b600000|  0%| F|  |TAMS 0x000000008b500000, 0x000000008b500000| Untracked 
| 106|0x000000008b600000, 0x000000008b600000, 0x000000008b700000|  0%| F|  |TAMS 0x000000008b600000, 0x000000008b600000| Untracked 
| 107|0x000000008b700000, 0x000000008b700000, 0x000000008b800000|  0%| F|  |TAMS 0x000000008b700000, 0x000000008b700000| Untracked 
| 108|0x000000008b800000, 0x000000008b800000, 0x000000008b900000|  0%| F|  |TAMS 0x000000008b800000, 0x000000008b800000| Untracked 
| 109|0x000000008b900000, 0x000000008b900000, 0x000000008ba00000|  0%| F|  |TAMS 0x000000008b900000, 0x000000008b900000| Untracked 
| 110|0x000000008ba00000, 0x000000008ba00000, 0x000000008bb00000|  0%| F|  |TAMS 0x000000008ba00000, 0x000000008ba00000| Untracked 
| 111|0x000000008bb00000, 0x000000008bb00000, 0x000000008bc00000|  0%| F|  |TAMS 0x000000008bb00000, 0x000000008bb00000| Untracked 
| 112|0x000000008bc00000, 0x000000008bc00000, 0x000000008bd00000|  0%| F|  |TAMS 0x000000008bc00000, 0x000000008bc00000| Untracked 
| 113|0x000000008bd00000, 0x000000008bd76918, 0x000000008be00000| 46%| E|  |TAMS 0x000000008bd00000, 0x000000008bd00000| Complete 
| 114|0x000000008be00000, 0x000000008bf00000, 0x000000008bf00000|100%| E|CS|TAMS 0x000000008be00000, 0x000000008be00000| Complete 
| 115|0x000000008bf00000, 0x000000008c000000, 0x000000008c000000|100%| E|CS|TAMS 0x000000008bf00000, 0x000000008bf00000| Complete 
| 116|0x000000008c000000, 0x000000008c100000, 0x000000008c100000|100%| E|CS|TAMS 0x000000008c000000, 0x000000008c000000| Complete 
| 117|0x000000008c100000, 0x000000008c200000, 0x000000008c200000|100%| E|CS|TAMS 0x000000008c100000, 0x000000008c100000| Complete 
| 118|0x000000008c200000, 0x000000008c300000, 0x000000008c300000|100%| E|CS|TAMS 0x000000008c200000, 0x000000008c200000| Complete 
| 119|0x000000008c300000, 0x000000008c400000, 0x000000008c400000|100%| E|CS|TAMS 0x000000008c300000, 0x000000008c300000| Complete 
| 120|0x000000008c400000, 0x000000008c500000, 0x000000008c500000|100%| E|CS|TAMS 0x000000008c400000, 0x000000008c400000| Complete 
| 121|0x000000008c500000, 0x000000008c600000, 0x000000008c600000|100%| E|CS|TAMS 0x000000008c500000, 0x000000008c500000| Complete 
| 122|0x000000008c600000, 0x000000008c700000, 0x000000008c700000|100%| E|  |TAMS 0x000000008c600000, 0x000000008c600000| Complete 
| 123|0x000000008c700000, 0x000000008c800000, 0x000000008c800000|100%| E|CS|TAMS 0x000000008c700000, 0x000000008c700000| Complete 

Card table byte_map: [0x00000209c7da0000,0x00000209c8180000] _byte_map_base: 0x00000209c797a000

Marking Bits (Prev, Next): (CMBitMap*) 0x00000209b0e41fb0, (CMBitMap*) 0x00000209b0e41ff0
 Prev Bits: [0x00000209c8560000, 0x00000209ca430000)
 Next Bits: [0x00000209ca430000, 0x00000209cc300000)

Polling page: 0x00000209b05c0000

Metaspace:

Usage:
  Non-class:      4.45 MB used.
      Class:    557.99 KB used.
       Both:      5.00 MB used.

Virtual space:
  Non-class space:       64.00 MB reserved,       4.50 MB (  7%) committed,  1 nodes.
      Class space:        1.00 GB reserved,     704.00 KB ( <1%) committed,  1 nodes.
             Both:        1.06 GB reserved,       5.19 MB ( <1%) committed. 

Chunk freelists:
   Non-Class:  10.90 MB
       Class:  15.25 MB
        Both:  26.14 MB

MaxMetaspaceSize: unlimited
CompressedClassSpaceSize: 1.00 GB
Initial GC threshold: 21.00 MB
Current GC threshold: 21.00 MB
CDS: on
MetaspaceReclaimPolicy: balanced
 - commit_granule_bytes: 65536.
 - commit_granule_words: 8192.
 - virtual_space_node_default_size: 8388608.
 - enlarge_chunks_in_place: 1.
 - new_chunks_are_fully_committed: 0.
 - uncommit_free_chunks: 1.
 - use_allocation_guard: 0.
 - handle_deallocations: 1.


Internal statistics:

num_allocs_failed_limit: 0.
num_arena_births: 102.
num_arena_deaths: 0.
num_vsnodes_births: 2.
num_vsnodes_deaths: 0.
num_space_committed: 83.
num_space_uncommitted: 0.
num_chunks_returned_to_freelist: 0.
num_chunks_taken_from_freelist: 138.
num_chunk_merges: 0.
num_chunk_splits: 76.
num_chunks_enlarged: 20.
num_purges: 0.
num_inconsistent_stats: 0.

CodeHeap 'non-profiled nmethods': size=120000Kb used=215Kb max_used=215Kb free=119784Kb
 bounds [0x00000209c0160000, 0x00000209c03d0000, 0x00000209c7690000]
CodeHeap 'profiled nmethods': size=120000Kb used=1085Kb max_used=1085Kb free=118914Kb
 bounds [0x00000209b8690000, 0x00000209b8900000, 0x00000209bfbc0000]
CodeHeap 'non-nmethods': size=5760Kb used=1226Kb max_used=1237Kb free=4533Kb
 bounds [0x00000209bfbc0000, 0x00000209bfe30000, 0x00000209c0160000]
 total_blobs=1237 nmethods=713 adapters=437
 compilation: enabled
              stopped_count=0, restarted_count=0
 full_count=0

Compilation events (20 events):
Event: 0.332 Thread 0x00000209ced35fe0  703       3       java.lang.Integer::hashCode (2 bytes)
Event: 0.332 Thread 0x00000209ced35fe0 nmethod 703 0x00000209b879af10 code [0x00000209b879b0a0, 0x00000209b879b198]
Event: 0.332 Thread 0x00000209ced35fe0  704       1       java.lang.Integer::intValue (5 bytes)
Event: 0.332 Thread 0x00000209ced35fe0 nmethod 704 0x00000209c0195790 code [0x00000209c0195920, 0x00000209c01959f8]
Event: 0.336 Thread 0x00000209ced35fe0  705       3       java.util.AbstractList::<init> (10 bytes)
Event: 0.336 Thread 0x00000209ced35fe0 nmethod 705 0x00000209b879b210 code [0x00000209b879b3c0, 0x00000209b879b598]
Event: 0.338 Thread 0x00000209ced35fe0  706       3       java.lang.invoke.MemberName::init (67 bytes)
Event: 0.338 Thread 0x00000209ced35fe0 nmethod 706 0x00000209b879b690 code [0x00000209b879b840, 0x00000209b879ba78]
Event: 0.339 Thread 0x00000209ced35fe0  708       3       java.lang.invoke.MethodType::changeReturnType (20 bytes)
Event: 0.339 Thread 0x00000209ced35fe0 nmethod 708 0x00000209b879bb10 code [0x00000209b879bcc0, 0x00000209b879be88]
Event: 0.342 Thread 0x00000209ced35fe0  709       3       java.lang.invoke.InnerClassLambdaMetafactory::getOpcodeOffset (38 bytes)
Event: 0.342 Thread 0x00000209ced35fe0 nmethod 709 0x00000209b879bf10 code [0x00000209b879c0e0, 0x00000209b879c3b8]
Event: 0.342 Thread 0x00000209ced35fe0  710       3       jdk.internal.org.objectweb.asm.MethodWriter::visitTypeInsn (116 bytes)
Event: 0.342 Thread 0x00000209ced35fe0 nmethod 710 0x00000209b879c490 code [0x00000209b879c680, 0x00000209b879ca88]
Event: 0.342 Thread 0x00000209ced35fe0  711       3       jdk.internal.org.objectweb.asm.Type::getTypeInternal (199 bytes)
Event: 0.343 Thread 0x00000209ced35fe0 nmethod 711 0x00000209b879cc90 code [0x00000209b879cf40, 0x00000209b879de08]
Event: 0.343 Thread 0x00000209ced35fe0  712       3       jdk.internal.org.objectweb.asm.MethodWriter::visitFieldInsn (258 bytes)
Event: 0.343 Thread 0x00000209ced35fe0 nmethod 712 0x00000209b879e210 code [0x00000209b879e480, 0x00000209b879efe8]
Event: 0.343 Thread 0x00000209ced35fe0  713       3       jdk.internal.org.objectweb.asm.SymbolTable::addConstantFieldref (10 bytes)
Event: 0.344 Thread 0x00000209ced35fe0 nmethod 713 0x00000209b879f410 code [0x00000209b879f5a0, 0x00000209b879f6e8]

GC Heap History (0 events):
No events

Deoptimization events (14 events):
Event: 0.095 Thread 0x00000209b0de7310 Uncommon trap: trap_request=0xffffff45 fr.pc=0x00000209c016e10c relative=0x00000000000008ac
Event: 0.095 Thread 0x00000209b0de7310 Uncommon trap: reason=unstable_if action=reinterpret pc=0x00000209c016e10c method=java.util.HashMap.putVal(ILjava/lang/Object;Ljava/lang/Object;ZZ)Ljava/lang/Object; @ 81 c2
Event: 0.095 Thread 0x00000209b0de7310 DEOPT PACKING pc=0x00000209c016e10c sp=0x000000b265afe6d0
Event: 0.095 Thread 0x00000209b0de7310 DEOPT UNPACKING pc=0x00000209bfc15ba3 sp=0x000000b265afe670 mode 2
Event: 0.281 Thread 0x0000020a143823c0 Uncommon trap: trap_request=0xffffff45 fr.pc=0x00000209c018bcb8 relative=0x0000000000000418
Event: 0.281 Thread 0x0000020a143823c0 Uncommon trap: reason=unstable_if action=reinterpret pc=0x00000209c018bcb8 method=java.lang.StringLatin1.newString([BII)Ljava/lang/String; @ 1 c2
Event: 0.281 Thread 0x0000020a143823c0 DEOPT PACKING pc=0x00000209c018bcb8 sp=0x000000b2670fea70
Event: 0.281 Thread 0x0000020a143823c0 DEOPT UNPACKING pc=0x00000209bfc15ba3 sp=0x000000b2670fea50 mode 2
Event: 0.315 Thread 0x0000020a143823c0 DEOPT PACKING pc=0x00000209b8791619 sp=0x000000b2670fe380
Event: 0.315 Thread 0x0000020a143823c0 DEOPT UNPACKING pc=0x00000209bfc166e3 sp=0x000000b2670fd810 mode 0
Event: 0.317 Thread 0x0000020a143823c0 DEOPT PACKING pc=0x00000209b8791619 sp=0x000000b2670fe380
Event: 0.317 Thread 0x0000020a143823c0 DEOPT UNPACKING pc=0x00000209bfc166e3 sp=0x000000b2670fd810 mode 0
Event: 0.328 Thread 0x0000020a143823c0 DEOPT PACKING pc=0x00000209b8791619 sp=0x000000b2670fe380
Event: 0.328 Thread 0x0000020a143823c0 DEOPT UNPACKING pc=0x00000209bfc166e3 sp=0x000000b2670fd810 mode 0

Classes unloaded (0 events):
No events

Classes redefined (0 events):
No events

Internal exceptions (19 events):
Event: 0.069 Thread 0x00000209b0de7310 Exception <a 'sun/nio/fs/WindowsException'{0x000000008c63fd30}> (0x000000008c63fd30) 
thrown [s\open\src\hotspot\share\prims\jni.cpp, line 516]
Event: 0.070 Thread 0x00000209b0de7310 Exception <a 'sun/nio/fs/WindowsException'{0x000000008c6402e8}> (0x000000008c6402e8) 
thrown [s\open\src\hotspot\share\prims\jni.cpp, line 516]
Event: 0.071 Thread 0x00000209b0de7310 Exception <a 'sun/nio/fs/WindowsException'{0x000000008c642890}> (0x000000008c642890) 
thrown [s\open\src\hotspot\share\prims\jni.cpp, line 516]
Event: 0.071 Thread 0x00000209b0de7310 Exception <a 'sun/nio/fs/WindowsException'{0x000000008c643418}> (0x000000008c643418) 
thrown [s\open\src\hotspot\share\prims\jni.cpp, line 516]
Event: 0.072 Thread 0x00000209b0de7310 Exception <a 'sun/nio/fs/WindowsException'{0x000000008c643fc0}> (0x000000008c643fc0) 
thrown [s\open\src\hotspot\share\prims\jni.cpp, line 516]
Event: 0.072 Thread 0x00000209b0de7310 Exception <a 'sun/nio/fs/WindowsException'{0x000000008c644b50}> (0x000000008c644b50) 
thrown [s\open\src\hotspot\share\prims\jni.cpp, line 516]
Event: 0.109 Thread 0x00000209b0de7310 Exception <a 'java/lang/ClassNotFoundException'{0x000000008c6fb1a8}: sun/awt/resources/spi/awtProvider> (0x000000008c6fb1a8) 
thrown [s\open\src\hotspot\share\classfile\systemDictionary.cpp, line 256]
Event: 0.128 Thread 0x00000209b0de7310 Exception <a 'java/io/FileNotFoundException'{0x000000008c566e70}> (0x000000008c566e70) 
thrown [s\open\src\hotspot\share\prims\jni.cpp, line 516]
Event: 0.135 Thread 0x00000209b0de7310 Exception <a 'java/io/FileNotFoundException'{0x000000008c593fe0}> (0x000000008c593fe0) 
thrown [s\open\src\hotspot\share\prims\jni.cpp, line 516]
Event: 0.175 Thread 0x00000209b0de7310 Exception <a 'java/lang/NoSuchMethodError'{0x000000008c5d7f28}: 'java.lang.Object java.lang.invoke.DirectMethodHandle$Holder.invokeStaticInit(java.lang.Object)'> (0x000000008c5d7f28) 
thrown [s\open\src\hotspot\share\interpreter\linkResolver.cpp, line 759]
Event: 0.201 Thread 0x00000209b0de7310 Exception <a 'java/lang/NoSuchMethodError'{0x000000008c498428}: 'void java.lang.invoke.DirectMethodHandle$Holder.invokeSpecial(java.lang.Object, java.lang.Object, java.lang.Object)'> (0x000000008c498428) 
thrown [s\open\src\hotspot\share\interpreter\linkResolver.cpp, line 759]
Event: 0.210 Thread 0x00000209b0de7310 Exception <a 'java/lang/NoSuchMethodError'{0x000000008c4c2600}: 'java.lang.Object java.lang.invoke.DirectMethodHandle$Holder.newInvokeSpecial(java.lang.Object, java.lang.Object, java.lang.Object, java.lang.Object, java.lang.Object)'> (0x000000008c4c2600) 
thrown [s\open\src\hotspot\share\interpreter\linkResolver.cpp, line 759]
Event: 0.211 Thread 0x00000209b0de7310 Exception <a 'java/lang/NoSuchMethodError'{0x000000008c4cdfc8}: 'java.lang.Object java.lang.invoke.DirectMethodHandle$Holder.invokeStatic(java.lang.Object, int, java.lang.Object, java.lang.Object, java.lang.Object, java.lang.Object)'> (0x000000008c4cdfc8) 
thrown [s\open\src\hotspot\share\interpreter\linkResolver.cpp, line 759]
Event: 0.214 Thread 0x00000209b0de7310 Exception <a 'java/lang/NoSuchMethodError'{0x000000008c4f39d0}: 'java.lang.Object java.lang.invoke.DirectMethodHandle$Holder.invokeStatic(java.lang.Object, int, java.lang.Object)'> (0x000000008c4f39d0) 
thrown [s\open\src\hotspot\share\interpreter\linkResolver.cpp, line 759]
Event: 0.233 Thread 0x00000209b0de7310 Exception <a 'java/lang/ClassNotFoundException'{0x000000008c3abc38}: com/sun/swing/internal/plaf/metal/resources/spi/metalProvider> (0x000000008c3abc38) 
thrown [s\open\src\hotspot\share\classfile\systemDictionary.cpp, line 256]
Event: 0.234 Thread 0x00000209b0de7310 Exception <a 'java/lang/ClassNotFoundException'{0x000000008c3afa90}: com/sun/swing/internal/plaf/basic/resources/spi/basicProvider> (0x000000008c3afa90) 
thrown [s\open\src\hotspot\share\classfile\systemDictionary.cpp, line 256]
Event: 0.284 Thread 0x0000020a143823c0 Exception <a 'java/lang/NoSuchMethodError'{0x000000008c1661b8}: 'java.lang.Object java.lang.invoke.DirectMethodHandle$Holder.newInvokeSpecial(java.lang.Object, java.lang.Object, java.lang.Object, int, int, int, int, int)'> (0x000000008c1661b8) 
thrown [s\open\src\hotspot\share\interpreter\linkResolver.cpp, line 759]
Event: 0.337 Thread 0x0000020a142f2d60 Exception <a 'java/lang/OutOfMemoryError'{0x000000008c40f730}: unable to create native thread: possibly out of memory or process/resource limits reached> (0x000000008c40f730) 
thrown [s\open\src\hotspot\share\prims\jvm.cpp, line 2923]
Event: 0.338 Thread 0x0000020a142f2d60 Exception <a 'java/lang/NoSuchMethodError'{0x000000008c410318}: 'void java.lang.invoke.DirectMethodHandle$Holder.invokeVirtual(java.lang.Object, java.lang.Object)'> (0x000000008c410318) 
thrown [s\open\src\hotspot\share\interpreter\linkResolver.cpp, line 759]

VM Operations (6 events):
Event: 0.073 Executing VM operation: HandshakeAllThreads
Event: 0.073 Executing VM operation: HandshakeAllThreads done
Event: 0.296 Executing VM operation: HandshakeAllThreads
Event: 0.296 Executing VM operation: HandshakeAllThreads done
Event: 0.307 Executing VM operation: HandshakeAllThreads
Event: 0.307 Executing VM operation: HandshakeAllThreads done

Events (20 events):
Event: 0.342 loading class java/lang/invoke/MethodHandle$1 done
Event: 0.343 loading class sun/java2d/d3d/D3DGraphicsConfig
Event: 0.343 loading class sun/java2d/pipe/hw/AccelGraphicsConfig
Event: 0.343 loading class sun/java2d/pipe/hw/BufferedContextProvider
Event: 0.343 loading class sun/java2d/pipe/hw/BufferedContextProvider done
Event: 0.343 loading class sun/java2d/pipe/hw/AccelGraphicsConfig done
Event: 0.343 loading class sun/java2d/d3d/D3DGraphicsConfig done
Event: 0.343 loading class sun/java2d/windows/GDIWindowSurfaceData
Event: 0.343 loading class sun/java2d/windows/GDIWindowSurfaceData done
Event: 0.343 loading class sun/java2d/loops/XORComposite
Event: 0.343 loading class java/awt/Composite
Event: 0.343 loading class java/awt/Composite done
Event: 0.343 loading class sun/java2d/loops/XORComposite done
Event: 0.343 loading class sun/java2d/windows/GDIBlitLoops
Event: 0.343 loading class sun/java2d/loops/Blit
Event: 0.343 loading class sun/java2d/loops/GraphicsPrimitive
Event: 0.343 loading class sun/java2d/loops/GraphicsPrimitive done
Event: 0.343 loading class sun/java2d/loops/Blit done
Event: 0.343 loading class sun/java2d/windows/GDIBlitLoops done
Event: 0.343 loading class sun/java2d/loops/GraphicsPrimitiveMgr


Dynamic libraries:
0x00007ff617e60000 - 0x00007ff617e70000 	C:\Program Files\Java\jdk-17\bin\java.exe
0x00007ffa05130000 - 0x00007ffa05347000 	C:\Windows\SYSTEM32\ntdll.dll
0x00007ffa044b0000 - 0x00007ffa04574000 	C:\Windows\System32\KERNEL32.DLL
0x00007ffa02730000 - 0x00007ffa02ad6000 	C:\Windows\System32\KERNELBASE.dll
0x00007ffa02550000 - 0x00007ffa02661000 	C:\Windows\System32\ucrtbase.dll
0x00007ff9e7bf0000 - 0x00007ff9e7c09000 	C:\Program Files\Java\jdk-17\bin\jli.dll
0x00007ff9cff60000 - 0x00007ff9cff7b000 	C:\Program Files\Java\jdk-17\bin\VCRUNTIME140.dll
0x00007ffa04580000 - 0x00007ffa04630000 	C:\Windows\System32\ADVAPI32.dll
0x00007ffa05000000 - 0x00007ffa050a7000 	C:\Windows\System32\msvcrt.dll
0x00007ffa04f50000 - 0x00007ffa04ff6000 	C:\Windows\System32\sechost.dll
0x00007ffa03ff0000 - 0x00007ffa04107000 	C:\Windows\System32\RPCRT4.dll
0x00007ffa03c30000 - 0x00007ffa03ddd000 	C:\Windows\System32\USER32.dll
0x00007ffa02e60000 - 0x00007ffa02e86000 	C:\Windows\System32\win32u.dll
0x00007ffa03fc0000 - 0x00007ffa03fe9000 	C:\Windows\System32\GDI32.dll
0x00007ffa02cc0000 - 0x00007ffa02dd8000 	C:\Windows\System32\gdi32full.dll
0x00007ffa024b0000 - 0x00007ffa0254a000 	C:\Windows\System32\msvcp_win.dll
0x00007ff9eacb0000 - 0x00007ff9eaf43000 	C:\Windows\WinSxS\amd64_microsoft.windows.common-controls_6595b64144ccf1df_6.0.22621.2361_none_2712ced57382f843\COMCTL32.dll
0x00007ff9fabe0000 - 0x00007ff9fabea000 	C:\Windows\SYSTEM32\VERSION.dll
0x00007ffa050b0000 - 0x00007ffa050e1000 	C:\Windows\System32\IMM32.DLL
0x00007ff9ed8d0000 - 0x00007ff9ed8dc000 	C:\Program Files\Java\jdk-17\bin\vcruntime140_1.dll
0x00007ff988400000 - 0x00007ff98848e000 	C:\Program Files\Java\jdk-17\bin\msvcp140.dll
0x00007ff9773f0000 - 0x00007ff977fce000 	C:\Program Files\Java\jdk-17\bin\server\jvm.dll
0x00007ffa03fb0000 - 0x00007ffa03fb8000 	C:\Windows\System32\PSAPI.DLL
0x00007ff9fefd0000 - 0x00007ff9fefd9000 	C:\Windows\SYSTEM32\WSOCK32.dll
0x00007ffa03bb0000 - 0x00007ffa03c21000 	C:\Windows\System32\WS2_32.dll
0x00007ff9f86b0000 - 0x00007ff9f86e4000 	C:\Windows\SYSTEM32\WINMM.dll
0x00007ffa014f0000 - 0x00007ffa01508000 	C:\Windows\SYSTEM32\kernel.appcore.dll
0x00007ff9ed4c0000 - 0x00007ff9ed4ca000 	C:\Program Files\Java\jdk-17\bin\jimage.dll
0x00007ff9ffcb0000 - 0x00007ff9ffede000 	C:\Windows\SYSTEM32\DBGHELP.DLL
0x00007ffa04630000 - 0x00007ffa049ba000 	C:\Windows\System32\combase.dll
0x00007ffa03050000 - 0x00007ffa03127000 	C:\Windows\System32\OLEAUT32.dll
0x00007ff9e3970000 - 0x00007ff9e39a2000 	C:\Windows\SYSTEM32\dbgcore.DLL
0x00007ffa02de0000 - 0x00007ffa02e5a000 	C:\Windows\System32\bcryptPrimitives.dll
0x00007ff9cd860000 - 0x00007ff9cd885000 	C:\Program Files\Java\jdk-17\bin\java.dll
0x00007ff9738d0000 - 0x00007ff9739a7000 	C:\Program Files\Java\jdk-17\bin\jsvml.dll
0x00007ffa031b0000 - 0x00007ffa03a08000 	C:\Windows\System32\SHELL32.dll
0x00007ffa00410000 - 0x00007ffa00d02000 	C:\Windows\SYSTEM32\windows.storage.dll
0x00007ffa002d0000 - 0x00007ffa0040e000 	C:\Windows\SYSTEM32\wintypes.dll
0x00007ffa03eb0000 - 0x00007ffa03fa3000 	C:\Windows\System32\SHCORE.dll
0x00007ffa04ef0000 - 0x00007ffa04f4e000 	C:\Windows\System32\shlwapi.dll
0x00007ffa023e0000 - 0x00007ffa02406000 	C:\Windows\SYSTEM32\profapi.dll
0x00007ff9bdbb0000 - 0x00007ff9bdbc9000 	C:\Program Files\Java\jdk-17\bin\net.dll
0x00007ff9fa9d0000 - 0x00007ff9fab07000 	C:\Windows\SYSTEM32\WINHTTP.dll
0x00007ffa01970000 - 0x00007ffa019d9000 	C:\Windows\system32\mswsock.dll
0x00007ff9bdb90000 - 0x00007ff9bdba6000 	C:\Program Files\Java\jdk-17\bin\nio.dll
0x00007ff9bdb50000 - 0x00007ff9bdb68000 	C:\Program Files\Java\jdk-17\bin\zip.dll
0x00007ff96ee50000 - 0x00007ff96efe1000 	C:\Program Files\Java\jdk-17\bin\awt.dll
0x00007ff9ff340000 - 0x00007ff9ff3d7000 	C:\Windows\SYSTEM32\apphelp.dll
0x00007ff9ff770000 - 0x00007ff9ff79b000 	C:\Windows\system32\DWMAPI.DLL
0x00007ff9ff530000 - 0x00007ff9ff5db000 	C:\Windows\system32\uxtheme.dll
0x00007ff9e85b0000 - 0x00007ff9e86b0000 	C:\Windows\system32\opengl32.dll
0x00007ff9f20b0000 - 0x00007ff9f20dd000 	C:\Windows\SYSTEM32\GLU32.dll
0x00007ff9ff610000 - 0x00007ff9ff646000 	C:\Windows\SYSTEM32\dxcore.dll
0x00007ffa041e0000 - 0x00007ffa0432c000 	C:\Windows\System32\MSCTF.dll
0x00007ffa03a10000 - 0x00007ffa03baf000 	C:\Windows\System32\ole32.dll
0x00007ff9bea60000 - 0x00007ff9bea8e000 	C:\Program Files\Java\jdk-17\bin\javajpeg.dll

dbghelp: loaded successfully - version: 4.0.5 - missing functions: none
symbol engine: initialized successfully - sym options: 0x614 - pdb path: .;C:\Program Files\Java\jdk-17\bin;C:\Windows\SYSTEM32;C:\Windows\WinSxS\amd64_microsoft.windows.common-controls_6595b64144ccf1df_6.0.22621.2361_none_2712ced57382f843;C:\Program Files\Java\jdk-17\bin\server

VM Arguments:
jvm_args: -Dfile.encoding=UTF-8 --module-path=C:\Users\parid\OneDrive\Documents\NetBeansProjects\Travel Management System\build\classes 
java_command: travel.management.system.Payment
java_class_path (initial): C:\Users\parid\Downloads\rs2xml.jar;C:\Users\parid\Downloads\mysql-connector-java-8.0.28.jar;C:\Users\parid\OneDrive\Documents\NetBeansProjects\Travel Management System\build\classes
Launcher Type: SUN_STANDARD

[Global flags]
     intx CICompilerCount                          = 4                                         {product} {ergonomic}
     uint ConcGCThreads                            = 2                                         {product} {ergonomic}
     uint G1ConcRefinementThreads                  = 8                                         {product} {ergonomic}
   size_t G1HeapRegionSize                         = 1048576                                   {product} {ergonomic}
    uintx GCDrainStackTargetSize                   = 64                                        {product} {ergonomic}
   size_t InitialHeapSize                          = 130023424                                 {product} {ergonomic}
   size_t MarkStackSize                            = 4194304                                   {product} {ergonomic}
   size_t MaxHeapSize                              = 2067791872                                {product} {ergonomic}
   size_t MaxNewSize                               = 1240465408                                {product} {ergonomic}
   size_t MinHeapDeltaBytes                        = 1048576                                   {product} {ergonomic}
   size_t MinHeapSize                              = 8388608                                   {product} {ergonomic}
    uintx NonNMethodCodeHeapSize                   = 5839372                                {pd product} {ergonomic}
    uintx NonProfiledCodeHeapSize                  = 122909434                              {pd product} {ergonomic}
    uintx ProfiledCodeHeapSize                     = 122909434                              {pd product} {ergonomic}
    uintx ReservedCodeCacheSize                    = 251658240                              {pd product} {ergonomic}
     bool SegmentedCodeCache                       = true                                      {product} {ergonomic}
   size_t SoftMaxHeapSize                          = 2067791872                             {manageable} {ergonomic}
     bool UseCompressedClassPointers               = true                           {product lp64_product} {ergonomic}
     bool UseCompressedOops                        = true                           {product lp64_product} {ergonomic}
     bool UseG1GC                                  = true                                      {product} {ergonomic}
     bool UseLargePagesIndividualAllocation        = false                                  {pd product} {ergonomic}

Logging:
Log output configuration:
 #0: stdout all=warning uptime,level,tags
 #1: stderr all=off uptime,level,tags

Environment Variables:
JAVA_HOME=C:\Program Files\Java\jdk-17
PATH=C:\Program Files\Common Files\Oracle\Java\javapath;C:\Windows\system32;C:\Windows;C:\Windows\System32\Wbem;C:\Windows\System32\WindowsPowerShell\v1.0\;C:\Windows\System32\OpenSSH\;C:\Program Files\Java\jdk-17\bin;C:\Program Files\Common Files\Oracle\Java\javapath;C:\Program Files\MySQL\MySQL Shell 8.0\bin\;C:\Users\parid\AppData\Local\Microsoft\WindowsApps;
USERNAME=parid
OS=Windows_NT
PROCESSOR_IDENTIFIER=Intel64 Family 6 Model 140 Stepping 1, GenuineIntel



---------------  S Y S T E M  ---------------

OS:
 Windows 11 , 64 bit Build 22621 (10.0.22621.2428)
OS uptime: 16 days 6:45 hours

CPU: total 8 (initial active 8) (4 cores per cpu, 2 threads per core) family 6 model 140 stepping 1 microcode 0xa6, cx8, cmov, fxsr, ht, mmx, 3dnowpref, sse, sse2, sse3, ssse3, sse4.1, sse4.2, popcnt, lzcnt, tsc, tscinvbit, avx, avx2, aes, erms, clmul, bmi1, bmi2, adx, avx512f, avx512dq, avx512cd, avx512bw, avx512vl, sha, fma, vzeroupper, avx512_vpopcntdq, avx512_vpclmulqdq, avx512_vaes, avx512_vnni, clflush, clflushopt, clwb, avx512_vbmi2, avx512_vbmi

Memory: 4k page, system-wide physical 7886M (745M free)
TotalPageFile size 32462M (AvailPageFile size 5M)
current process WorkingSet (physical memory assigned to process): 59M, peak: 59M
current process commit charge ("private bytes"): 215M, peak: 215M

vm_info: Java HotSpot(TM) 64-Bit Server VM (17.0.8+9-LTS-211) for windows-amd64 JRE (17.0.8+9-LTS-211), built on Jun 14 2023 10:34:31 by "mach5one" with MS VC++ 17.1 (VS2022)

END.
